-- Install configuration: ""
-- Up-to-date: /home/albert/ag_car_ws/install/car_description/share/car_description//launch
-- Up-to-date: /home/albert/ag_car_ws/install/car_description/share/car_description//launch/car_display.launch.py
-- Up-to-date: /home/albert/ag_car_ws/install/car_description/share/car_description//launch/car_gazebo.launch.py
-- Up-to-date: /home/albert/ag_car_ws/install/car_description/share/car_description//launch/car_slam.launch.py
-- Up-to-date: /home/albert/ag_car_ws/install/car_description/share/car_description//meshes
-- Up-to-date: /home/albert/ag_car_ws/install/car_description/share/car_description//meshes/right_finger.STL
-- Up-to-date: /home/albert/ag_car_ws/install/car_description/share/car_description//meshes/triangular_link.STL
-- Up-to-date: /home/albert/ag_car_ws/install/car_description/share/car_description//meshes/round_plate.STL
-- Up-to-date: /home/albert/ag_car_ws/install/car_description/share/car_description//meshes/left_finger.STL
-- Up-to-date: /home/albert/ag_car_ws/install/car_description/share/car_description//meshes/vertical_drive_arm.STL
-- Up-to-date: /home/albert/ag_car_ws/install/car_description/share/car_description//meshes/astra.jpg
-- Up-to-date: /home/albert/ag_car_ws/install/car_description/share/car_description//meshes/claw_support.STL
-- Up-to-date: /home/albert/ag_car_ws/install/car_description/share/car_description//meshes/link.STL
-- Up-to-date: /home/albert/ag_car_ws/install/car_description/share/car_description//meshes/r200.jpg
-- Up-to-date: /home/albert/ag_car_ws/install/car_description/share/car_description//meshes/horizontal_arm.STL
-- Up-to-date: /home/albert/ag_car_ws/install/car_description/share/car_description//meshes/r200.dae
-- Up-to-date: /home/albert/ag_car_ws/install/car_description/share/car_description//meshes/astra.dae
-- Up-to-date: /home/albert/ag_car_ws/install/car_description/share/car_description//meshes/basement.STL
-- Up-to-date: /home/albert/ag_car_ws/install/car_description/share/car_description//meshes/forward_drive_arm.STL
-- Up-to-date: /home/albert/ag_car_ws/install/car_description/share/car_description//meshes/right_tire.stl
-- Up-to-date: /home/albert/ag_car_ws/install/car_description/share/car_description//meshes/lidar.stl
-- Up-to-date: /home/albert/ag_car_ws/install/car_description/share/car_description//meshes/servo_plate.STL
-- Up-to-date: /home/albert/ag_car_ws/install/car_description/share/car_description//meshes/plate.STL
-- Up-to-date: /home/albert/ag_car_ws/install/car_description/share/car_description//meshes/base_plate.STL
-- Up-to-date: /home/albert/ag_car_ws/install/car_description/share/car_description//meshes/left_tire copy.stl
-- Up-to-date: /home/albert/ag_car_ws/install/car_description/share/car_description//meshes/left_tire.stl
-- Up-to-date: /home/albert/ag_car_ws/install/car_description/share/car_description//meshes/right_tire copy.stl
-- Up-to-date: /home/albert/ag_car_ws/install/car_description/share/car_description//meshes/pi_camera.STL
-- Up-to-date: /home/albert/ag_car_ws/install/car_description/share/car_description//models
-- Up-to-date: /home/albert/ag_car_ws/install/car_description/share/car_description//models/ground_plane
-- Up-to-date: /home/albert/ag_car_ws/install/car_description/share/car_description//models/ground_plane/model-1_2.sdf
-- Up-to-date: /home/albert/ag_car_ws/install/car_description/share/car_description//models/ground_plane/model-1_3.sdf
-- Up-to-date: /home/albert/ag_car_ws/install/car_description/share/car_description//models/ground_plane/model.config
-- Up-to-date: /home/albert/ag_car_ws/install/car_description/share/car_description//models/ground_plane/model.sdf
-- Up-to-date: /home/albert/ag_car_ws/install/car_description/share/car_description//models/ground_plane/model-1_4.sdf
-- Up-to-date: /home/albert/ag_car_ws/install/car_description/share/car_description//models/basic_car_description
-- Up-to-date: /home/albert/ag_car_ws/install/car_description/share/car_description//models/basic_car_description/car.sdf
-- Up-to-date: /home/albert/ag_car_ws/install/car_description/share/car_description//models/sun
-- Up-to-date: /home/albert/ag_car_ws/install/car_description/share/car_description//models/sun/model-1_2.sdf
-- Up-to-date: /home/albert/ag_car_ws/install/car_description/share/car_description//models/sun/model-1_3.sdf
-- Up-to-date: /home/albert/ag_car_ws/install/car_description/share/car_description//models/sun/model.config
-- Up-to-date: /home/albert/ag_car_ws/install/car_description/share/car_description//models/sun/model.sdf
-- Up-to-date: /home/albert/ag_car_ws/install/car_description/share/car_description//models/sun/model-1_4.sdf
-- Up-to-date: /home/albert/ag_car_ws/install/car_description/share/car_description//rviz
-- Up-to-date: /home/albert/ag_car_ws/install/car_description/share/car_description//rviz/car_config.rviz
-- Up-to-date: /home/albert/ag_car_ws/install/car_description/share/car_description//urdf
-- Up-to-date: /home/albert/ag_car_ws/install/car_description/share/car_description//urdf/car_common_properties.xacro
-- Up-to-date: /home/albert/ag_car_ws/install/car_description/share/car_description//urdf/car.urdf
-- Up-to-date: /home/albert/ag_car_ws/install/car_description/share/car_description//urdf/car_gazebo.xacro
-- Up-to-date: /home/albert/ag_car_ws/install/car_description/share/car_description//urdf/car_ros2_control.xacro
-- Up-to-date: /home/albert/ag_car_ws/install/car_description/share/car_description//urdf/car.xacro
-- Up-to-date: /home/albert/ag_car_ws/install/car_description/share/car_description//worlds
-- Up-to-date: /home/albert/ag_car_ws/install/car_description/share/car_description//worlds/everything.world
-- Up-to-date: /home/albert/ag_car_ws/install/car_description/share/car_description//worlds/test_world.world
-- Up-to-date: /home/albert/ag_car_ws/install/car_description/share/car_description//worlds/smalltown.world
-- Up-to-date: /home/albert/ag_car_ws/install/car_description/share/car_description//worlds/turtlebot3_world.world
-- Up-to-date: /home/albert/ag_car_ws/install/car_description/share/car_description//worlds/empty_sky.world
-- Up-to-date: /home/albert/ag_car_ws/install/car_description/share/car_description//worlds/new_world.world
-- Up-to-date: /home/albert/ag_car_ws/install/car_description/share/car_description//worlds/house.world
-- Up-to-date: /home/albert/ag_car_ws/install/car_description/share/car_description//worlds/new_world-old.world
-- Up-to-date: /home/albert/ag_car_ws/install/car_description/share/car_description//worlds/empty_world.world
-- Up-to-date: /home/albert/ag_car_ws/install/car_description/share/ament_index/resource_index/package_run_dependencies/car_description
-- Up-to-date: /home/albert/ag_car_ws/install/car_description/share/ament_index/resource_index/parent_prefix_path/car_description
-- Up-to-date: /home/albert/ag_car_ws/install/car_description/share/car_description/environment/ament_prefix_path.sh
-- Up-to-date: /home/albert/ag_car_ws/install/car_description/share/car_description/environment/ament_prefix_path.dsv
-- Up-to-date: /home/albert/ag_car_ws/install/car_description/share/car_description/environment/path.sh
-- Up-to-date: /home/albert/ag_car_ws/install/car_description/share/car_description/environment/path.dsv
-- Up-to-date: /home/albert/ag_car_ws/install/car_description/share/car_description/local_setup.bash
-- Up-to-date: /home/albert/ag_car_ws/install/car_description/share/car_description/local_setup.sh
-- Up-to-date: /home/albert/ag_car_ws/install/car_description/share/car_description/local_setup.zsh
-- Up-to-date: /home/albert/ag_car_ws/install/car_description/share/car_description/local_setup.dsv
-- Installing: /home/albert/ag_car_ws/install/car_description/share/car_description/package.dsv
-- Up-to-date: /home/albert/ag_car_ws/install/car_description/share/ament_index/resource_index/packages/car_description
-- Up-to-date: /home/albert/ag_car_ws/install/car_description/share/car_description/cmake/car_descriptionConfig.cmake
-- Up-to-date: /home/albert/ag_car_ws/install/car_description/share/car_description/cmake/car_descriptionConfig-version.cmake
-- Up-to-date: /home/albert/ag_car_ws/install/car_description/share/car_description/package.xml
