[0.026s] Invoking command in '/home/albert/ag_car_ws/build/car_description': CMAKE_PREFIX_PATH=${CMAKE_PREFIX_PATH}:/home/albert/rad_ws/install/agbot_teleop:/home/albert/rad_ws/install/agbot_py:/home/albert/ws_moveit2/install/moveit_configs_utils:/home/albert/ws_moveit2/install/launch_param_builder:/home/albert/umov_ws/install/arduino_py_examples:/home/albert/udem2_ws/install/actions_py:/home/albert/udem2_ws/install/lifecycle_py:/home/albert/udem2_ws/install/executors_py:/home/albert/udem2_ws/install/components_py:/home/albert/udem_ws/install/turtlesim_catcher:/home/albert/udem_ws/install/my_py_pkg:/home/albert/udem_ws/install/lifecycle_py:/home/albert/bcdc_ws/install/agbot_teleop:/home/albert/bcdc_ws/install/agbot_py:/home/albert/arduinobot_ws/install/arduinobot_py_examples:/opt/ros/humble /home/albert/.local/bin/cmake --build /home/albert/ag_car_ws/build/car_description -- -j8 -l8
[0.049s] Invoked command in '/home/albert/ag_car_ws/build/car_description' returned '0': CMAKE_PREFIX_PATH=${CMAKE_PREFIX_PATH}:/home/albert/rad_ws/install/agbot_teleop:/home/albert/rad_ws/install/agbot_py:/home/albert/ws_moveit2/install/moveit_configs_utils:/home/albert/ws_moveit2/install/launch_param_builder:/home/albert/umov_ws/install/arduino_py_examples:/home/albert/udem2_ws/install/actions_py:/home/albert/udem2_ws/install/lifecycle_py:/home/albert/udem2_ws/install/executors_py:/home/albert/udem2_ws/install/components_py:/home/albert/udem_ws/install/turtlesim_catcher:/home/albert/udem_ws/install/my_py_pkg:/home/albert/udem_ws/install/lifecycle_py:/home/albert/bcdc_ws/install/agbot_teleop:/home/albert/bcdc_ws/install/agbot_py:/home/albert/arduinobot_ws/install/arduinobot_py_examples:/opt/ros/humble /home/albert/.local/bin/cmake --build /home/albert/ag_car_ws/build/car_description -- -j8 -l8
[0.095s] Invoking command in '/home/albert/ag_car_ws/build/car_description': CMAKE_PREFIX_PATH=${CMAKE_PREFIX_PATH}:/home/albert/rad_ws/install/agbot_teleop:/home/albert/rad_ws/install/agbot_py:/home/albert/ws_moveit2/install/moveit_configs_utils:/home/albert/ws_moveit2/install/launch_param_builder:/home/albert/umov_ws/install/arduino_py_examples:/home/albert/udem2_ws/install/actions_py:/home/albert/udem2_ws/install/lifecycle_py:/home/albert/udem2_ws/install/executors_py:/home/albert/udem2_ws/install/components_py:/home/albert/udem_ws/install/turtlesim_catcher:/home/albert/udem_ws/install/my_py_pkg:/home/albert/udem_ws/install/lifecycle_py:/home/albert/bcdc_ws/install/agbot_teleop:/home/albert/bcdc_ws/install/agbot_py:/home/albert/arduinobot_ws/install/arduinobot_py_examples:/opt/ros/humble /home/albert/.local/bin/cmake --install /home/albert/ag_car_ws/build/car_description
[0.100s] -- Install configuration: ""
[0.101s] -- Up-to-date: /home/albert/ag_car_ws/install/car_description/share/car_description//launch
[0.101s] -- Up-to-date: /home/albert/ag_car_ws/install/car_description/share/car_description//launch/car_display.launch.py
[0.101s] -- Up-to-date: /home/albert/ag_car_ws/install/car_description/share/car_description//launch/car_gazebo.launch.py
[0.102s] -- Up-to-date: /home/albert/ag_car_ws/install/car_description/share/car_description//launch/car_slam.launch.py
[0.102s] -- Up-to-date: /home/albert/ag_car_ws/install/car_description/share/car_description//meshes
[0.102s] -- Up-to-date: /home/albert/ag_car_ws/install/car_description/share/car_description//meshes/right_finger.STL
[0.102s] -- Up-to-date: /home/albert/ag_car_ws/install/car_description/share/car_description//meshes/triangular_link.STL
[0.103s] -- Up-to-date: /home/albert/ag_car_ws/install/car_description/share/car_description//meshes/round_plate.STL
[0.103s] -- Up-to-date: /home/albert/ag_car_ws/install/car_description/share/car_description//meshes/left_finger.STL
[0.103s] -- Up-to-date: /home/albert/ag_car_ws/install/car_description/share/car_description//meshes/vertical_drive_arm.STL
[0.103s] -- Up-to-date: /home/albert/ag_car_ws/install/car_description/share/car_description//meshes/astra.jpg
[0.103s] -- Up-to-date: /home/albert/ag_car_ws/install/car_description/share/car_description//meshes/claw_support.STL
[0.103s] -- Up-to-date: /home/albert/ag_car_ws/install/car_description/share/car_description//meshes/link.STL
[0.104s] -- Up-to-date: /home/albert/ag_car_ws/install/car_description/share/car_description//meshes/r200.jpg
[0.104s] -- Up-to-date: /home/albert/ag_car_ws/install/car_description/share/car_description//meshes/horizontal_arm.STL
[0.104s] -- Up-to-date: /home/albert/ag_car_ws/install/car_description/share/car_description//meshes/r200.dae
[0.104s] -- Up-to-date: /home/albert/ag_car_ws/install/car_description/share/car_description//meshes/astra.dae
[0.104s] -- Up-to-date: /home/albert/ag_car_ws/install/car_description/share/car_description//meshes/basement.STL
[0.105s] -- Up-to-date: /home/albert/ag_car_ws/install/car_description/share/car_description//meshes/forward_drive_arm.STL
[0.105s] -- Up-to-date: /home/albert/ag_car_ws/install/car_description/share/car_description//meshes/right_tire.stl
[0.105s] -- Up-to-date: /home/albert/ag_car_ws/install/car_description/share/car_description//meshes/lidar.stl
[0.105s] -- Up-to-date: /home/albert/ag_car_ws/install/car_description/share/car_description//meshes/servo_plate.STL
[0.105s] -- Up-to-date: /home/albert/ag_car_ws/install/car_description/share/car_description//meshes/plate.STL
[0.105s] -- Up-to-date: /home/albert/ag_car_ws/install/car_description/share/car_description//meshes/base_plate.STL
[0.106s] -- Up-to-date: /home/albert/ag_car_ws/install/car_description/share/car_description//meshes/left_tire copy.stl
[0.106s] -- Up-to-date: /home/albert/ag_car_ws/install/car_description/share/car_description//meshes/left_tire.stl
[0.106s] -- Up-to-date: /home/albert/ag_car_ws/install/car_description/share/car_description//meshes/right_tire copy.stl
[0.106s] -- Up-to-date: /home/albert/ag_car_ws/install/car_description/share/car_description//meshes/pi_camera.STL
[0.106s] -- Up-to-date: /home/albert/ag_car_ws/install/car_description/share/car_description//models
[0.106s] -- Up-to-date: /home/albert/ag_car_ws/install/car_description/share/car_description//models/ground_plane
[0.106s] -- Up-to-date: /home/albert/ag_car_ws/install/car_description/share/car_description//models/ground_plane/model-1_2.sdf
[0.106s] -- Up-to-date: /home/albert/ag_car_ws/install/car_description/share/car_description//models/ground_plane/model-1_3.sdf
[0.106s] -- Up-to-date: /home/albert/ag_car_ws/install/car_description/share/car_description//models/ground_plane/model.config
[0.106s] -- Up-to-date: /home/albert/ag_car_ws/install/car_description/share/car_description//models/ground_plane/model.sdf
[0.106s] -- Up-to-date: /home/albert/ag_car_ws/install/car_description/share/car_description//models/ground_plane/model-1_4.sdf
[0.107s] -- Up-to-date: /home/albert/ag_car_ws/install/car_description/share/car_description//models/basic_car_description
[0.107s] -- Up-to-date: /home/albert/ag_car_ws/install/car_description/share/car_description//models/basic_car_description/car.sdf
[0.107s] -- Up-to-date: /home/albert/ag_car_ws/install/car_description/share/car_description//models/sun
[0.107s] -- Up-to-date: /home/albert/ag_car_ws/install/car_description/share/car_description//models/sun/model-1_2.sdf
[0.107s] -- Up-to-date: /home/albert/ag_car_ws/install/car_description/share/car_description//models/sun/model-1_3.sdf
[0.107s] -- Up-to-date: /home/albert/ag_car_ws/install/car_description/share/car_description//models/sun/model.config
[0.107s] -- Up-to-date: /home/albert/ag_car_ws/install/car_description/share/car_description//models/sun/model.sdf
[0.107s] -- Up-to-date: /home/albert/ag_car_ws/install/car_description/share/car_description//models/sun/model-1_4.sdf
[0.107s] -- Up-to-date: /home/albert/ag_car_ws/install/car_description/share/car_description//rviz
[0.107s] -- Up-to-date: /home/albert/ag_car_ws/install/car_description/share/car_description//rviz/car_config.rviz
[0.107s] -- Up-to-date: /home/albert/ag_car_ws/install/car_description/share/car_description//urdf
[0.107s] -- Up-to-date: /home/albert/ag_car_ws/install/car_description/share/car_description//urdf/car_common_properties.xacro
[0.108s] -- Up-to-date: /home/albert/ag_car_ws/install/car_description/share/car_description//urdf/car.urdf
[0.108s] -- Up-to-date: /home/albert/ag_car_ws/install/car_description/share/car_description//urdf/car_gazebo.xacro
[0.108s] -- Up-to-date: /home/albert/ag_car_ws/install/car_description/share/car_description//urdf/car_ros2_control.xacro
[0.108s] -- Up-to-date: /home/albert/ag_car_ws/install/car_description/share/car_description//urdf/car.xacro
[0.108s] -- Up-to-date: /home/albert/ag_car_ws/install/car_description/share/car_description//worlds
[0.108s] -- Up-to-date: /home/albert/ag_car_ws/install/car_description/share/car_description//worlds/everything.world
[0.108s] -- Up-to-date: /home/albert/ag_car_ws/install/car_description/share/car_description//worlds/test_world.world
[0.108s] -- Up-to-date: /home/albert/ag_car_ws/install/car_description/share/car_description//worlds/smalltown.world
[0.109s] -- Up-to-date: /home/albert/ag_car_ws/install/car_description/share/car_description//worlds/turtlebot3_world.world
[0.109s] -- Up-to-date: /home/albert/ag_car_ws/install/car_description/share/car_description//worlds/empty_sky.world
[0.109s] -- Up-to-date: /home/albert/ag_car_ws/install/car_description/share/car_description//worlds/new_world.world
[0.109s] -- Up-to-date: /home/albert/ag_car_ws/install/car_description/share/car_description//worlds/house.world
[0.109s] -- Up-to-date: /home/albert/ag_car_ws/install/car_description/share/car_description//worlds/new_world-old.world
[0.109s] -- Up-to-date: /home/albert/ag_car_ws/install/car_description/share/car_description//worlds/empty_world.world
[0.109s] -- Up-to-date: /home/albert/ag_car_ws/install/car_description/share/ament_index/resource_index/package_run_dependencies/car_description
[0.109s] -- Up-to-date: /home/albert/ag_car_ws/install/car_description/share/ament_index/resource_index/parent_prefix_path/car_description
[0.109s] -- Up-to-date: /home/albert/ag_car_ws/install/car_description/share/car_description/environment/ament_prefix_path.sh
[0.110s] -- Up-to-date: /home/albert/ag_car_ws/install/car_description/share/car_description/environment/ament_prefix_path.dsv
[0.110s] -- Up-to-date: /home/albert/ag_car_ws/install/car_description/share/car_description/environment/path.sh
[0.110s] -- Up-to-date: /home/albert/ag_car_ws/install/car_description/share/car_description/environment/path.dsv
[0.110s] -- Up-to-date: /home/albert/ag_car_ws/install/car_description/share/car_description/local_setup.bash
[0.110s] -- Up-to-date: /home/albert/ag_car_ws/install/car_description/share/car_description/local_setup.sh
[0.110s] -- Up-to-date: /home/albert/ag_car_ws/install/car_description/share/car_description/local_setup.zsh
[0.110s] -- Up-to-date: /home/albert/ag_car_ws/install/car_description/share/car_description/local_setup.dsv
[0.110s] -- Installing: /home/albert/ag_car_ws/install/car_description/share/car_description/package.dsv
[0.110s] -- Up-to-date: /home/albert/ag_car_ws/install/car_description/share/ament_index/resource_index/packages/car_description
[0.110s] -- Up-to-date: /home/albert/ag_car_ws/install/car_description/share/car_description/cmake/car_descriptionConfig.cmake
[0.110s] -- Up-to-date: /home/albert/ag_car_ws/install/car_description/share/car_description/cmake/car_descriptionConfig-version.cmake
[0.111s] -- Up-to-date: /home/albert/ag_car_ws/install/car_description/share/car_description/package.xml
[0.120s] Invoked command in '/home/albert/ag_car_ws/build/car_description' returned '0': CMAKE_PREFIX_PATH=${CMAKE_PREFIX_PATH}:/home/albert/rad_ws/install/agbot_teleop:/home/albert/rad_ws/install/agbot_py:/home/albert/ws_moveit2/install/moveit_configs_utils:/home/albert/ws_moveit2/install/launch_param_builder:/home/albert/umov_ws/install/arduino_py_examples:/home/albert/udem2_ws/install/actions_py:/home/albert/udem2_ws/install/lifecycle_py:/home/albert/udem2_ws/install/executors_py:/home/albert/udem2_ws/install/components_py:/home/albert/udem_ws/install/turtlesim_catcher:/home/albert/udem_ws/install/my_py_pkg:/home/albert/udem_ws/install/lifecycle_py:/home/albert/bcdc_ws/install/agbot_teleop:/home/albert/bcdc_ws/install/agbot_py:/home/albert/arduinobot_ws/install/arduinobot_py_examples:/opt/ros/humble /home/albert/.local/bin/cmake --install /home/albert/ag_car_ws/build/car_description
