[0.063s] Invoking command in '/home/albert/ag_car_ws/build/car_controller': CMAKE_PREFIX_PATH=${CMAKE_PREFIX_PATH}:/home/albert/rad_ws/install/agbot_teleop:/home/albert/rad_ws/install/agbot_py:/home/albert/ws_moveit2/install/moveit_configs_utils:/home/albert/ws_moveit2/install/launch_param_builder:/home/albert/umov_ws/install/arduino_py_examples:/home/albert/udem2_ws/install/actions_py:/home/albert/udem2_ws/install/lifecycle_py:/home/albert/udem2_ws/install/executors_py:/home/albert/udem2_ws/install/components_py:/home/albert/udem_ws/install/turtlesim_catcher:/home/albert/udem_ws/install/my_py_pkg:/home/albert/udem_ws/install/lifecycle_py:/home/albert/bcdc_ws/install/agbot_teleop:/home/albert/bcdc_ws/install/agbot_py:/home/albert/arduinobot_ws/install/arduinobot_py_examples:/opt/ros/humble /home/albert/.local/bin/cmake --build /home/albert/ag_car_ws/build/car_controller -- -j8 -l8
[0.093s] -- Found ament_cmake: 1.3.10 (/opt/ros/humble/share/ament_cmake/cmake)
[0.512s] -- Found trajectory_msgs: 4.2.4 (/opt/ros/humble/share/trajectory_msgs/cmake)
[0.559s] -- Found rosidl_generator_c: 3.1.5 (/opt/ros/humble/share/rosidl_generator_c/cmake)
[0.562s] -- Found rosidl_adapter: 3.1.5 (/opt/ros/humble/share/rosidl_adapter/cmake)
[0.570s] -- Found rosidl_generator_cpp: 3.1.5 (/opt/ros/humble/share/rosidl_generator_cpp/cmake)
[0.594s] -- Using all available rosidl_typesupport_c: rosidl_typesupport_fastrtps_c;rosidl_typesupport_introspection_c
[0.622s] -- Using all available rosidl_typesupport_cpp: rosidl_typesupport_fastrtps_cpp;rosidl_typesupport_introspection_cpp
[0.722s] -- Found sensor_msgs: 4.2.4 (/opt/ros/humble/share/sensor_msgs/cmake)
[0.756s] -- Found rclcpp: 16.0.10 (/opt/ros/humble/share/rclcpp/cmake)
[0.799s] -- Found rmw_implementation_cmake: 6.1.2 (/opt/ros/humble/share/rmw_implementation_cmake/cmake)
[0.809s] -- Found rmw_cyclonedds_cpp: 1.3.4 (/opt/ros/humble/share/rmw_cyclonedds_cpp/cmake)
[0.844s] -- Using RMW implementation 'rmw_cyclonedds_cpp' as default
[0.900s] -- Found rclpy: 3.3.14 (/opt/ros/humble/share/rclpy/cmake)
[0.900s] -- Found ament_lint_auto: 0.12.11 (/opt/ros/humble/share/ament_lint_auto/cmake)
[0.995s] -- Added test 'flake8' to check Python code syntax and style conventions
[0.996s] -- Added test 'lint_cmake' to check CMake code style
[0.996s] -- Added test 'pep257' to check Python code against some of the docstring style conventions in PEP 257
[0.997s] -- Added test 'xmllint' to check XML markup files
[0.998s] -- Configuring done (0.9s)
[1.003s] -- Generating done (0.0s)
[1.005s] -- Build files have been written to: /home/albert/ag_car_ws/build/car_controller
[1.023s] Invoked command in '/home/albert/ag_car_ws/build/car_controller' returned '0': CMAKE_PREFIX_PATH=${CMAKE_PREFIX_PATH}:/home/albert/rad_ws/install/agbot_teleop:/home/albert/rad_ws/install/agbot_py:/home/albert/ws_moveit2/install/moveit_configs_utils:/home/albert/ws_moveit2/install/launch_param_builder:/home/albert/umov_ws/install/arduino_py_examples:/home/albert/udem2_ws/install/actions_py:/home/albert/udem2_ws/install/lifecycle_py:/home/albert/udem2_ws/install/executors_py:/home/albert/udem2_ws/install/components_py:/home/albert/udem_ws/install/turtlesim_catcher:/home/albert/udem_ws/install/my_py_pkg:/home/albert/udem_ws/install/lifecycle_py:/home/albert/bcdc_ws/install/agbot_teleop:/home/albert/bcdc_ws/install/agbot_py:/home/albert/arduinobot_ws/install/arduinobot_py_examples:/opt/ros/humble /home/albert/.local/bin/cmake --build /home/albert/ag_car_ws/build/car_controller -- -j8 -l8
[1.071s] Invoking command in '/home/albert/ag_car_ws/build/car_controller': CMAKE_PREFIX_PATH=${CMAKE_PREFIX_PATH}:/home/albert/rad_ws/install/agbot_teleop:/home/albert/rad_ws/install/agbot_py:/home/albert/ws_moveit2/install/moveit_configs_utils:/home/albert/ws_moveit2/install/launch_param_builder:/home/albert/umov_ws/install/arduino_py_examples:/home/albert/udem2_ws/install/actions_py:/home/albert/udem2_ws/install/lifecycle_py:/home/albert/udem2_ws/install/executors_py:/home/albert/udem2_ws/install/components_py:/home/albert/udem_ws/install/turtlesim_catcher:/home/albert/udem_ws/install/my_py_pkg:/home/albert/udem_ws/install/lifecycle_py:/home/albert/bcdc_ws/install/agbot_teleop:/home/albert/bcdc_ws/install/agbot_py:/home/albert/arduinobot_ws/install/arduinobot_py_examples:/opt/ros/humble /home/albert/.local/bin/cmake --install /home/albert/ag_car_ws/build/car_controller
[1.076s] -- Install configuration: ""
[1.076s] -- Up-to-date: /home/albert/ag_car_ws/install/car_controller/share/car_controller/config
[1.076s] -- Up-to-date: /home/albert/ag_car_ws/install/car_controller/share/car_controller/config/car_controllers.yaml
[1.076s] -- Up-to-date: /home/albert/ag_car_ws/install/car_controller/share/car_controller/config/ps3_controller_config.yaml
[1.076s] -- Up-to-date: /home/albert/ag_car_ws/install/car_controller/share/car_controller/config/joystick_control_node.py
[1.077s] -- Up-to-date: /home/albert/ag_car_ws/install/car_controller/share/car_controller/launch
[1.077s] -- Up-to-date: /home/albert/ag_car_ws/install/car_controller/share/car_controller/launch/controller.launch.py
[1.077s] -- Installing: /home/albert/ag_car_ws/install/car_controller/lib/car_controller/joystick_control_node.py
[1.077s] -- Installing: /home/albert/ag_car_ws/install/car_controller/share/ament_index/resource_index/package_run_dependencies/car_controller
[1.077s] -- Up-to-date: /home/albert/ag_car_ws/install/car_controller/share/ament_index/resource_index/parent_prefix_path/car_controller
[1.077s] -- Up-to-date: /home/albert/ag_car_ws/install/car_controller/share/car_controller/environment/ament_prefix_path.sh
[1.078s] -- Installing: /home/albert/ag_car_ws/install/car_controller/share/car_controller/environment/ament_prefix_path.dsv
[1.078s] -- Up-to-date: /home/albert/ag_car_ws/install/car_controller/share/car_controller/environment/path.sh
[1.078s] -- Installing: /home/albert/ag_car_ws/install/car_controller/share/car_controller/environment/path.dsv
[1.078s] -- Up-to-date: /home/albert/ag_car_ws/install/car_controller/share/car_controller/local_setup.bash
[1.078s] -- Up-to-date: /home/albert/ag_car_ws/install/car_controller/share/car_controller/local_setup.sh
[1.078s] -- Up-to-date: /home/albert/ag_car_ws/install/car_controller/share/car_controller/local_setup.zsh
[1.078s] -- Installing: /home/albert/ag_car_ws/install/car_controller/share/car_controller/local_setup.dsv
[1.078s] -- Installing: /home/albert/ag_car_ws/install/car_controller/share/car_controller/package.dsv
[1.079s] -- Up-to-date: /home/albert/ag_car_ws/install/car_controller/share/ament_index/resource_index/packages/car_controller
[1.079s] -- Up-to-date: /home/albert/ag_car_ws/install/car_controller/share/car_controller/cmake/car_controllerConfig.cmake
[1.079s] -- Up-to-date: /home/albert/ag_car_ws/install/car_controller/share/car_controller/cmake/car_controllerConfig-version.cmake
[1.079s] -- Installing: /home/albert/ag_car_ws/install/car_controller/share/car_controller/package.xml
[1.080s] Invoked command in '/home/albert/ag_car_ws/build/car_controller' returned '0': CMAKE_PREFIX_PATH=${CMAKE_PREFIX_PATH}:/home/albert/rad_ws/install/agbot_teleop:/home/albert/rad_ws/install/agbot_py:/home/albert/ws_moveit2/install/moveit_configs_utils:/home/albert/ws_moveit2/install/launch_param_builder:/home/albert/umov_ws/install/arduino_py_examples:/home/albert/udem2_ws/install/actions_py:/home/albert/udem2_ws/install/lifecycle_py:/home/albert/udem2_ws/install/executors_py:/home/albert/udem2_ws/install/components_py:/home/albert/udem_ws/install/turtlesim_catcher:/home/albert/udem_ws/install/my_py_pkg:/home/albert/udem_ws/install/lifecycle_py:/home/albert/bcdc_ws/install/agbot_teleop:/home/albert/bcdc_ws/install/agbot_py:/home/albert/arduinobot_ws/install/arduinobot_py_examples:/opt/ros/humble /home/albert/.local/bin/cmake --install /home/albert/ag_car_ws/build/car_controller
