[0.201s] Invoking command in '/home/albert/ag_car_ws/build/car_cartographer': CMAKE_PREFIX_PATH=${CMAKE_PREFIX_PATH}:/home/albert/rad_ws/install/agbot_teleop:/home/albert/rad_ws/install/agbot_py:/home/albert/ws_moveit2/install/moveit_configs_utils:/home/albert/ws_moveit2/install/launch_param_builder:/home/albert/umov_ws/install/arduino_py_examples:/home/albert/udem2_ws/install/actions_py:/home/albert/udem2_ws/install/lifecycle_py:/home/albert/udem2_ws/install/executors_py:/home/albert/udem2_ws/install/components_py:/home/albert/udem_ws/install/turtlesim_catcher:/home/albert/udem_ws/install/my_py_pkg:/home/albert/udem_ws/install/lifecycle_py:/home/albert/bcdc_ws/install/agbot_teleop:/home/albert/bcdc_ws/install/agbot_py:/home/albert/arduinobot_ws/install/arduinobot_py_examples:/opt/ros/humble /home/albert/.local/bin/cmake --build /home/albert/ag_car_ws/build/car_cartographer -- -j8 -l8
[0.274s] Invoked command in '/home/albert/ag_car_ws/build/car_cartographer' returned '0': CMAKE_PREFIX_PATH=${CMAKE_PREFIX_PATH}:/home/albert/rad_ws/install/agbot_teleop:/home/albert/rad_ws/install/agbot_py:/home/albert/ws_moveit2/install/moveit_configs_utils:/home/albert/ws_moveit2/install/launch_param_builder:/home/albert/umov_ws/install/arduino_py_examples:/home/albert/udem2_ws/install/actions_py:/home/albert/udem2_ws/install/lifecycle_py:/home/albert/udem2_ws/install/executors_py:/home/albert/udem2_ws/install/components_py:/home/albert/udem_ws/install/turtlesim_catcher:/home/albert/udem_ws/install/my_py_pkg:/home/albert/udem_ws/install/lifecycle_py:/home/albert/bcdc_ws/install/agbot_teleop:/home/albert/bcdc_ws/install/agbot_py:/home/albert/arduinobot_ws/install/arduinobot_py_examples:/opt/ros/humble /home/albert/.local/bin/cmake --build /home/albert/ag_car_ws/build/car_cartographer -- -j8 -l8
[0.397s] Invoking command in '/home/albert/ag_car_ws/build/car_cartographer': CMAKE_PREFIX_PATH=${CMAKE_PREFIX_PATH}:/home/albert/rad_ws/install/agbot_teleop:/home/albert/rad_ws/install/agbot_py:/home/albert/ws_moveit2/install/moveit_configs_utils:/home/albert/ws_moveit2/install/launch_param_builder:/home/albert/umov_ws/install/arduino_py_examples:/home/albert/udem2_ws/install/actions_py:/home/albert/udem2_ws/install/lifecycle_py:/home/albert/udem2_ws/install/executors_py:/home/albert/udem2_ws/install/components_py:/home/albert/udem_ws/install/turtlesim_catcher:/home/albert/udem_ws/install/my_py_pkg:/home/albert/udem_ws/install/lifecycle_py:/home/albert/bcdc_ws/install/agbot_teleop:/home/albert/bcdc_ws/install/agbot_py:/home/albert/arduinobot_ws/install/arduinobot_py_examples:/opt/ros/humble /home/albert/.local/bin/cmake --install /home/albert/ag_car_ws/build/car_cartographer
[0.414s] -- Install configuration: ""
[0.415s] -- Up-to-date: /home/albert/ag_car_ws/install/car_cartographer/share/car_cartographer/config
[0.416s] -- Up-to-date: /home/albert/ag_car_ws/install/car_cartographer/share/car_cartographer/config/car_lds_2d.lua
[0.417s] -- Up-to-date: /home/albert/ag_car_ws/install/car_cartographer/share/car_cartographer/launch
[0.418s] -- Up-to-date: /home/albert/ag_car_ws/install/car_cartographer/share/car_cartographer/launch/cartographer.launch.py
[0.418s] -- Up-to-date: /home/albert/ag_car_ws/install/car_cartographer/share/car_cartographer/rviz
[0.419s] -- Up-to-date: /home/albert/ag_car_ws/install/car_cartographer/share/car_cartographer/rviz/car_cartographer.rviz
[0.419s] -- Up-to-date: /home/albert/ag_car_ws/install/car_cartographer/share/ament_index/resource_index/package_run_dependencies/car_cartographer
[0.419s] -- Up-to-date: /home/albert/ag_car_ws/install/car_cartographer/share/ament_index/resource_index/parent_prefix_path/car_cartographer
[0.420s] -- Up-to-date: /home/albert/ag_car_ws/install/car_cartographer/share/car_cartographer/environment/ament_prefix_path.sh
[0.420s] -- Up-to-date: /home/albert/ag_car_ws/install/car_cartographer/share/car_cartographer/environment/ament_prefix_path.dsv
[0.421s] -- Up-to-date: /home/albert/ag_car_ws/install/car_cartographer/share/car_cartographer/environment/path.sh
[0.421s] -- Up-to-date: /home/albert/ag_car_ws/install/car_cartographer/share/car_cartographer/environment/path.dsv
[0.422s] -- Up-to-date: /home/albert/ag_car_ws/install/car_cartographer/share/car_cartographer/local_setup.bash
[0.422s] -- Up-to-date: /home/albert/ag_car_ws/install/car_cartographer/share/car_cartographer/local_setup.sh
[0.422s] -- Up-to-date: /home/albert/ag_car_ws/install/car_cartographer/share/car_cartographer/local_setup.zsh
[0.423s] -- Up-to-date: /home/albert/ag_car_ws/install/car_cartographer/share/car_cartographer/local_setup.dsv
[0.423s] -- Up-to-date: /home/albert/ag_car_ws/install/car_cartographer/share/car_cartographer/package.dsv
[0.423s] -- Up-to-date: /home/albert/ag_car_ws/install/car_cartographer/share/ament_index/resource_index/packages/car_cartographer
[0.423s] -- Up-to-date: /home/albert/ag_car_ws/install/car_cartographer/share/car_cartographer/cmake/car_cartographerConfig.cmake
[0.423s] -- Up-to-date: /home/albert/ag_car_ws/install/car_cartographer/share/car_cartographer/cmake/car_cartographerConfig-version.cmake
[0.424s] -- Up-to-date: /home/albert/ag_car_ws/install/car_cartographer/share/car_cartographer/package.xml
[0.429s] Invoked command in '/home/albert/ag_car_ws/build/car_cartographer' returned '0': CMAKE_PREFIX_PATH=${CMAKE_PREFIX_PATH}:/home/albert/rad_ws/install/agbot_teleop:/home/albert/rad_ws/install/agbot_py:/home/albert/ws_moveit2/install/moveit_configs_utils:/home/albert/ws_moveit2/install/launch_param_builder:/home/albert/umov_ws/install/arduino_py_examples:/home/albert/udem2_ws/install/actions_py:/home/albert/udem2_ws/install/lifecycle_py:/home/albert/udem2_ws/install/executors_py:/home/albert/udem2_ws/install/components_py:/home/albert/udem_ws/install/turtlesim_catcher:/home/albert/udem_ws/install/my_py_pkg:/home/albert/udem_ws/install/lifecycle_py:/home/albert/bcdc_ws/install/agbot_teleop:/home/albert/bcdc_ws/install/agbot_py:/home/albert/arduinobot_ws/install/arduinobot_py_examples:/opt/ros/humble /home/albert/.local/bin/cmake --install /home/albert/ag_car_ws/build/car_cartographer
