-- Install configuration: ""
-- Up-to-date: /home/albert/ag_car_ws/install/car_nav2/share/car_nav2/launch
-- Up-to-date: /home/albert/ag_car_ws/install/car_nav2/share/car_nav2/launch/car_nav2.launch.py
-- Up-to-date: /home/albert/ag_car_ws/install/car_nav2/share/car_nav2/map
-- Up-to-date: /home/albert/ag_car_ws/install/car_nav2/share/car_nav2/map/home.pgm
-- Up-to-date: /home/albert/ag_car_ws/install/car_nav2/share/car_nav2/map/home.yaml
-- Up-to-date: /home/albert/ag_car_ws/install/car_nav2/share/car_nav2/param
-- Up-to-date: /home/albert/ag_car_ws/install/car_nav2/share/car_nav2/param/car_nav2.yaml
-- Up-to-date: /home/albert/ag_car_ws/install/car_nav2/share/car_nav2/rviz
-- Up-to-date: /home/albert/ag_car_ws/install/car_nav2/share/car_nav2/rviz/car_config.rviz
-- Up-to-date: /home/albert/ag_car_ws/install/car_nav2/share/ament_index/resource_index/package_run_dependencies/car_nav2
-- Up-to-date: /home/albert/ag_car_ws/install/car_nav2/share/ament_index/resource_index/parent_prefix_path/car_nav2
-- Up-to-date: /home/albert/ag_car_ws/install/car_nav2/share/car_nav2/environment/ament_prefix_path.sh
-- Up-to-date: /home/albert/ag_car_ws/install/car_nav2/share/car_nav2/environment/ament_prefix_path.dsv
-- Up-to-date: /home/albert/ag_car_ws/install/car_nav2/share/car_nav2/environment/path.sh
-- Up-to-date: /home/albert/ag_car_ws/install/car_nav2/share/car_nav2/environment/path.dsv
-- Up-to-date: /home/albert/ag_car_ws/install/car_nav2/share/car_nav2/local_setup.bash
-- Up-to-date: /home/albert/ag_car_ws/install/car_nav2/share/car_nav2/local_setup.sh
-- Up-to-date: /home/albert/ag_car_ws/install/car_nav2/share/car_nav2/local_setup.zsh
-- Up-to-date: /home/albert/ag_car_ws/install/car_nav2/share/car_nav2/local_setup.dsv
-- Installing: /home/albert/ag_car_ws/install/car_nav2/share/car_nav2/package.dsv
-- Up-to-date: /home/albert/ag_car_ws/install/car_nav2/share/ament_index/resource_index/packages/car_nav2
-- Up-to-date: /home/albert/ag_car_ws/install/car_nav2/share/car_nav2/cmake/car_nav2Config.cmake
-- Up-to-date: /home/albert/ag_car_ws/install/car_nav2/share/car_nav2/cmake/car_nav2Config-version.cmake
-- Up-to-date: /home/albert/ag_car_ws/install/car_nav2/share/car_nav2/package.xml
