-- The C compiler identification is GNU 11.4.0
-- The CXX compiler identification is GNU 11.4.0
-- Detecting C compiler ABI info
-- Detecting C compiler ABI info - done
-- Check for working C compiler: /usr/bin/cc - skipped
-- Detecting C compile features
-- Detecting C compile features - done
-- Detecting CXX compiler ABI info
-- Detecting CXX compiler ABI info - done
-- Check for working CXX compiler: /usr/bin/c++ - skipped
-- Detecting CXX compile features
-- Detecting CXX compile features - done
-- Found ament_cmake: 1.3.10 (/opt/ros/humble/share/ament_cmake/cmake)
-- Found Python3: /usr/bin/python3 (found version "3.10.12") found components: Interpreter
-- Found trajectory_msgs: 4.2.4 (/opt/ros/humble/share/trajectory_msgs/cmake)
-- Found rosidl_generator_c: 3.1.5 (/opt/ros/humble/share/rosidl_generator_c/cmake)
-- Found rosidl_adapter: 3.1.5 (/opt/ros/humble/share/rosidl_adapter/cmake)
-- Found rosidl_generator_cpp: 3.1.5 (/opt/ros/humble/share/rosidl_generator_cpp/cmake)
-- Using all available rosidl_typesupport_c: rosidl_typesupport_fastrtps_c;rosidl_typesupport_introspection_c
-- Using all available rosidl_typesupport_cpp: rosidl_typesupport_fastrtps_cpp;rosidl_typesupport_introspection_cpp
-- Found sensor_msgs: 4.2.4 (/opt/ros/humble/share/sensor_msgs/cmake)
-- Found rclcpp: 16.0.10 (/opt/ros/humble/share/rclcpp/cmake)
-- Found rmw_implementation_cmake: 6.1.2 (/opt/ros/humble/share/rmw_implementation_cmake/cmake)
-- Found rmw_cyclonedds_cpp: 1.3.4 (/opt/ros/humble/share/rmw_cyclonedds_cpp/cmake)
-- Using RMW implementation 'rmw_cyclonedds_cpp' as default
-- Performing Test CMAKE_HAVE_LIBC_PTHREAD
-- Performing Test CMAKE_HAVE_LIBC_PTHREAD - Success
-- Found Threads: TRUE
-- Found rclpy: 3.3.14 (/opt/ros/humble/share/rclpy/cmake)
-- Found ament_lint_auto: 0.12.11 (/opt/ros/humble/share/ament_lint_auto/cmake)
-- Added test 'flake8' to check Python code syntax and style conventions
-- Added test 'lint_cmake' to check CMake code style
-- Added test 'pep257' to check Python code against some of the docstring style conventions in PEP 257
-- Added test 'xmllint' to check XML markup files
-- Configuring done (3.4s)
-- Generating done (0.0s)
-- Build files have been written to: /home/albert/ag_car_ws/build/car_controller
-- Install configuration: ""
-- Installing: /home/albert/ag_car_ws/install/car_controller/share/car_controller/config
-- Installing: /home/albert/ag_car_ws/install/car_controller/share/car_controller/config/car_controllers.yaml
-- Installing: /home/albert/ag_car_ws/install/car_controller/share/car_controller/config/ps3_controller_config.yaml
-- Installing: /home/albert/ag_car_ws/install/car_controller/share/car_controller/config/joystick_control_node.py
-- Installing: /home/albert/ag_car_ws/install/car_controller/share/car_controller/launch
-- Installing: /home/albert/ag_car_ws/install/car_controller/share/car_controller/launch/controller.launch.py
-- Installing: /home/albert/ag_car_ws/install/car_controller/share/ament_index/resource_index/package_run_dependencies/car_controller
-- Installing: /home/albert/ag_car_ws/install/car_controller/share/ament_index/resource_index/parent_prefix_path/car_controller
-- Installing: /home/albert/ag_car_ws/install/car_controller/share/car_controller/environment/ament_prefix_path.sh
-- Installing: /home/albert/ag_car_ws/install/car_controller/share/car_controller/environment/ament_prefix_path.dsv
-- Installing: /home/albert/ag_car_ws/install/car_controller/share/car_controller/environment/path.sh
-- Installing: /home/albert/ag_car_ws/install/car_controller/share/car_controller/environment/path.dsv
-- Installing: /home/albert/ag_car_ws/install/car_controller/share/car_controller/local_setup.bash
-- Installing: /home/albert/ag_car_ws/install/car_controller/share/car_controller/local_setup.sh
-- Installing: /home/albert/ag_car_ws/install/car_controller/share/car_controller/local_setup.zsh
-- Installing: /home/albert/ag_car_ws/install/car_controller/share/car_controller/local_setup.dsv
-- Installing: /home/albert/ag_car_ws/install/car_controller/share/car_controller/package.dsv
-- Installing: /home/albert/ag_car_ws/install/car_controller/share/ament_index/resource_index/packages/car_controller
-- Installing: /home/albert/ag_car_ws/install/car_controller/share/car_controller/cmake/car_controllerConfig.cmake
-- Installing: /home/albert/ag_car_ws/install/car_controller/share/car_controller/cmake/car_controllerConfig-version.cmake
-- Installing: /home/albert/ag_car_ws/install/car_controller/share/car_controller/package.xml
