[0.144s] DEBUG:colcon:Command line arguments: ['/usr/bin/colcon', 'build']
[0.144s] DEBUG:colcon:Parsed command line arguments: Namespace(log_base=None, log_level=None, verb_name='build', build_base='build', install_base='install', merge_install=False, symlink_install=False, test_result_base=None, continue_on_error=False, executor='parallel', parallel_workers=8, event_handlers=None, ignore_user_meta=False, metas=['./colcon.meta'], base_paths=['.'], packages_ignore=None, packages_ignore_regex=None, paths=None, packages_up_to=None, packages_up_to_regex=None, packages_above=None, packages_above_and_dependencies=None, packages_above_depth=None, packages_select_by_dep=None, packages_skip_by_dep=None, packages_skip_up_to=None, packages_select_build_failed=False, packages_skip_build_finished=False, packages_select_test_failures=False, packages_skip_test_passed=False, packages_select=None, packages_skip=None, packages_select_regex=None, packages_skip_regex=None, packages_start=None, packages_end=None, allow_overriding=[], cmake_args=None, cmake_target=None, cmake_target_skip_unavailable=False, cmake_clean_cache=False, cmake_clean_first=False, cmake_force_configure=False, ament_cmake_args=None, catkin_cmake_args=None, catkin_skip_building_tests=False, mixin_files=None, mixin=None, verb_parser=<colcon_mixin.mixin.mixin_argument.MixinArgumentDecorator object at 0x77898554b850>, verb_extension=<colcon_core.verb.build.BuildVerb object at 0x778985633e20>, main=<bound method BuildVerb.main of <colcon_core.verb.build.BuildVerb object at 0x778985633e20>>, mixin_verb=('build',))
[0.375s] Level 1:colcon.colcon_core.package_discovery:discover_packages(colcon_meta) check parameters
[0.376s] Level 1:colcon.colcon_core.package_discovery:discover_packages(recursive) check parameters
[0.376s] Level 1:colcon.colcon_core.package_discovery:discover_packages(ignore) check parameters
[0.376s] Level 1:colcon.colcon_core.package_discovery:discover_packages(path) check parameters
[0.376s] Level 1:colcon.colcon_core.package_discovery:discover_packages(colcon_meta) discover
[0.376s] Level 1:colcon.colcon_core.package_discovery:discover_packages(recursive) discover
[0.376s] INFO:colcon.colcon_core.package_discovery:Crawling recursively for packages in '/home/albert/ag_car_ws'
[0.376s] Level 1:colcon.colcon_core.package_identification:_identify(.) by extensions ['ignore', 'ignore_ament_install']
[0.376s] Level 1:colcon.colcon_core.package_identification:_identify(.) by extension 'ignore'
[0.376s] Level 1:colcon.colcon_core.package_identification:_identify(.) by extension 'ignore_ament_install'
[0.376s] Level 1:colcon.colcon_core.package_identification:_identify(.) by extensions ['colcon_pkg']
[0.376s] Level 1:colcon.colcon_core.package_identification:_identify(.) by extension 'colcon_pkg'
[0.376s] Level 1:colcon.colcon_core.package_identification:_identify(.) by extensions ['colcon_meta']
[0.376s] Level 1:colcon.colcon_core.package_identification:_identify(.) by extension 'colcon_meta'
[0.376s] Level 1:colcon.colcon_core.package_identification:_identify(.) by extensions ['ros']
[0.377s] Level 1:colcon.colcon_core.package_identification:_identify(.) by extension 'ros'
[0.387s] Level 1:colcon.colcon_core.package_identification:_identify(.) by extensions ['cmake', 'python']
[0.387s] Level 1:colcon.colcon_core.package_identification:_identify(.) by extension 'cmake'
[0.387s] Level 1:colcon.colcon_core.package_identification:_identify(.) by extension 'python'
[0.387s] Level 1:colcon.colcon_core.package_identification:_identify(.) by extensions ['python_setup_py']
[0.387s] Level 1:colcon.colcon_core.package_identification:_identify(.) by extension 'python_setup_py'
[0.388s] Level 1:colcon.colcon_core.package_identification:_identify(build) by extensions ['ignore', 'ignore_ament_install']
[0.388s] Level 1:colcon.colcon_core.package_identification:_identify(build) by extension 'ignore'
[0.388s] Level 1:colcon.colcon_core.package_identification:_identify(build) ignored
[0.388s] Level 1:colcon.colcon_core.package_identification:_identify(install) by extensions ['ignore', 'ignore_ament_install']
[0.388s] Level 1:colcon.colcon_core.package_identification:_identify(install) by extension 'ignore'
[0.388s] Level 1:colcon.colcon_core.package_identification:_identify(install) ignored
[0.388s] Level 1:colcon.colcon_core.package_identification:_identify(log) by extensions ['ignore', 'ignore_ament_install']
[0.388s] Level 1:colcon.colcon_core.package_identification:_identify(log) by extension 'ignore'
[0.389s] Level 1:colcon.colcon_core.package_identification:_identify(log) ignored
[0.389s] Level 1:colcon.colcon_core.package_identification:_identify(src) by extensions ['ignore', 'ignore_ament_install']
[0.389s] Level 1:colcon.colcon_core.package_identification:_identify(src) by extension 'ignore'
[0.389s] Level 1:colcon.colcon_core.package_identification:_identify(src) by extension 'ignore_ament_install'
[0.389s] Level 1:colcon.colcon_core.package_identification:_identify(src) by extensions ['colcon_pkg']
[0.389s] Level 1:colcon.colcon_core.package_identification:_identify(src) by extension 'colcon_pkg'
[0.389s] Level 1:colcon.colcon_core.package_identification:_identify(src) by extensions ['colcon_meta']
[0.389s] Level 1:colcon.colcon_core.package_identification:_identify(src) by extension 'colcon_meta'
[0.389s] Level 1:colcon.colcon_core.package_identification:_identify(src) by extensions ['ros']
[0.389s] Level 1:colcon.colcon_core.package_identification:_identify(src) by extension 'ros'
[0.389s] Level 1:colcon.colcon_core.package_identification:_identify(src) by extensions ['cmake', 'python']
[0.389s] Level 1:colcon.colcon_core.package_identification:_identify(src) by extension 'cmake'
[0.389s] Level 1:colcon.colcon_core.package_identification:_identify(src) by extension 'python'
[0.389s] Level 1:colcon.colcon_core.package_identification:_identify(src) by extensions ['python_setup_py']
[0.390s] Level 1:colcon.colcon_core.package_identification:_identify(src) by extension 'python_setup_py'
[0.390s] Level 1:colcon.colcon_core.package_identification:_identify(src/build) by extensions ['ignore', 'ignore_ament_install']
[0.390s] Level 1:colcon.colcon_core.package_identification:_identify(src/build) by extension 'ignore'
[0.390s] Level 1:colcon.colcon_core.package_identification:_identify(src/build) ignored
[0.390s] Level 1:colcon.colcon_core.package_identification:_identify(src/car_cartographer) by extensions ['ignore', 'ignore_ament_install']
[0.390s] Level 1:colcon.colcon_core.package_identification:_identify(src/car_cartographer) by extension 'ignore'
[0.390s] Level 1:colcon.colcon_core.package_identification:_identify(src/car_cartographer) by extension 'ignore_ament_install'
[0.390s] Level 1:colcon.colcon_core.package_identification:_identify(src/car_cartographer) by extensions ['colcon_pkg']
[0.390s] Level 1:colcon.colcon_core.package_identification:_identify(src/car_cartographer) by extension 'colcon_pkg'
[0.390s] Level 1:colcon.colcon_core.package_identification:_identify(src/car_cartographer) by extensions ['colcon_meta']
[0.390s] Level 1:colcon.colcon_core.package_identification:_identify(src/car_cartographer) by extension 'colcon_meta'
[0.390s] Level 1:colcon.colcon_core.package_identification:_identify(src/car_cartographer) by extensions ['ros']
[0.390s] Level 1:colcon.colcon_core.package_identification:_identify(src/car_cartographer) by extension 'ros'
[0.393s] DEBUG:colcon.colcon_core.package_identification:Package 'src/car_cartographer' with type 'ros.ament_cmake' and name 'car_cartographer'
[0.393s] Level 1:colcon.colcon_core.package_identification:_identify(src/car_controller) by extensions ['ignore', 'ignore_ament_install']
[0.393s] Level 1:colcon.colcon_core.package_identification:_identify(src/car_controller) by extension 'ignore'
[0.393s] Level 1:colcon.colcon_core.package_identification:_identify(src/car_controller) by extension 'ignore_ament_install'
[0.393s] Level 1:colcon.colcon_core.package_identification:_identify(src/car_controller) by extensions ['colcon_pkg']
[0.393s] Level 1:colcon.colcon_core.package_identification:_identify(src/car_controller) by extension 'colcon_pkg'
[0.393s] Level 1:colcon.colcon_core.package_identification:_identify(src/car_controller) by extensions ['colcon_meta']
[0.393s] Level 1:colcon.colcon_core.package_identification:_identify(src/car_controller) by extension 'colcon_meta'
[0.393s] Level 1:colcon.colcon_core.package_identification:_identify(src/car_controller) by extensions ['ros']
[0.393s] Level 1:colcon.colcon_core.package_identification:_identify(src/car_controller) by extension 'ros'
[0.395s] DEBUG:colcon.colcon_core.package_identification:Package 'src/car_controller' with type 'ros.ament_cmake' and name 'car_controller'
[0.395s] Level 1:colcon.colcon_core.package_identification:_identify(src/car_description) by extensions ['ignore', 'ignore_ament_install']
[0.395s] Level 1:colcon.colcon_core.package_identification:_identify(src/car_description) by extension 'ignore'
[0.395s] Level 1:colcon.colcon_core.package_identification:_identify(src/car_description) by extension 'ignore_ament_install'
[0.395s] Level 1:colcon.colcon_core.package_identification:_identify(src/car_description) by extensions ['colcon_pkg']
[0.395s] Level 1:colcon.colcon_core.package_identification:_identify(src/car_description) by extension 'colcon_pkg'
[0.395s] Level 1:colcon.colcon_core.package_identification:_identify(src/car_description) by extensions ['colcon_meta']
[0.395s] Level 1:colcon.colcon_core.package_identification:_identify(src/car_description) by extension 'colcon_meta'
[0.395s] Level 1:colcon.colcon_core.package_identification:_identify(src/car_description) by extensions ['ros']
[0.395s] Level 1:colcon.colcon_core.package_identification:_identify(src/car_description) by extension 'ros'
[0.396s] DEBUG:colcon.colcon_core.package_identification:Package 'src/car_description' with type 'ros.ament_cmake' and name 'car_description'
[0.396s] Level 1:colcon.colcon_core.package_identification:_identify(src/car_nav2) by extensions ['ignore', 'ignore_ament_install']
[0.396s] Level 1:colcon.colcon_core.package_identification:_identify(src/car_nav2) by extension 'ignore'
[0.396s] Level 1:colcon.colcon_core.package_identification:_identify(src/car_nav2) by extension 'ignore_ament_install'
[0.396s] Level 1:colcon.colcon_core.package_identification:_identify(src/car_nav2) by extensions ['colcon_pkg']
[0.396s] Level 1:colcon.colcon_core.package_identification:_identify(src/car_nav2) by extension 'colcon_pkg'
[0.397s] Level 1:colcon.colcon_core.package_identification:_identify(src/car_nav2) by extensions ['colcon_meta']
[0.397s] Level 1:colcon.colcon_core.package_identification:_identify(src/car_nav2) by extension 'colcon_meta'
[0.397s] Level 1:colcon.colcon_core.package_identification:_identify(src/car_nav2) by extensions ['ros']
[0.397s] Level 1:colcon.colcon_core.package_identification:_identify(src/car_nav2) by extension 'ros'
[0.397s] DEBUG:colcon.colcon_core.package_identification:Package 'src/car_nav2' with type 'ros.ament_cmake' and name 'car_nav2'
[0.397s] Level 1:colcon.colcon_core.package_identification:_identify(src/install) by extensions ['ignore', 'ignore_ament_install']
[0.397s] Level 1:colcon.colcon_core.package_identification:_identify(src/install) by extension 'ignore'
[0.398s] Level 1:colcon.colcon_core.package_identification:_identify(src/install) ignored
[0.398s] Level 1:colcon.colcon_core.package_identification:_identify(src/log) by extensions ['ignore', 'ignore_ament_install']
[0.398s] Level 1:colcon.colcon_core.package_identification:_identify(src/log) by extension 'ignore'
[0.398s] Level 1:colcon.colcon_core.package_identification:_identify(src/log) ignored
[0.398s] Level 1:colcon.colcon_core.package_discovery:discover_packages(recursive) using defaults
[0.398s] Level 1:colcon.colcon_core.package_discovery:discover_packages(ignore) discover
[0.398s] Level 1:colcon.colcon_core.package_discovery:discover_packages(ignore) using defaults
[0.398s] Level 1:colcon.colcon_core.package_discovery:discover_packages(path) discover
[0.398s] Level 1:colcon.colcon_core.package_discovery:discover_packages(path) using defaults
[0.424s] Level 1:colcon.colcon_core.package_discovery:discover_packages(prefix_path) check parameters
[0.424s] Level 1:colcon.colcon_core.package_discovery:discover_packages(prefix_path) discover
[0.432s] DEBUG:colcon.colcon_installed_package_information.package_discovery:Found 3 installed packages in /home/albert/ag_car_ws/install
[0.432s] DEBUG:colcon.colcon_installed_package_information.package_discovery:Found 5 installed packages in /home/albert/ag_arm_ws/install
[0.434s] DEBUG:colcon.colcon_installed_package_information.package_discovery:Found 55 installed packages in /home/albert/ws_moveit2/install
[0.445s] DEBUG:colcon.colcon_installed_package_information.package_discovery:Found 10 installed packages in /home/albert/umov_ws/install
[0.446s] DEBUG:colcon.colcon_installed_package_information.package_discovery:Found 3 installed packages in /home/albert/unav_ws/install
[0.446s] DEBUG:colcon.colcon_installed_package_information.package_discovery:Found 12 installed packages in /home/albert/udem2_ws/install
[0.447s] DEBUG:colcon.colcon_installed_package_information.package_discovery:Found 8 installed packages in /home/albert/udem_ws/install
[0.448s] DEBUG:colcon.colcon_installed_package_information.package_discovery:Found 18 installed packages in /home/albert/bcdc_ws/install
[0.449s] DEBUG:colcon.colcon_installed_package_information.package_discovery:Found 9 installed packages in /home/albert/arduinobot_ws/install
[0.450s] DEBUG:colcon.colcon_installed_package_information.package_discovery:Found 17 installed packages in /home/albert/rad_ws/install
[0.451s] DEBUG:colcon.colcon_installed_package_information.package_discovery:Found 1 installed packages in /home/albert/dev_ws/install
[0.453s] DEBUG:colcon.colcon_installed_package_information.package_discovery:Found 434 installed packages in /opt/ros/humble
[0.455s] Level 1:colcon.colcon_core.package_discovery:discover_packages(prefix_path) using defaults
[0.517s] Level 5:colcon.colcon_core.verb:set package 'car_cartographer' build argument 'cmake_args' from command line to 'None'
[0.517s] Level 5:colcon.colcon_core.verb:set package 'car_cartographer' build argument 'cmake_target' from command line to 'None'
[0.517s] Level 5:colcon.colcon_core.verb:set package 'car_cartographer' build argument 'cmake_target_skip_unavailable' from command line to 'False'
[0.517s] Level 5:colcon.colcon_core.verb:set package 'car_cartographer' build argument 'cmake_clean_cache' from command line to 'False'
[0.517s] Level 5:colcon.colcon_core.verb:set package 'car_cartographer' build argument 'cmake_clean_first' from command line to 'False'
[0.517s] Level 5:colcon.colcon_core.verb:set package 'car_cartographer' build argument 'cmake_force_configure' from command line to 'False'
[0.517s] Level 5:colcon.colcon_core.verb:set package 'car_cartographer' build argument 'ament_cmake_args' from command line to 'None'
[0.517s] Level 5:colcon.colcon_core.verb:set package 'car_cartographer' build argument 'catkin_cmake_args' from command line to 'None'
[0.517s] Level 5:colcon.colcon_core.verb:set package 'car_cartographer' build argument 'catkin_skip_building_tests' from command line to 'False'
[0.517s] DEBUG:colcon.colcon_core.verb:Building package 'car_cartographer' with the following arguments: {'ament_cmake_args': None, 'build_base': '/home/albert/ag_car_ws/build/car_cartographer', 'catkin_cmake_args': None, 'catkin_skip_building_tests': False, 'cmake_args': None, 'cmake_clean_cache': False, 'cmake_clean_first': False, 'cmake_force_configure': False, 'cmake_target': None, 'cmake_target_skip_unavailable': False, 'install_base': '/home/albert/ag_car_ws/install/car_cartographer', 'merge_install': False, 'path': '/home/albert/ag_car_ws/src/car_cartographer', 'symlink_install': False, 'test_result_base': None}
[0.518s] Level 5:colcon.colcon_core.verb:set package 'car_controller' build argument 'cmake_args' from command line to 'None'
[0.518s] Level 5:colcon.colcon_core.verb:set package 'car_controller' build argument 'cmake_target' from command line to 'None'
[0.518s] Level 5:colcon.colcon_core.verb:set package 'car_controller' build argument 'cmake_target_skip_unavailable' from command line to 'False'
[0.518s] Level 5:colcon.colcon_core.verb:set package 'car_controller' build argument 'cmake_clean_cache' from command line to 'False'
[0.518s] Level 5:colcon.colcon_core.verb:set package 'car_controller' build argument 'cmake_clean_first' from command line to 'False'
[0.518s] Level 5:colcon.colcon_core.verb:set package 'car_controller' build argument 'cmake_force_configure' from command line to 'False'
[0.518s] Level 5:colcon.colcon_core.verb:set package 'car_controller' build argument 'ament_cmake_args' from command line to 'None'
[0.518s] Level 5:colcon.colcon_core.verb:set package 'car_controller' build argument 'catkin_cmake_args' from command line to 'None'
[0.518s] Level 5:colcon.colcon_core.verb:set package 'car_controller' build argument 'catkin_skip_building_tests' from command line to 'False'
[0.518s] DEBUG:colcon.colcon_core.verb:Building package 'car_controller' with the following arguments: {'ament_cmake_args': None, 'build_base': '/home/albert/ag_car_ws/build/car_controller', 'catkin_cmake_args': None, 'catkin_skip_building_tests': False, 'cmake_args': None, 'cmake_clean_cache': False, 'cmake_clean_first': False, 'cmake_force_configure': False, 'cmake_target': None, 'cmake_target_skip_unavailable': False, 'install_base': '/home/albert/ag_car_ws/install/car_controller', 'merge_install': False, 'path': '/home/albert/ag_car_ws/src/car_controller', 'symlink_install': False, 'test_result_base': None}
[0.519s] Level 5:colcon.colcon_core.verb:set package 'car_description' build argument 'cmake_args' from command line to 'None'
[0.519s] Level 5:colcon.colcon_core.verb:set package 'car_description' build argument 'cmake_target' from command line to 'None'
[0.519s] Level 5:colcon.colcon_core.verb:set package 'car_description' build argument 'cmake_target_skip_unavailable' from command line to 'False'
[0.519s] Level 5:colcon.colcon_core.verb:set package 'car_description' build argument 'cmake_clean_cache' from command line to 'False'
[0.519s] Level 5:colcon.colcon_core.verb:set package 'car_description' build argument 'cmake_clean_first' from command line to 'False'
[0.519s] Level 5:colcon.colcon_core.verb:set package 'car_description' build argument 'cmake_force_configure' from command line to 'False'
[0.519s] Level 5:colcon.colcon_core.verb:set package 'car_description' build argument 'ament_cmake_args' from command line to 'None'
[0.519s] Level 5:colcon.colcon_core.verb:set package 'car_description' build argument 'catkin_cmake_args' from command line to 'None'
[0.519s] Level 5:colcon.colcon_core.verb:set package 'car_description' build argument 'catkin_skip_building_tests' from command line to 'False'
[0.519s] DEBUG:colcon.colcon_core.verb:Building package 'car_description' with the following arguments: {'ament_cmake_args': None, 'build_base': '/home/albert/ag_car_ws/build/car_description', 'catkin_cmake_args': None, 'catkin_skip_building_tests': False, 'cmake_args': None, 'cmake_clean_cache': False, 'cmake_clean_first': False, 'cmake_force_configure': False, 'cmake_target': None, 'cmake_target_skip_unavailable': False, 'install_base': '/home/albert/ag_car_ws/install/car_description', 'merge_install': False, 'path': '/home/albert/ag_car_ws/src/car_description', 'symlink_install': False, 'test_result_base': None}
[0.520s] Level 5:colcon.colcon_core.verb:set package 'car_nav2' build argument 'cmake_args' from command line to 'None'
[0.520s] Level 5:colcon.colcon_core.verb:set package 'car_nav2' build argument 'cmake_target' from command line to 'None'
[0.520s] Level 5:colcon.colcon_core.verb:set package 'car_nav2' build argument 'cmake_target_skip_unavailable' from command line to 'False'
[0.520s] Level 5:colcon.colcon_core.verb:set package 'car_nav2' build argument 'cmake_clean_cache' from command line to 'False'
[0.520s] Level 5:colcon.colcon_core.verb:set package 'car_nav2' build argument 'cmake_clean_first' from command line to 'False'
[0.520s] Level 5:colcon.colcon_core.verb:set package 'car_nav2' build argument 'cmake_force_configure' from command line to 'False'
[0.520s] Level 5:colcon.colcon_core.verb:set package 'car_nav2' build argument 'ament_cmake_args' from command line to 'None'
[0.520s] Level 5:colcon.colcon_core.verb:set package 'car_nav2' build argument 'catkin_cmake_args' from command line to 'None'
[0.520s] Level 5:colcon.colcon_core.verb:set package 'car_nav2' build argument 'catkin_skip_building_tests' from command line to 'False'
[0.520s] DEBUG:colcon.colcon_core.verb:Building package 'car_nav2' with the following arguments: {'ament_cmake_args': None, 'build_base': '/home/albert/ag_car_ws/build/car_nav2', 'catkin_cmake_args': None, 'catkin_skip_building_tests': False, 'cmake_args': None, 'cmake_clean_cache': False, 'cmake_clean_first': False, 'cmake_force_configure': False, 'cmake_target': None, 'cmake_target_skip_unavailable': False, 'install_base': '/home/albert/ag_car_ws/install/car_nav2', 'merge_install': False, 'path': '/home/albert/ag_car_ws/src/car_nav2', 'symlink_install': False, 'test_result_base': None}
[0.521s] INFO:colcon.colcon_core.executor:Executing jobs using 'parallel' executor
[0.522s] DEBUG:colcon.colcon_parallel_executor.executor.parallel:run_until_complete
[0.522s] INFO:colcon.colcon_ros.task.ament_cmake.build:Building ROS package in '/home/albert/ag_car_ws/src/car_cartographer' with build type 'ament_cmake'
[0.522s] INFO:colcon.colcon_cmake.task.cmake.build:Building CMake package in '/home/albert/ag_car_ws/src/car_cartographer'
[0.526s] INFO:colcon.colcon_core.plugin_system:Skipping extension 'colcon_core.shell.bat': Not used on non-Windows systems
[0.526s] INFO:colcon.colcon_core.shell:Skip shell extension 'powershell' for command environment: Not usable outside of PowerShell
[0.526s] DEBUG:colcon.colcon_core.shell:Skip shell extension 'dsv' for command environment
[0.542s] INFO:colcon.colcon_ros.task.ament_cmake.build:Building ROS package in '/home/albert/ag_car_ws/src/car_controller' with build type 'ament_cmake'
[0.542s] INFO:colcon.colcon_cmake.task.cmake.build:Building CMake package in '/home/albert/ag_car_ws/src/car_controller'
[0.543s] INFO:colcon.colcon_core.shell:Skip shell extension 'powershell' for command environment: Not usable outside of PowerShell
[0.543s] DEBUG:colcon.colcon_core.shell:Skip shell extension 'dsv' for command environment
[0.563s] INFO:colcon.colcon_ros.task.ament_cmake.build:Building ROS package in '/home/albert/ag_car_ws/src/car_description' with build type 'ament_cmake'
[0.563s] INFO:colcon.colcon_cmake.task.cmake.build:Building CMake package in '/home/albert/ag_car_ws/src/car_description'
[0.564s] INFO:colcon.colcon_core.shell:Skip shell extension 'powershell' for command environment: Not usable outside of PowerShell
[0.564s] DEBUG:colcon.colcon_core.shell:Skip shell extension 'dsv' for command environment
[0.581s] INFO:colcon.colcon_ros.task.ament_cmake.build:Building ROS package in '/home/albert/ag_car_ws/src/car_nav2' with build type 'ament_cmake'
[0.581s] INFO:colcon.colcon_cmake.task.cmake.build:Building CMake package in '/home/albert/ag_car_ws/src/car_nav2'
[0.581s] INFO:colcon.colcon_core.shell:Skip shell extension 'powershell' for command environment: Not usable outside of PowerShell
[0.581s] DEBUG:colcon.colcon_core.shell:Skip shell extension 'dsv' for command environment
[0.605s] DEBUG:colcon.colcon_core.event_handler.log_command:Invoking command in '/home/albert/ag_car_ws/build/car_cartographer': CMAKE_PREFIX_PATH=${CMAKE_PREFIX_PATH}:/home/albert/rad_ws/install/agbot_teleop:/home/albert/rad_ws/install/agbot_py:/home/albert/ws_moveit2/install/moveit_configs_utils:/home/albert/ws_moveit2/install/launch_param_builder:/home/albert/umov_ws/install/arduino_py_examples:/home/albert/udem2_ws/install/actions_py:/home/albert/udem2_ws/install/lifecycle_py:/home/albert/udem2_ws/install/executors_py:/home/albert/udem2_ws/install/components_py:/home/albert/udem_ws/install/turtlesim_catcher:/home/albert/udem_ws/install/my_py_pkg:/home/albert/udem_ws/install/lifecycle_py:/home/albert/bcdc_ws/install/agbot_teleop:/home/albert/bcdc_ws/install/agbot_py:/home/albert/arduinobot_ws/install/arduinobot_py_examples:/opt/ros/humble /home/albert/.local/bin/cmake /home/albert/ag_car_ws/src/car_cartographer -DCMAKE_INSTALL_PREFIX=/home/albert/ag_car_ws/install/car_cartographer
[0.614s] DEBUG:colcon.colcon_core.event_handler.log_command:Invoking command in '/home/albert/ag_car_ws/build/car_controller': CMAKE_PREFIX_PATH=${CMAKE_PREFIX_PATH}:/home/albert/rad_ws/install/agbot_teleop:/home/albert/rad_ws/install/agbot_py:/home/albert/ws_moveit2/install/moveit_configs_utils:/home/albert/ws_moveit2/install/launch_param_builder:/home/albert/umov_ws/install/arduino_py_examples:/home/albert/udem2_ws/install/actions_py:/home/albert/udem2_ws/install/lifecycle_py:/home/albert/udem2_ws/install/executors_py:/home/albert/udem2_ws/install/components_py:/home/albert/udem_ws/install/turtlesim_catcher:/home/albert/udem_ws/install/my_py_pkg:/home/albert/udem_ws/install/lifecycle_py:/home/albert/bcdc_ws/install/agbot_teleop:/home/albert/bcdc_ws/install/agbot_py:/home/albert/arduinobot_ws/install/arduinobot_py_examples:/opt/ros/humble /home/albert/.local/bin/cmake --build /home/albert/ag_car_ws/build/car_controller -- -j8 -l8
[0.621s] DEBUG:colcon.colcon_core.event_handler.log_command:Invoking command in '/home/albert/ag_car_ws/build/car_description': CMAKE_PREFIX_PATH=${CMAKE_PREFIX_PATH}:/home/albert/rad_ws/install/agbot_teleop:/home/albert/rad_ws/install/agbot_py:/home/albert/ws_moveit2/install/moveit_configs_utils:/home/albert/ws_moveit2/install/launch_param_builder:/home/albert/umov_ws/install/arduino_py_examples:/home/albert/udem2_ws/install/actions_py:/home/albert/udem2_ws/install/lifecycle_py:/home/albert/udem2_ws/install/executors_py:/home/albert/udem2_ws/install/components_py:/home/albert/udem_ws/install/turtlesim_catcher:/home/albert/udem_ws/install/my_py_pkg:/home/albert/udem_ws/install/lifecycle_py:/home/albert/bcdc_ws/install/agbot_teleop:/home/albert/bcdc_ws/install/agbot_py:/home/albert/arduinobot_ws/install/arduinobot_py_examples:/opt/ros/humble /home/albert/.local/bin/cmake --build /home/albert/ag_car_ws/build/car_description -- -j8 -l8
[0.626s] DEBUG:colcon.colcon_core.event_handler.log_command:Invoking command in '/home/albert/ag_car_ws/build/car_nav2': CMAKE_PREFIX_PATH=${CMAKE_PREFIX_PATH}:/home/albert/rad_ws/install/agbot_teleop:/home/albert/rad_ws/install/agbot_py:/home/albert/ws_moveit2/install/moveit_configs_utils:/home/albert/ws_moveit2/install/launch_param_builder:/home/albert/umov_ws/install/arduino_py_examples:/home/albert/udem2_ws/install/actions_py:/home/albert/udem2_ws/install/lifecycle_py:/home/albert/udem2_ws/install/executors_py:/home/albert/udem2_ws/install/components_py:/home/albert/udem_ws/install/turtlesim_catcher:/home/albert/udem_ws/install/my_py_pkg:/home/albert/udem_ws/install/lifecycle_py:/home/albert/bcdc_ws/install/agbot_teleop:/home/albert/bcdc_ws/install/agbot_py:/home/albert/arduinobot_ws/install/arduinobot_py_examples:/opt/ros/humble /home/albert/.local/bin/cmake --build /home/albert/ag_car_ws/build/car_nav2 -- -j8 -l8
[0.650s] DEBUG:colcon.colcon_core.event_handler.log_command:Invoked command in '/home/albert/ag_car_ws/build/car_description' returned '0': CMAKE_PREFIX_PATH=${CMAKE_PREFIX_PATH}:/home/albert/rad_ws/install/agbot_teleop:/home/albert/rad_ws/install/agbot_py:/home/albert/ws_moveit2/install/moveit_configs_utils:/home/albert/ws_moveit2/install/launch_param_builder:/home/albert/umov_ws/install/arduino_py_examples:/home/albert/udem2_ws/install/actions_py:/home/albert/udem2_ws/install/lifecycle_py:/home/albert/udem2_ws/install/executors_py:/home/albert/udem2_ws/install/components_py:/home/albert/udem_ws/install/turtlesim_catcher:/home/albert/udem_ws/install/my_py_pkg:/home/albert/udem_ws/install/lifecycle_py:/home/albert/bcdc_ws/install/agbot_teleop:/home/albert/bcdc_ws/install/agbot_py:/home/albert/arduinobot_ws/install/arduinobot_py_examples:/opt/ros/humble /home/albert/.local/bin/cmake --build /home/albert/ag_car_ws/build/car_description -- -j8 -l8
[0.657s] DEBUG:colcon.colcon_core.event_handler.log_command:Invoked command in '/home/albert/ag_car_ws/build/car_nav2' returned '0': CMAKE_PREFIX_PATH=${CMAKE_PREFIX_PATH}:/home/albert/rad_ws/install/agbot_teleop:/home/albert/rad_ws/install/agbot_py:/home/albert/ws_moveit2/install/moveit_configs_utils:/home/albert/ws_moveit2/install/launch_param_builder:/home/albert/umov_ws/install/arduino_py_examples:/home/albert/udem2_ws/install/actions_py:/home/albert/udem2_ws/install/lifecycle_py:/home/albert/udem2_ws/install/executors_py:/home/albert/udem2_ws/install/components_py:/home/albert/udem_ws/install/turtlesim_catcher:/home/albert/udem_ws/install/my_py_pkg:/home/albert/udem_ws/install/lifecycle_py:/home/albert/bcdc_ws/install/agbot_teleop:/home/albert/bcdc_ws/install/agbot_py:/home/albert/arduinobot_ws/install/arduinobot_py_examples:/opt/ros/humble /home/albert/.local/bin/cmake --build /home/albert/ag_car_ws/build/car_nav2 -- -j8 -l8
[0.708s] DEBUG:colcon.colcon_core.event_handler.log_command:Invoking command in '/home/albert/ag_car_ws/build/car_description': CMAKE_PREFIX_PATH=${CMAKE_PREFIX_PATH}:/home/albert/rad_ws/install/agbot_teleop:/home/albert/rad_ws/install/agbot_py:/home/albert/ws_moveit2/install/moveit_configs_utils:/home/albert/ws_moveit2/install/launch_param_builder:/home/albert/umov_ws/install/arduino_py_examples:/home/albert/udem2_ws/install/actions_py:/home/albert/udem2_ws/install/lifecycle_py:/home/albert/udem2_ws/install/executors_py:/home/albert/udem2_ws/install/components_py:/home/albert/udem_ws/install/turtlesim_catcher:/home/albert/udem_ws/install/my_py_pkg:/home/albert/udem_ws/install/lifecycle_py:/home/albert/bcdc_ws/install/agbot_teleop:/home/albert/bcdc_ws/install/agbot_py:/home/albert/arduinobot_ws/install/arduinobot_py_examples:/opt/ros/humble /home/albert/.local/bin/cmake --install /home/albert/ag_car_ws/build/car_description
[0.717s] Level 1:colcon.colcon_core.environment:create_environment_scripts_only(car_description)
[0.722s] DEBUG:colcon.colcon_core.event_handler.log_command:Invoking command in '/home/albert/ag_car_ws/build/car_nav2': CMAKE_PREFIX_PATH=${CMAKE_PREFIX_PATH}:/home/albert/rad_ws/install/agbot_teleop:/home/albert/rad_ws/install/agbot_py:/home/albert/ws_moveit2/install/moveit_configs_utils:/home/albert/ws_moveit2/install/launch_param_builder:/home/albert/umov_ws/install/arduino_py_examples:/home/albert/udem2_ws/install/actions_py:/home/albert/udem2_ws/install/lifecycle_py:/home/albert/udem2_ws/install/executors_py:/home/albert/udem2_ws/install/components_py:/home/albert/udem_ws/install/turtlesim_catcher:/home/albert/udem_ws/install/my_py_pkg:/home/albert/udem_ws/install/lifecycle_py:/home/albert/bcdc_ws/install/agbot_teleop:/home/albert/bcdc_ws/install/agbot_py:/home/albert/arduinobot_ws/install/arduinobot_py_examples:/opt/ros/humble /home/albert/.local/bin/cmake --install /home/albert/ag_car_ws/build/car_nav2
[0.730s] DEBUG:colcon.colcon_core.event_handler.log_command:Invoked command in '/home/albert/ag_car_ws/build/car_description' returned '0': CMAKE_PREFIX_PATH=${CMAKE_PREFIX_PATH}:/home/albert/rad_ws/install/agbot_teleop:/home/albert/rad_ws/install/agbot_py:/home/albert/ws_moveit2/install/moveit_configs_utils:/home/albert/ws_moveit2/install/launch_param_builder:/home/albert/umov_ws/install/arduino_py_examples:/home/albert/udem2_ws/install/actions_py:/home/albert/udem2_ws/install/lifecycle_py:/home/albert/udem2_ws/install/executors_py:/home/albert/udem2_ws/install/components_py:/home/albert/udem_ws/install/turtlesim_catcher:/home/albert/udem_ws/install/my_py_pkg:/home/albert/udem_ws/install/lifecycle_py:/home/albert/bcdc_ws/install/agbot_teleop:/home/albert/bcdc_ws/install/agbot_py:/home/albert/arduinobot_ws/install/arduinobot_py_examples:/opt/ros/humble /home/albert/.local/bin/cmake --install /home/albert/ag_car_ws/build/car_description
[0.737s] Level 1:colcon.colcon_core.environment:checking '/home/albert/ag_car_ws/install/car_description' for CMake module files
[0.738s] Level 1:colcon.colcon_core.environment:checking '/home/albert/ag_car_ws/install/car_description' for CMake config files
[0.738s] Level 1:colcon.colcon_core.shell:create_environment_hook('car_description', 'cmake_prefix_path')
[0.738s] INFO:colcon.colcon_core.shell:Creating environment hook '/home/albert/ag_car_ws/install/car_description/share/car_description/hook/cmake_prefix_path.ps1'
[0.739s] INFO:colcon.colcon_core.shell:Creating environment descriptor '/home/albert/ag_car_ws/install/car_description/share/car_description/hook/cmake_prefix_path.dsv'
[0.740s] INFO:colcon.colcon_core.shell:Creating environment hook '/home/albert/ag_car_ws/install/car_description/share/car_description/hook/cmake_prefix_path.sh'
[0.741s] Level 1:colcon.colcon_core.environment:checking '/home/albert/ag_car_ws/install/car_description/bin'
[0.741s] Level 1:colcon.colcon_core.environment:checking '/home/albert/ag_car_ws/install/car_description/lib/pkgconfig/car_description.pc'
[0.741s] Level 1:colcon.colcon_core.environment:checking '/home/albert/ag_car_ws/install/car_description/lib/python3.10/site-packages'
[0.742s] Level 1:colcon.colcon_core.environment:checking '/home/albert/ag_car_ws/install/car_description/bin'
[0.742s] INFO:colcon.colcon_core.shell:Creating package script '/home/albert/ag_car_ws/install/car_description/share/car_description/package.ps1'
[0.743s] INFO:colcon.colcon_core.shell:Creating package descriptor '/home/albert/ag_car_ws/install/car_description/share/car_description/package.dsv'
[0.744s] INFO:colcon.colcon_core.shell:Creating package script '/home/albert/ag_car_ws/install/car_description/share/car_description/package.sh'
[0.745s] INFO:colcon.colcon_core.shell:Creating package script '/home/albert/ag_car_ws/install/car_description/share/car_description/package.bash'
[0.746s] INFO:colcon.colcon_core.shell:Creating package script '/home/albert/ag_car_ws/install/car_description/share/car_description/package.zsh'
[0.747s] Level 1:colcon.colcon_core.environment:create_file_with_runtime_dependencies(/home/albert/ag_car_ws/install/car_description/share/colcon-core/packages/car_description)
[0.749s] Level 1:colcon.colcon_core.environment:create_environment_scripts_only(car_nav2)
[0.749s] Level 1:colcon.colcon_core.environment:checking '/home/albert/ag_car_ws/install/car_nav2' for CMake module files
[0.750s] DEBUG:colcon.colcon_core.event_handler.log_command:Invoked command in '/home/albert/ag_car_ws/build/car_nav2' returned '0': CMAKE_PREFIX_PATH=${CMAKE_PREFIX_PATH}:/home/albert/rad_ws/install/agbot_teleop:/home/albert/rad_ws/install/agbot_py:/home/albert/ws_moveit2/install/moveit_configs_utils:/home/albert/ws_moveit2/install/launch_param_builder:/home/albert/umov_ws/install/arduino_py_examples:/home/albert/udem2_ws/install/actions_py:/home/albert/udem2_ws/install/lifecycle_py:/home/albert/udem2_ws/install/executors_py:/home/albert/udem2_ws/install/components_py:/home/albert/udem_ws/install/turtlesim_catcher:/home/albert/udem_ws/install/my_py_pkg:/home/albert/udem_ws/install/lifecycle_py:/home/albert/bcdc_ws/install/agbot_teleop:/home/albert/bcdc_ws/install/agbot_py:/home/albert/arduinobot_ws/install/arduinobot_py_examples:/opt/ros/humble /home/albert/.local/bin/cmake --install /home/albert/ag_car_ws/build/car_nav2
[0.751s] Level 1:colcon.colcon_core.environment:checking '/home/albert/ag_car_ws/install/car_nav2' for CMake config files
[0.751s] Level 1:colcon.colcon_core.shell:create_environment_hook('car_nav2', 'cmake_prefix_path')
[0.752s] INFO:colcon.colcon_core.shell:Creating environment hook '/home/albert/ag_car_ws/install/car_nav2/share/car_nav2/hook/cmake_prefix_path.ps1'
[0.752s] INFO:colcon.colcon_core.shell:Creating environment descriptor '/home/albert/ag_car_ws/install/car_nav2/share/car_nav2/hook/cmake_prefix_path.dsv'
[0.753s] INFO:colcon.colcon_core.shell:Creating environment hook '/home/albert/ag_car_ws/install/car_nav2/share/car_nav2/hook/cmake_prefix_path.sh'
[0.753s] Level 1:colcon.colcon_core.environment:checking '/home/albert/ag_car_ws/install/car_nav2/bin'
[0.753s] Level 1:colcon.colcon_core.environment:checking '/home/albert/ag_car_ws/install/car_nav2/lib/pkgconfig/car_nav2.pc'
[0.754s] Level 1:colcon.colcon_core.environment:checking '/home/albert/ag_car_ws/install/car_nav2/lib/python3.10/site-packages'
[0.754s] Level 1:colcon.colcon_core.environment:checking '/home/albert/ag_car_ws/install/car_nav2/bin'
[0.755s] INFO:colcon.colcon_core.shell:Creating package script '/home/albert/ag_car_ws/install/car_nav2/share/car_nav2/package.ps1'
[0.755s] INFO:colcon.colcon_core.shell:Creating package descriptor '/home/albert/ag_car_ws/install/car_nav2/share/car_nav2/package.dsv'
[0.756s] INFO:colcon.colcon_core.shell:Creating package script '/home/albert/ag_car_ws/install/car_nav2/share/car_nav2/package.sh'
[0.757s] INFO:colcon.colcon_core.shell:Creating package script '/home/albert/ag_car_ws/install/car_nav2/share/car_nav2/package.bash'
[0.757s] INFO:colcon.colcon_core.shell:Creating package script '/home/albert/ag_car_ws/install/car_nav2/share/car_nav2/package.zsh'
[0.757s] Level 1:colcon.colcon_core.environment:create_file_with_runtime_dependencies(/home/albert/ag_car_ws/install/car_nav2/share/colcon-core/packages/car_nav2)
[0.809s] Level 1:colcon.colcon_core.environment:create_environment_scripts_only(car_description)
[0.810s] Level 1:colcon.colcon_core.environment:checking '/home/albert/ag_car_ws/install/car_description' for CMake module files
[0.810s] Level 1:colcon.colcon_core.environment:checking '/home/albert/ag_car_ws/install/car_description' for CMake config files
[0.811s] Level 1:colcon.colcon_core.shell:create_environment_hook('car_description', 'cmake_prefix_path')
[0.811s] INFO:colcon.colcon_core.shell:Creating environment hook '/home/albert/ag_car_ws/install/car_description/share/car_description/hook/cmake_prefix_path.ps1'
[0.812s] INFO:colcon.colcon_core.shell:Creating environment descriptor '/home/albert/ag_car_ws/install/car_description/share/car_description/hook/cmake_prefix_path.dsv'
[0.813s] INFO:colcon.colcon_core.shell:Creating environment hook '/home/albert/ag_car_ws/install/car_description/share/car_description/hook/cmake_prefix_path.sh'
[0.813s] Level 1:colcon.colcon_core.environment:checking '/home/albert/ag_car_ws/install/car_description/bin'
[0.813s] Level 1:colcon.colcon_core.environment:checking '/home/albert/ag_car_ws/install/car_description/lib/pkgconfig/car_description.pc'
[0.814s] Level 1:colcon.colcon_core.environment:checking '/home/albert/ag_car_ws/install/car_description/lib/python3.10/site-packages'
[0.814s] Level 1:colcon.colcon_core.environment:checking '/home/albert/ag_car_ws/install/car_description/bin'
[0.814s] INFO:colcon.colcon_core.shell:Creating package script '/home/albert/ag_car_ws/install/car_description/share/car_description/package.ps1'
[0.816s] INFO:colcon.colcon_core.shell:Creating package descriptor '/home/albert/ag_car_ws/install/car_description/share/car_description/package.dsv'
[0.817s] INFO:colcon.colcon_core.shell:Creating package script '/home/albert/ag_car_ws/install/car_description/share/car_description/package.sh'
[0.817s] INFO:colcon.colcon_core.shell:Creating package script '/home/albert/ag_car_ws/install/car_description/share/car_description/package.bash'
[0.818s] INFO:colcon.colcon_core.shell:Creating package script '/home/albert/ag_car_ws/install/car_description/share/car_description/package.zsh'
[0.819s] Level 1:colcon.colcon_core.environment:create_file_with_runtime_dependencies(/home/albert/ag_car_ws/install/car_description/share/colcon-core/packages/car_description)
[0.821s] Level 1:colcon.colcon_core.environment:create_environment_scripts_only(car_nav2)
[0.821s] Level 1:colcon.colcon_core.environment:checking '/home/albert/ag_car_ws/install/car_nav2' for CMake module files
[0.822s] Level 1:colcon.colcon_core.environment:checking '/home/albert/ag_car_ws/install/car_nav2' for CMake config files
[0.823s] Level 1:colcon.colcon_core.shell:create_environment_hook('car_nav2', 'cmake_prefix_path')
[0.823s] INFO:colcon.colcon_core.shell:Creating environment hook '/home/albert/ag_car_ws/install/car_nav2/share/car_nav2/hook/cmake_prefix_path.ps1'
[0.824s] INFO:colcon.colcon_core.shell:Creating environment descriptor '/home/albert/ag_car_ws/install/car_nav2/share/car_nav2/hook/cmake_prefix_path.dsv'
[0.825s] INFO:colcon.colcon_core.shell:Creating environment hook '/home/albert/ag_car_ws/install/car_nav2/share/car_nav2/hook/cmake_prefix_path.sh'
[0.826s] Level 1:colcon.colcon_core.environment:checking '/home/albert/ag_car_ws/install/car_nav2/bin'
[0.826s] Level 1:colcon.colcon_core.environment:checking '/home/albert/ag_car_ws/install/car_nav2/lib/pkgconfig/car_nav2.pc'
[0.826s] Level 1:colcon.colcon_core.environment:checking '/home/albert/ag_car_ws/install/car_nav2/lib/python3.10/site-packages'
[0.826s] Level 1:colcon.colcon_core.environment:checking '/home/albert/ag_car_ws/install/car_nav2/bin'
[0.827s] INFO:colcon.colcon_core.shell:Creating package script '/home/albert/ag_car_ws/install/car_nav2/share/car_nav2/package.ps1'
[0.827s] INFO:colcon.colcon_core.shell:Creating package descriptor '/home/albert/ag_car_ws/install/car_nav2/share/car_nav2/package.dsv'
[0.828s] INFO:colcon.colcon_core.shell:Creating package script '/home/albert/ag_car_ws/install/car_nav2/share/car_nav2/package.sh'
[0.828s] INFO:colcon.colcon_core.shell:Creating package script '/home/albert/ag_car_ws/install/car_nav2/share/car_nav2/package.bash'
[0.829s] INFO:colcon.colcon_core.shell:Creating package script '/home/albert/ag_car_ws/install/car_nav2/share/car_nav2/package.zsh'
[0.829s] Level 1:colcon.colcon_core.environment:create_file_with_runtime_dependencies(/home/albert/ag_car_ws/install/car_nav2/share/colcon-core/packages/car_nav2)
[1.697s] DEBUG:colcon.colcon_core.event_handler.log_command:Invoked command in '/home/albert/ag_car_ws/build/car_controller' returned '0': CMAKE_PREFIX_PATH=${CMAKE_PREFIX_PATH}:/home/albert/rad_ws/install/agbot_teleop:/home/albert/rad_ws/install/agbot_py:/home/albert/ws_moveit2/install/moveit_configs_utils:/home/albert/ws_moveit2/install/launch_param_builder:/home/albert/umov_ws/install/arduino_py_examples:/home/albert/udem2_ws/install/actions_py:/home/albert/udem2_ws/install/lifecycle_py:/home/albert/udem2_ws/install/executors_py:/home/albert/udem2_ws/install/components_py:/home/albert/udem_ws/install/turtlesim_catcher:/home/albert/udem_ws/install/my_py_pkg:/home/albert/udem_ws/install/lifecycle_py:/home/albert/bcdc_ws/install/agbot_teleop:/home/albert/bcdc_ws/install/agbot_py:/home/albert/arduinobot_ws/install/arduinobot_py_examples:/opt/ros/humble /home/albert/.local/bin/cmake --build /home/albert/ag_car_ws/build/car_controller -- -j8 -l8
[1.746s] DEBUG:colcon.colcon_core.event_handler.log_command:Invoking command in '/home/albert/ag_car_ws/build/car_controller': CMAKE_PREFIX_PATH=${CMAKE_PREFIX_PATH}:/home/albert/rad_ws/install/agbot_teleop:/home/albert/rad_ws/install/agbot_py:/home/albert/ws_moveit2/install/moveit_configs_utils:/home/albert/ws_moveit2/install/launch_param_builder:/home/albert/umov_ws/install/arduino_py_examples:/home/albert/udem2_ws/install/actions_py:/home/albert/udem2_ws/install/lifecycle_py:/home/albert/udem2_ws/install/executors_py:/home/albert/udem2_ws/install/components_py:/home/albert/udem_ws/install/turtlesim_catcher:/home/albert/udem_ws/install/my_py_pkg:/home/albert/udem_ws/install/lifecycle_py:/home/albert/bcdc_ws/install/agbot_teleop:/home/albert/bcdc_ws/install/agbot_py:/home/albert/arduinobot_ws/install/arduinobot_py_examples:/opt/ros/humble /home/albert/.local/bin/cmake --install /home/albert/ag_car_ws/build/car_controller
[1.751s] DEBUG:colcon.colcon_core.event_handler.log_command:Invoked command in '/home/albert/ag_car_ws/build/car_controller' returned '1': CMAKE_PREFIX_PATH=${CMAKE_PREFIX_PATH}:/home/albert/rad_ws/install/agbot_teleop:/home/albert/rad_ws/install/agbot_py:/home/albert/ws_moveit2/install/moveit_configs_utils:/home/albert/ws_moveit2/install/launch_param_builder:/home/albert/umov_ws/install/arduino_py_examples:/home/albert/udem2_ws/install/actions_py:/home/albert/udem2_ws/install/lifecycle_py:/home/albert/udem2_ws/install/executors_py:/home/albert/udem2_ws/install/components_py:/home/albert/udem_ws/install/turtlesim_catcher:/home/albert/udem_ws/install/my_py_pkg:/home/albert/udem_ws/install/lifecycle_py:/home/albert/bcdc_ws/install/agbot_teleop:/home/albert/bcdc_ws/install/agbot_py:/home/albert/arduinobot_ws/install/arduinobot_py_examples:/opt/ros/humble /home/albert/.local/bin/cmake --install /home/albert/ag_car_ws/build/car_controller
[1.796s] Level 1:colcon.colcon_core.environment:create_environment_scripts_only(car_controller)
[1.796s] Level 1:colcon.colcon_core.environment:checking '/home/albert/ag_car_ws/install/car_controller' for CMake module files
[1.796s] Level 1:colcon.colcon_core.environment:checking '/home/albert/ag_car_ws/install/car_controller' for CMake config files
[1.797s] Level 1:colcon.colcon_core.shell:create_environment_hook('car_controller', 'cmake_prefix_path')
[1.797s] INFO:colcon.colcon_core.shell:Creating environment hook '/home/albert/ag_car_ws/install/car_controller/share/car_controller/hook/cmake_prefix_path.ps1'
[1.797s] INFO:colcon.colcon_core.shell:Creating environment descriptor '/home/albert/ag_car_ws/install/car_controller/share/car_controller/hook/cmake_prefix_path.dsv'
[1.797s] INFO:colcon.colcon_core.shell:Creating environment hook '/home/albert/ag_car_ws/install/car_controller/share/car_controller/hook/cmake_prefix_path.sh'
[1.798s] Level 1:colcon.colcon_core.environment:checking '/home/albert/ag_car_ws/install/car_controller/lib'
[1.798s] Level 1:colcon.colcon_core.environment:checking '/home/albert/ag_car_ws/install/car_controller/bin'
[1.798s] Level 1:colcon.colcon_core.environment:checking '/home/albert/ag_car_ws/install/car_controller/lib/pkgconfig/car_controller.pc'
[1.798s] Level 1:colcon.colcon_core.environment:checking '/home/albert/ag_car_ws/install/car_controller/lib/python3.10/site-packages'
[1.799s] Level 1:colcon.colcon_core.environment:checking '/home/albert/ag_car_ws/install/car_controller/bin'
[1.799s] INFO:colcon.colcon_core.shell:Creating package script '/home/albert/ag_car_ws/install/car_controller/share/car_controller/package.ps1'
[1.799s] INFO:colcon.colcon_core.shell:Creating package descriptor '/home/albert/ag_car_ws/install/car_controller/share/car_controller/package.dsv'
[1.799s] INFO:colcon.colcon_core.shell:Creating package script '/home/albert/ag_car_ws/install/car_controller/share/car_controller/package.sh'
[1.800s] INFO:colcon.colcon_core.shell:Creating package script '/home/albert/ag_car_ws/install/car_controller/share/car_controller/package.bash'
[1.800s] INFO:colcon.colcon_core.shell:Creating package script '/home/albert/ag_car_ws/install/car_controller/share/car_controller/package.zsh'
[1.800s] Level 1:colcon.colcon_core.environment:create_file_with_runtime_dependencies(/home/albert/ag_car_ws/install/car_controller/share/colcon-core/packages/car_controller)
[2.047s] DEBUG:colcon.colcon_parallel_executor.executor.parallel:closing loop
[2.047s] DEBUG:colcon.colcon_parallel_executor.executor.parallel:loop closed
[2.047s] DEBUG:colcon.colcon_parallel_executor.executor.parallel:run_until_complete finished with '1'
[2.047s] DEBUG:colcon.colcon_core.event_reactor:joining thread
[2.055s] INFO:colcon.colcon_core.plugin_system:Skipping extension 'colcon_notification.desktop_notification.terminal_notifier': Not used on non-Darwin systems
[2.055s] INFO:colcon.colcon_core.plugin_system:Skipping extension 'colcon_notification.desktop_notification.win32': Not used on non-Windows systems
[2.055s] INFO:colcon.colcon_notification.desktop_notification:Sending desktop notification using 'notify2'
[2.066s] DEBUG:colcon.colcon_core.event_reactor:joined thread
[2.066s] INFO:colcon.colcon_core.shell:Creating prefix script '/home/albert/ag_car_ws/install/local_setup.ps1'
[2.067s] INFO:colcon.colcon_core.shell:Creating prefix util module '/home/albert/ag_car_ws/install/_local_setup_util_ps1.py'
[2.068s] INFO:colcon.colcon_core.shell:Creating prefix chain script '/home/albert/ag_car_ws/install/setup.ps1'
[2.076s] INFO:colcon.colcon_core.shell:Creating prefix script '/home/albert/ag_car_ws/install/local_setup.sh'
[2.076s] INFO:colcon.colcon_core.shell:Creating prefix util module '/home/albert/ag_car_ws/install/_local_setup_util_sh.py'
[2.077s] INFO:colcon.colcon_core.shell:Creating prefix chain script '/home/albert/ag_car_ws/install/setup.sh'
[2.085s] INFO:colcon.colcon_core.shell:Creating prefix script '/home/albert/ag_car_ws/install/local_setup.bash'
[2.087s] INFO:colcon.colcon_core.shell:Creating prefix chain script '/home/albert/ag_car_ws/install/setup.bash'
[2.095s] INFO:colcon.colcon_core.shell:Creating prefix script '/home/albert/ag_car_ws/install/local_setup.zsh'
[2.095s] INFO:colcon.colcon_core.shell:Creating prefix chain script '/home/albert/ag_car_ws/install/setup.zsh'
