[0.142s] Invoking command in '/home/albert/ag_car_ws/build/car_controller': CMAKE_PREFIX_PATH=${CMAKE_PREFIX_PATH}:/home/albert/rad_ws/install/agbot_teleop:/home/albert/rad_ws/install/agbot_py:/home/albert/ws_moveit2/install/moveit_configs_utils:/home/albert/ws_moveit2/install/launch_param_builder:/home/albert/umov_ws/install/arduino_py_examples:/home/albert/udem2_ws/install/actions_py:/home/albert/udem2_ws/install/lifecycle_py:/home/albert/udem2_ws/install/executors_py:/home/albert/udem2_ws/install/components_py:/home/albert/udem_ws/install/turtlesim_catcher:/home/albert/udem_ws/install/my_py_pkg:/home/albert/udem_ws/install/lifecycle_py:/home/albert/bcdc_ws/install/agbot_teleop:/home/albert/bcdc_ws/install/agbot_py:/home/albert/arduinobot_ws/install/arduinobot_py_examples:/opt/ros/humble /home/albert/.local/bin/cmake --build /home/albert/ag_car_ws/build/car_controller -- -j8 -l8
[0.203s] Invoked command in '/home/albert/ag_car_ws/build/car_controller' returned '0': CMAKE_PREFIX_PATH=${CMAKE_PREFIX_PATH}:/home/albert/rad_ws/install/agbot_teleop:/home/albert/rad_ws/install/agbot_py:/home/albert/ws_moveit2/install/moveit_configs_utils:/home/albert/ws_moveit2/install/launch_param_builder:/home/albert/umov_ws/install/arduino_py_examples:/home/albert/udem2_ws/install/actions_py:/home/albert/udem2_ws/install/lifecycle_py:/home/albert/udem2_ws/install/executors_py:/home/albert/udem2_ws/install/components_py:/home/albert/udem_ws/install/turtlesim_catcher:/home/albert/udem_ws/install/my_py_pkg:/home/albert/udem_ws/install/lifecycle_py:/home/albert/bcdc_ws/install/agbot_teleop:/home/albert/bcdc_ws/install/agbot_py:/home/albert/arduinobot_ws/install/arduinobot_py_examples:/opt/ros/humble /home/albert/.local/bin/cmake --build /home/albert/ag_car_ws/build/car_controller -- -j8 -l8
[0.316s] Invoking command in '/home/albert/ag_car_ws/build/car_controller': CMAKE_PREFIX_PATH=${CMAKE_PREFIX_PATH}:/home/albert/rad_ws/install/agbot_teleop:/home/albert/rad_ws/install/agbot_py:/home/albert/ws_moveit2/install/moveit_configs_utils:/home/albert/ws_moveit2/install/launch_param_builder:/home/albert/umov_ws/install/arduino_py_examples:/home/albert/udem2_ws/install/actions_py:/home/albert/udem2_ws/install/lifecycle_py:/home/albert/udem2_ws/install/executors_py:/home/albert/udem2_ws/install/components_py:/home/albert/udem_ws/install/turtlesim_catcher:/home/albert/udem_ws/install/my_py_pkg:/home/albert/udem_ws/install/lifecycle_py:/home/albert/bcdc_ws/install/agbot_teleop:/home/albert/bcdc_ws/install/agbot_py:/home/albert/arduinobot_ws/install/arduinobot_py_examples:/opt/ros/humble /home/albert/.local/bin/cmake --install /home/albert/ag_car_ws/build/car_controller
[0.357s] -- Install configuration: ""
[0.357s] -- Up-to-date: /home/albert/ag_car_ws/install/car_controller/share/car_controller/config
[0.358s] -- Up-to-date: /home/albert/ag_car_ws/install/car_controller/share/car_controller/config/car_controllers.yaml
[0.358s] -- Up-to-date: /home/albert/ag_car_ws/install/car_controller/share/car_controller/config/ps3_controller_config.yaml
[0.358s] -- Up-to-date: /home/albert/ag_car_ws/install/car_controller/share/car_controller/config/joystick_control_node.py
[0.358s] -- Up-to-date: /home/albert/ag_car_ws/install/car_controller/share/car_controller/launch
[0.358s] -- Up-to-date: /home/albert/ag_car_ws/install/car_controller/share/car_controller/launch/controller.launch.py
[0.359s] -- Up-to-date: /home/albert/ag_car_ws/install/car_controller/lib/car_controller/joystick_control_node.py
[0.359s] -- Up-to-date: /home/albert/ag_car_ws/install/car_controller/share/ament_index/resource_index/package_run_dependencies/car_controller
[0.359s] -- Up-to-date: /home/albert/ag_car_ws/install/car_controller/share/ament_index/resource_index/parent_prefix_path/car_controller
[0.360s] -- Up-to-date: /home/albert/ag_car_ws/install/car_controller/share/car_controller/environment/ament_prefix_path.sh
[0.360s] -- Up-to-date: /home/albert/ag_car_ws/install/car_controller/share/car_controller/environment/ament_prefix_path.dsv
[0.361s] -- Up-to-date: /home/albert/ag_car_ws/install/car_controller/share/car_controller/environment/path.sh
[0.362s] -- Up-to-date: /home/albert/ag_car_ws/install/car_controller/share/car_controller/environment/path.dsv
[0.362s] -- Up-to-date: /home/albert/ag_car_ws/install/car_controller/share/car_controller/local_setup.bash
[0.362s] -- Up-to-date: /home/albert/ag_car_ws/install/car_controller/share/car_controller/local_setup.sh
[0.363s] -- Up-to-date: /home/albert/ag_car_ws/install/car_controller/share/car_controller/local_setup.zsh
[0.363s] -- Up-to-date: /home/albert/ag_car_ws/install/car_controller/share/car_controller/local_setup.dsv
[0.363s] -- Installing: /home/albert/ag_car_ws/install/car_controller/share/car_controller/package.dsv
[0.363s] -- Up-to-date: /home/albert/ag_car_ws/install/car_controller/share/ament_index/resource_index/packages/car_controller
[0.364s] -- Up-to-date: /home/albert/ag_car_ws/install/car_controller/share/car_controller/cmake/car_controllerConfig.cmake
[0.364s] -- Up-to-date: /home/albert/ag_car_ws/install/car_controller/share/car_controller/cmake/car_controllerConfig-version.cmake
[0.364s] -- Up-to-date: /home/albert/ag_car_ws/install/car_controller/share/car_controller/package.xml
[0.413s] Invoked command in '/home/albert/ag_car_ws/build/car_controller' returned '0': CMAKE_PREFIX_PATH=${CMAKE_PREFIX_PATH}:/home/albert/rad_ws/install/agbot_teleop:/home/albert/rad_ws/install/agbot_py:/home/albert/ws_moveit2/install/moveit_configs_utils:/home/albert/ws_moveit2/install/launch_param_builder:/home/albert/umov_ws/install/arduino_py_examples:/home/albert/udem2_ws/install/actions_py:/home/albert/udem2_ws/install/lifecycle_py:/home/albert/udem2_ws/install/executors_py:/home/albert/udem2_ws/install/components_py:/home/albert/udem_ws/install/turtlesim_catcher:/home/albert/udem_ws/install/my_py_pkg:/home/albert/udem_ws/install/lifecycle_py:/home/albert/bcdc_ws/install/agbot_teleop:/home/albert/bcdc_ws/install/agbot_py:/home/albert/arduinobot_ws/install/arduinobot_py_examples:/opt/ros/humble /home/albert/.local/bin/cmake --install /home/albert/ag_car_ws/build/car_controller
