[0.183s] Invoking command in '/home/albert/ag_car_ws/src/build/car_controller': CMAKE_PREFIX_PATH=${CMAKE_PREFIX_PATH}:/home/albert/rad_ws/install/agbot_teleop:/home/albert/rad_ws/install/agbot_py:/home/albert/ws_moveit2/install/moveit_configs_utils:/home/albert/ws_moveit2/install/launch_param_builder:/home/albert/umov_ws/install/arduino_py_examples:/home/albert/udem2_ws/install/actions_py:/home/albert/udem2_ws/install/lifecycle_py:/home/albert/udem2_ws/install/executors_py:/home/albert/udem2_ws/install/components_py:/home/albert/udem_ws/install/turtlesim_catcher:/home/albert/udem_ws/install/my_py_pkg:/home/albert/udem_ws/install/lifecycle_py:/home/albert/bcdc_ws/install/agbot_teleop:/home/albert/bcdc_ws/install/agbot_py:/home/albert/arduinobot_ws/install/arduinobot_py_examples:/opt/ros/humble /home/albert/.local/bin/cmake /home/albert/ag_car_ws/src/car_controller -DCMAKE_INSTALL_PREFIX=/home/albert/ag_car_ws/src/install/car_controller
[0.406s] -- The C compiler identification is GNU 11.4.0
[0.654s] -- The CXX compiler identification is GNU 11.4.0
[0.698s] -- Detecting C compiler ABI info
[1.029s] -- Detecting C compiler ABI info - done
[1.115s] -- Check for working C compiler: /usr/bin/cc - skipped
[1.116s] -- Detecting C compile features
[1.117s] -- Detecting C compile features - done
[1.134s] -- Detecting CXX compiler ABI info
[1.462s] -- Detecting CXX compiler ABI info - done
[1.551s] -- Check for working CXX compiler: /usr/bin/c++ - skipped
[1.559s] -- Detecting CXX compile features
[1.561s] -- Detecting CXX compile features - done
[1.614s] -- Found ament_cmake: 1.3.10 (/opt/ros/humble/share/ament_cmake/cmake)
[2.428s] -- Found Python3: /usr/bin/python3 (found version "3.10.12") found components: Interpreter
[3.466s] -- Found trajectory_msgs: 4.2.4 (/opt/ros/humble/share/trajectory_msgs/cmake)
[4.009s] -- Found rosidl_generator_c: 3.1.5 (/opt/ros/humble/share/rosidl_generator_c/cmake)
[4.115s] -- Found rosidl_adapter: 3.1.5 (/opt/ros/humble/share/rosidl_adapter/cmake)
[4.242s] -- Found rosidl_generator_cpp: 3.1.5 (/opt/ros/humble/share/rosidl_generator_cpp/cmake)
[4.410s] -- Using all available rosidl_typesupport_c: rosidl_typesupport_fastrtps_c;rosidl_typesupport_introspection_c
[4.651s] -- Using all available rosidl_typesupport_cpp: rosidl_typesupport_fastrtps_cpp;rosidl_typesupport_introspection_cpp
[5.268s] -- Found sensor_msgs: 4.2.4 (/opt/ros/humble/share/sensor_msgs/cmake)
[5.427s] -- Found rclcpp: 16.0.10 (/opt/ros/humble/share/rclcpp/cmake)
[6.101s] -- Found rmw_implementation_cmake: 6.1.2 (/opt/ros/humble/share/rmw_implementation_cmake/cmake)
[6.196s] -- Found rmw_cyclonedds_cpp: 1.3.4 (/opt/ros/humble/share/rmw_cyclonedds_cpp/cmake)
[6.577s] -- Using RMW implementation 'rmw_cyclonedds_cpp' as default
[6.735s] -- Performing Test CMAKE_HAVE_LIBC_PTHREAD
[7.034s] -- Performing Test CMAKE_HAVE_LIBC_PTHREAD - Success
[7.037s] -- Found Threads: TRUE
[7.433s] -- Found rclpy: 3.3.14 (/opt/ros/humble/share/rclpy/cmake)
[7.484s] -- Found ament_lint_auto: 0.12.11 (/opt/ros/humble/share/ament_lint_auto/cmake)
[8.115s] -- Added test 'flake8' to check Python code syntax and style conventions
[8.125s] -- Added test 'lint_cmake' to check CMake code style
[8.135s] -- Added test 'pep257' to check Python code against some of the docstring style conventions in PEP 257
[8.146s] -- Added test 'xmllint' to check XML markup files
[8.169s] -- Configuring done (8.0s)
[8.186s] -- Generating done (0.0s)
[8.193s] -- Build files have been written to: /home/albert/ag_car_ws/src/build/car_controller
[8.222s] Invoked command in '/home/albert/ag_car_ws/src/build/car_controller' returned '0': CMAKE_PREFIX_PATH=${CMAKE_PREFIX_PATH}:/home/albert/rad_ws/install/agbot_teleop:/home/albert/rad_ws/install/agbot_py:/home/albert/ws_moveit2/install/moveit_configs_utils:/home/albert/ws_moveit2/install/launch_param_builder:/home/albert/umov_ws/install/arduino_py_examples:/home/albert/udem2_ws/install/actions_py:/home/albert/udem2_ws/install/lifecycle_py:/home/albert/udem2_ws/install/executors_py:/home/albert/udem2_ws/install/components_py:/home/albert/udem_ws/install/turtlesim_catcher:/home/albert/udem_ws/install/my_py_pkg:/home/albert/udem_ws/install/lifecycle_py:/home/albert/bcdc_ws/install/agbot_teleop:/home/albert/bcdc_ws/install/agbot_py:/home/albert/arduinobot_ws/install/arduinobot_py_examples:/opt/ros/humble /home/albert/.local/bin/cmake /home/albert/ag_car_ws/src/car_controller -DCMAKE_INSTALL_PREFIX=/home/albert/ag_car_ws/src/install/car_controller
[8.226s] Invoking command in '/home/albert/ag_car_ws/src/build/car_controller': CMAKE_PREFIX_PATH=${CMAKE_PREFIX_PATH}:/home/albert/rad_ws/install/agbot_teleop:/home/albert/rad_ws/install/agbot_py:/home/albert/ws_moveit2/install/moveit_configs_utils:/home/albert/ws_moveit2/install/launch_param_builder:/home/albert/umov_ws/install/arduino_py_examples:/home/albert/udem2_ws/install/actions_py:/home/albert/udem2_ws/install/lifecycle_py:/home/albert/udem2_ws/install/executors_py:/home/albert/udem2_ws/install/components_py:/home/albert/udem_ws/install/turtlesim_catcher:/home/albert/udem_ws/install/my_py_pkg:/home/albert/udem_ws/install/lifecycle_py:/home/albert/bcdc_ws/install/agbot_teleop:/home/albert/bcdc_ws/install/agbot_py:/home/albert/arduinobot_ws/install/arduinobot_py_examples:/opt/ros/humble /home/albert/.local/bin/cmake --build /home/albert/ag_car_ws/src/build/car_controller -- -j8 -l8
[8.303s] Invoked command in '/home/albert/ag_car_ws/src/build/car_controller' returned '0': CMAKE_PREFIX_PATH=${CMAKE_PREFIX_PATH}:/home/albert/rad_ws/install/agbot_teleop:/home/albert/rad_ws/install/agbot_py:/home/albert/ws_moveit2/install/moveit_configs_utils:/home/albert/ws_moveit2/install/launch_param_builder:/home/albert/umov_ws/install/arduino_py_examples:/home/albert/udem2_ws/install/actions_py:/home/albert/udem2_ws/install/lifecycle_py:/home/albert/udem2_ws/install/executors_py:/home/albert/udem2_ws/install/components_py:/home/albert/udem_ws/install/turtlesim_catcher:/home/albert/udem_ws/install/my_py_pkg:/home/albert/udem_ws/install/lifecycle_py:/home/albert/bcdc_ws/install/agbot_teleop:/home/albert/bcdc_ws/install/agbot_py:/home/albert/arduinobot_ws/install/arduinobot_py_examples:/opt/ros/humble /home/albert/.local/bin/cmake --build /home/albert/ag_car_ws/src/build/car_controller -- -j8 -l8
[8.420s] Invoking command in '/home/albert/ag_car_ws/src/build/car_controller': CMAKE_PREFIX_PATH=${CMAKE_PREFIX_PATH}:/home/albert/rad_ws/install/agbot_teleop:/home/albert/rad_ws/install/agbot_py:/home/albert/ws_moveit2/install/moveit_configs_utils:/home/albert/ws_moveit2/install/launch_param_builder:/home/albert/umov_ws/install/arduino_py_examples:/home/albert/udem2_ws/install/actions_py:/home/albert/udem2_ws/install/lifecycle_py:/home/albert/udem2_ws/install/executors_py:/home/albert/udem2_ws/install/components_py:/home/albert/udem_ws/install/turtlesim_catcher:/home/albert/udem_ws/install/my_py_pkg:/home/albert/udem_ws/install/lifecycle_py:/home/albert/bcdc_ws/install/agbot_teleop:/home/albert/bcdc_ws/install/agbot_py:/home/albert/arduinobot_ws/install/arduinobot_py_examples:/opt/ros/humble /home/albert/.local/bin/cmake --install /home/albert/ag_car_ws/src/build/car_controller
[8.432s] -- Install configuration: ""
[8.433s] -- Installing: /home/albert/ag_car_ws/src/install/car_controller/share/car_controller/config
[8.433s] -- Installing: /home/albert/ag_car_ws/src/install/car_controller/share/car_controller/config/car_controllers.yaml
[8.433s] -- Installing: /home/albert/ag_car_ws/src/install/car_controller/share/car_controller/config/ps3_controller_config.yaml
[8.434s] -- Installing: /home/albert/ag_car_ws/src/install/car_controller/share/car_controller/config/joystick_control_node.py
[8.434s] -- Installing: /home/albert/ag_car_ws/src/install/car_controller/share/car_controller/launch
[8.434s] -- Installing: /home/albert/ag_car_ws/src/install/car_controller/share/car_controller/launch/controller.launch.py
[8.435s] -- Installing: /home/albert/ag_car_ws/src/install/car_controller/share/ament_index/resource_index/package_run_dependencies/car_controller
[8.435s] -- Installing: /home/albert/ag_car_ws/src/install/car_controller/share/ament_index/resource_index/parent_prefix_path/car_controller
[8.435s] -- Installing: /home/albert/ag_car_ws/src/install/car_controller/share/car_controller/environment/ament_prefix_path.sh
[8.436s] -- Installing: /home/albert/ag_car_ws/src/install/car_controller/share/car_controller/environment/ament_prefix_path.dsv
[8.436s] -- Installing: /home/albert/ag_car_ws/src/install/car_controller/share/car_controller/environment/path.sh
[8.437s] -- Installing: /home/albert/ag_car_ws/src/install/car_controller/share/car_controller/environment/path.dsv
[8.438s] -- Installing: /home/albert/ag_car_ws/src/install/car_controller/share/car_controller/local_setup.bash
[8.439s] -- Installing: /home/albert/ag_car_ws/src/install/car_controller/share/car_controller/local_setup.sh
[8.439s] -- Installing: /home/albert/ag_car_ws/src/install/car_controller/share/car_controller/local_setup.zsh
[8.440s] -- Installing: /home/albert/ag_car_ws/src/install/car_controller/share/car_controller/local_setup.dsv
[8.440s] -- Installing: /home/albert/ag_car_ws/src/install/car_controller/share/car_controller/package.dsv
[8.442s] -- Installing: /home/albert/ag_car_ws/src/install/car_controller/share/ament_index/resource_index/packages/car_controller
[8.443s] -- Installing: /home/albert/ag_car_ws/src/install/car_controller/share/car_controller/cmake/car_controllerConfig.cmake
[8.443s] -- Installing: /home/albert/ag_car_ws/src/install/car_controller/share/car_controller/cmake/car_controllerConfig-version.cmake
[8.444s] -- Installing: /home/albert/ag_car_ws/src/install/car_controller/share/car_controller/package.xml
[8.448s] Invoked command in '/home/albert/ag_car_ws/src/build/car_controller' returned '0': CMAKE_PREFIX_PATH=${CMAKE_PREFIX_PATH}:/home/albert/rad_ws/install/agbot_teleop:/home/albert/rad_ws/install/agbot_py:/home/albert/ws_moveit2/install/moveit_configs_utils:/home/albert/ws_moveit2/install/launch_param_builder:/home/albert/umov_ws/install/arduino_py_examples:/home/albert/udem2_ws/install/actions_py:/home/albert/udem2_ws/install/lifecycle_py:/home/albert/udem2_ws/install/executors_py:/home/albert/udem2_ws/install/components_py:/home/albert/udem_ws/install/turtlesim_catcher:/home/albert/udem_ws/install/my_py_pkg:/home/albert/udem_ws/install/lifecycle_py:/home/albert/bcdc_ws/install/agbot_teleop:/home/albert/bcdc_ws/install/agbot_py:/home/albert/arduinobot_ws/install/arduinobot_py_examples:/opt/ros/humble /home/albert/.local/bin/cmake --install /home/albert/ag_car_ws/src/build/car_controller
