[0.128s] Invoking command in '/home/albert/ag_car_ws/build/car_description': CMAKE_PREFIX_PATH=${CMAKE_PREFIX_PATH}:/home/albert/rad_ws/install/agbot_teleop:/home/albert/rad_ws/install/agbot_py:/home/albert/ws_moveit2/install/moveit_configs_utils:/home/albert/ws_moveit2/install/launch_param_builder:/home/albert/umov_ws/install/arduino_py_examples:/home/albert/udem2_ws/install/actions_py:/home/albert/udem2_ws/install/lifecycle_py:/home/albert/udem2_ws/install/executors_py:/home/albert/udem2_ws/install/components_py:/home/albert/udem_ws/install/turtlesim_catcher:/home/albert/udem_ws/install/my_py_pkg:/home/albert/udem_ws/install/lifecycle_py:/home/albert/bcdc_ws/install/agbot_teleop:/home/albert/bcdc_ws/install/agbot_py:/home/albert/arduinobot_ws/install/arduinobot_py_examples:/opt/ros/humble /home/albert/.local/bin/cmake /home/albert/ag_car_ws/src/car_description -DCMAKE_INSTALL_PREFIX=/home/albert/ag_car_ws/install/car_description
[0.357s] -- The C compiler identification is GNU 11.4.0
[0.561s] -- The CXX compiler identification is GNU 11.4.0
[0.633s] -- Detecting C compiler ABI info
[0.953s] -- Detecting C compiler ABI info - done
[1.023s] -- Check for working C compiler: /usr/bin/cc - skipped
[1.027s] -- Detecting C compile features
[1.027s] -- Detecting C compile features - done
[1.041s] -- Detecting CXX compiler ABI info
[1.356s] -- Detecting CXX compiler ABI info - done
[1.430s] -- Check for working CXX compiler: /usr/bin/c++ - skipped
[1.430s] -- Detecting CXX compile features
[1.433s] -- Detecting CXX compile features - done
[1.496s] -- Found ament_cmake: 1.3.10 (/opt/ros/humble/share/ament_cmake/cmake)
[2.262s] -- Found Python3: /usr/bin/python3 (found version "3.10.12") found components: Interpreter
[3.031s] -- Found ament_lint_auto: 0.12.11 (/opt/ros/humble/share/ament_lint_auto/cmake)
[3.430s] -- Added test 'flake8' to check Python code syntax and style conventions
[3.439s] -- Added test 'lint_cmake' to check CMake code style
[3.452s] -- Added test 'pep257' to check Python code against some of the docstring style conventions in PEP 257
[3.469s] -- Added test 'xmllint' to check XML markup files
[3.487s] -- Configuring done (3.3s)
[3.495s] -- Generating done (0.0s)
[3.497s] -- Build files have been written to: /home/albert/ag_car_ws/build/car_description
[3.507s] Invoked command in '/home/albert/ag_car_ws/build/car_description' returned '0': CMAKE_PREFIX_PATH=${CMAKE_PREFIX_PATH}:/home/albert/rad_ws/install/agbot_teleop:/home/albert/rad_ws/install/agbot_py:/home/albert/ws_moveit2/install/moveit_configs_utils:/home/albert/ws_moveit2/install/launch_param_builder:/home/albert/umov_ws/install/arduino_py_examples:/home/albert/udem2_ws/install/actions_py:/home/albert/udem2_ws/install/lifecycle_py:/home/albert/udem2_ws/install/executors_py:/home/albert/udem2_ws/install/components_py:/home/albert/udem_ws/install/turtlesim_catcher:/home/albert/udem_ws/install/my_py_pkg:/home/albert/udem_ws/install/lifecycle_py:/home/albert/bcdc_ws/install/agbot_teleop:/home/albert/bcdc_ws/install/agbot_py:/home/albert/arduinobot_ws/install/arduinobot_py_examples:/opt/ros/humble /home/albert/.local/bin/cmake /home/albert/ag_car_ws/src/car_description -DCMAKE_INSTALL_PREFIX=/home/albert/ag_car_ws/install/car_description
[3.512s] Invoking command in '/home/albert/ag_car_ws/build/car_description': CMAKE_PREFIX_PATH=${CMAKE_PREFIX_PATH}:/home/albert/rad_ws/install/agbot_teleop:/home/albert/rad_ws/install/agbot_py:/home/albert/ws_moveit2/install/moveit_configs_utils:/home/albert/ws_moveit2/install/launch_param_builder:/home/albert/umov_ws/install/arduino_py_examples:/home/albert/udem2_ws/install/actions_py:/home/albert/udem2_ws/install/lifecycle_py:/home/albert/udem2_ws/install/executors_py:/home/albert/udem2_ws/install/components_py:/home/albert/udem_ws/install/turtlesim_catcher:/home/albert/udem_ws/install/my_py_pkg:/home/albert/udem_ws/install/lifecycle_py:/home/albert/bcdc_ws/install/agbot_teleop:/home/albert/bcdc_ws/install/agbot_py:/home/albert/arduinobot_ws/install/arduinobot_py_examples:/opt/ros/humble /home/albert/.local/bin/cmake --build /home/albert/ag_car_ws/build/car_description -- -j8 -l8
[3.567s] Invoked command in '/home/albert/ag_car_ws/build/car_description' returned '0': CMAKE_PREFIX_PATH=${CMAKE_PREFIX_PATH}:/home/albert/rad_ws/install/agbot_teleop:/home/albert/rad_ws/install/agbot_py:/home/albert/ws_moveit2/install/moveit_configs_utils:/home/albert/ws_moveit2/install/launch_param_builder:/home/albert/umov_ws/install/arduino_py_examples:/home/albert/udem2_ws/install/actions_py:/home/albert/udem2_ws/install/lifecycle_py:/home/albert/udem2_ws/install/executors_py:/home/albert/udem2_ws/install/components_py:/home/albert/udem_ws/install/turtlesim_catcher:/home/albert/udem_ws/install/my_py_pkg:/home/albert/udem_ws/install/lifecycle_py:/home/albert/bcdc_ws/install/agbot_teleop:/home/albert/bcdc_ws/install/agbot_py:/home/albert/arduinobot_ws/install/arduinobot_py_examples:/opt/ros/humble /home/albert/.local/bin/cmake --build /home/albert/ag_car_ws/build/car_description -- -j8 -l8
[3.672s] Invoking command in '/home/albert/ag_car_ws/build/car_description': CMAKE_PREFIX_PATH=${CMAKE_PREFIX_PATH}:/home/albert/rad_ws/install/agbot_teleop:/home/albert/rad_ws/install/agbot_py:/home/albert/ws_moveit2/install/moveit_configs_utils:/home/albert/ws_moveit2/install/launch_param_builder:/home/albert/umov_ws/install/arduino_py_examples:/home/albert/udem2_ws/install/actions_py:/home/albert/udem2_ws/install/lifecycle_py:/home/albert/udem2_ws/install/executors_py:/home/albert/udem2_ws/install/components_py:/home/albert/udem_ws/install/turtlesim_catcher:/home/albert/udem_ws/install/my_py_pkg:/home/albert/udem_ws/install/lifecycle_py:/home/albert/bcdc_ws/install/agbot_teleop:/home/albert/bcdc_ws/install/agbot_py:/home/albert/arduinobot_ws/install/arduinobot_py_examples:/opt/ros/humble /home/albert/.local/bin/cmake --install /home/albert/ag_car_ws/build/car_description
[3.681s] -- Install configuration: ""
[3.681s] -- Installing: /home/albert/ag_car_ws/install/car_description/share/car_description//launch
[3.682s] -- Installing: /home/albert/ag_car_ws/install/car_description/share/car_description//launch/car_display.launch.py
[3.682s] -- Installing: /home/albert/ag_car_ws/install/car_description/share/car_description//launch/car_gazebo.launch.py
[3.682s] -- Installing: /home/albert/ag_car_ws/install/car_description/share/car_description//launch/car_slam.launch.py
[3.683s] -- Installing: /home/albert/ag_car_ws/install/car_description/share/car_description//meshes
[3.683s] -- Installing: /home/albert/ag_car_ws/install/car_description/share/car_description//meshes/right_finger.STL
[3.684s] -- Installing: /home/albert/ag_car_ws/install/car_description/share/car_description//meshes/triangular_link.STL
[3.687s] -- Installing: /home/albert/ag_car_ws/install/car_description/share/car_description//meshes/round_plate.STL
[3.689s] -- Installing: /home/albert/ag_car_ws/install/car_description/share/car_description//meshes/left_finger.STL
[3.689s] -- Installing: /home/albert/ag_car_ws/install/car_description/share/car_description//meshes/vertical_drive_arm.STL
[3.693s] -- Installing: /home/albert/ag_car_ws/install/car_description/share/car_description//meshes/astra.jpg
[3.693s] -- Installing: /home/albert/ag_car_ws/install/car_description/share/car_description//meshes/claw_support.STL
[3.695s] -- Installing: /home/albert/ag_car_ws/install/car_description/share/car_description//meshes/link.STL
[3.697s] -- Installing: /home/albert/ag_car_ws/install/car_description/share/car_description//meshes/r200.jpg
[3.698s] -- Installing: /home/albert/ag_car_ws/install/car_description/share/car_description//meshes/horizontal_arm.STL
[3.705s] -- Installing: /home/albert/ag_car_ws/install/car_description/share/car_description//meshes/r200.dae
[3.707s] -- Installing: /home/albert/ag_car_ws/install/car_description/share/car_description//meshes/astra.dae
[3.728s] -- Installing: /home/albert/ag_car_ws/install/car_description/share/car_description//meshes/basement.STL
[3.728s] -- Installing: /home/albert/ag_car_ws/install/car_description/share/car_description//meshes/forward_drive_arm.STL
[3.734s] -- Installing: /home/albert/ag_car_ws/install/car_description/share/car_description//meshes/right_tire.stl
[3.738s] -- Installing: /home/albert/ag_car_ws/install/car_description/share/car_description//meshes/lidar.stl
[3.739s] -- Installing: /home/albert/ag_car_ws/install/car_description/share/car_description//meshes/servo_plate.STL
[3.745s] -- Installing: /home/albert/ag_car_ws/install/car_description/share/car_description//meshes/plate.STL
[3.746s] -- Installing: /home/albert/ag_car_ws/install/car_description/share/car_description//meshes/base_plate.STL
[3.751s] -- Installing: /home/albert/ag_car_ws/install/car_description/share/car_description//meshes/left_tire copy.stl
[3.754s] -- Installing: /home/albert/ag_car_ws/install/car_description/share/car_description//meshes/left_tire.stl
[3.764s] -- Installing: /home/albert/ag_car_ws/install/car_description/share/car_description//meshes/right_tire copy.stl
[3.765s] -- Installing: /home/albert/ag_car_ws/install/car_description/share/car_description//meshes/pi_camera.STL
[3.765s] -- Installing: /home/albert/ag_car_ws/install/car_description/share/car_description//models
[3.768s] -- Installing: /home/albert/ag_car_ws/install/car_description/share/car_description//models/ground_plane
[3.771s] -- Installing: /home/albert/ag_car_ws/install/car_description/share/car_description//models/ground_plane/model-1_2.sdf
[3.771s] -- Installing: /home/albert/ag_car_ws/install/car_description/share/car_description//models/ground_plane/model-1_3.sdf
[3.772s] -- Installing: /home/albert/ag_car_ws/install/car_description/share/car_description//models/ground_plane/model.config
[3.772s] -- Installing: /home/albert/ag_car_ws/install/car_description/share/car_description//models/ground_plane/model.sdf
[3.773s] -- Installing: /home/albert/ag_car_ws/install/car_description/share/car_description//models/ground_plane/model-1_4.sdf
[3.773s] -- Installing: /home/albert/ag_car_ws/install/car_description/share/car_description//models/basic_car_description
[3.773s] -- Installing: /home/albert/ag_car_ws/install/car_description/share/car_description//models/basic_car_description/car.sdf
[3.773s] -- Installing: /home/albert/ag_car_ws/install/car_description/share/car_description//models/sun
[3.774s] -- Installing: /home/albert/ag_car_ws/install/car_description/share/car_description//models/sun/model-1_2.sdf
[3.774s] -- Installing: /home/albert/ag_car_ws/install/car_description/share/car_description//models/sun/model-1_3.sdf
[3.774s] -- Installing: /home/albert/ag_car_ws/install/car_description/share/car_description//models/sun/model.config
[3.774s] -- Installing: /home/albert/ag_car_ws/install/car_description/share/car_description//models/sun/model.sdf
[3.774s] -- Installing: /home/albert/ag_car_ws/install/car_description/share/car_description//models/sun/model-1_4.sdf
[3.774s] -- Installing: /home/albert/ag_car_ws/install/car_description/share/car_description//rviz
[3.774s] -- Installing: /home/albert/ag_car_ws/install/car_description/share/car_description//rviz/car_config.rviz
[3.775s] -- Installing: /home/albert/ag_car_ws/install/car_description/share/car_description//urdf
[3.775s] -- Installing: /home/albert/ag_car_ws/install/car_description/share/car_description//urdf/car_common_properties.xacro
[3.775s] -- Installing: /home/albert/ag_car_ws/install/car_description/share/car_description//urdf/car.urdf
[3.775s] -- Installing: /home/albert/ag_car_ws/install/car_description/share/car_description//urdf/car_gazebo.xacro
[3.775s] -- Installing: /home/albert/ag_car_ws/install/car_description/share/car_description//urdf/car_ros2_control.xacro
[3.775s] -- Installing: /home/albert/ag_car_ws/install/car_description/share/car_description//urdf/car.xacro
[3.775s] -- Installing: /home/albert/ag_car_ws/install/car_description/share/car_description//worlds
[3.776s] -- Installing: /home/albert/ag_car_ws/install/car_description/share/car_description//worlds/everything.world
[3.779s] -- Installing: /home/albert/ag_car_ws/install/car_description/share/car_description//worlds/test_world.world
[3.783s] -- Installing: /home/albert/ag_car_ws/install/car_description/share/car_description//worlds/smalltown.world
[3.783s] -- Installing: /home/albert/ag_car_ws/install/car_description/share/car_description//worlds/turtlebot3_world.world
[3.783s] -- Installing: /home/albert/ag_car_ws/install/car_description/share/car_description//worlds/empty_sky.world
[3.785s] -- Installing: /home/albert/ag_car_ws/install/car_description/share/car_description//worlds/new_world.world
[3.785s] -- Installing: /home/albert/ag_car_ws/install/car_description/share/car_description//worlds/house.world
[3.785s] -- Installing: /home/albert/ag_car_ws/install/car_description/share/car_description//worlds/new_world-old.world
[3.785s] -- Installing: /home/albert/ag_car_ws/install/car_description/share/car_description//worlds/empty_world.world
[3.785s] -- Installing: /home/albert/ag_car_ws/install/car_description/share/ament_index/resource_index/package_run_dependencies/car_description
[3.790s] -- Installing: /home/albert/ag_car_ws/install/car_description/share/ament_index/resource_index/parent_prefix_path/car_description
[3.790s] -- Installing: /home/albert/ag_car_ws/install/car_description/share/car_description/environment/ament_prefix_path.sh
[3.791s] -- Installing: /home/albert/ag_car_ws/install/car_description/share/car_description/environment/ament_prefix_path.dsv
[3.791s] -- Installing: /home/albert/ag_car_ws/install/car_description/share/car_description/environment/path.sh
[3.791s] -- Installing: /home/albert/ag_car_ws/install/car_description/share/car_description/environment/path.dsv
[3.791s] -- Installing: /home/albert/ag_car_ws/install/car_description/share/car_description/local_setup.bash
[3.791s] -- Installing: /home/albert/ag_car_ws/install/car_description/share/car_description/local_setup.sh
[3.791s] -- Installing: /home/albert/ag_car_ws/install/car_description/share/car_description/local_setup.zsh
[3.793s] -- Installing: /home/albert/ag_car_ws/install/car_description/share/car_description/local_setup.dsv
[3.793s] -- Installing: /home/albert/ag_car_ws/install/car_description/share/car_description/package.dsv
[3.793s] -- Installing: /home/albert/ag_car_ws/install/car_description/share/ament_index/resource_index/packages/car_description
[3.794s] -- Installing: /home/albert/ag_car_ws/install/car_description/share/car_description/cmake/car_descriptionConfig.cmake
[3.795s] -- Installing: /home/albert/ag_car_ws/install/car_description/share/car_description/cmake/car_descriptionConfig-version.cmake
[3.795s] -- Installing: /home/albert/ag_car_ws/install/car_description/share/car_description/package.xml
[3.822s] Invoked command in '/home/albert/ag_car_ws/build/car_description' returned '0': CMAKE_PREFIX_PATH=${CMAKE_PREFIX_PATH}:/home/albert/rad_ws/install/agbot_teleop:/home/albert/rad_ws/install/agbot_py:/home/albert/ws_moveit2/install/moveit_configs_utils:/home/albert/ws_moveit2/install/launch_param_builder:/home/albert/umov_ws/install/arduino_py_examples:/home/albert/udem2_ws/install/actions_py:/home/albert/udem2_ws/install/lifecycle_py:/home/albert/udem2_ws/install/executors_py:/home/albert/udem2_ws/install/components_py:/home/albert/udem_ws/install/turtlesim_catcher:/home/albert/udem_ws/install/my_py_pkg:/home/albert/udem_ws/install/lifecycle_py:/home/albert/bcdc_ws/install/agbot_teleop:/home/albert/bcdc_ws/install/agbot_py:/home/albert/arduinobot_ws/install/arduinobot_py_examples:/opt/ros/humble /home/albert/.local/bin/cmake --install /home/albert/ag_car_ws/build/car_description
