[0.129s] DEBUG:colcon:Command line arguments: ['/usr/bin/colcon', 'build']
[0.129s] DEBUG:colcon:Parsed command line arguments: Namespace(log_base=None, log_level=None, verb_name='build', build_base='build', install_base='install', merge_install=False, symlink_install=False, test_result_base=None, continue_on_error=False, executor='parallel', parallel_workers=8, event_handlers=None, ignore_user_meta=False, metas=['./colcon.meta'], base_paths=['.'], packages_ignore=None, packages_ignore_regex=None, paths=None, packages_up_to=None, packages_up_to_regex=None, packages_above=None, packages_above_and_dependencies=None, packages_above_depth=None, packages_select_by_dep=None, packages_skip_by_dep=None, packages_skip_up_to=None, packages_select_build_failed=False, packages_skip_build_finished=False, packages_select_test_failures=False, packages_skip_test_passed=False, packages_select=None, packages_skip=None, packages_select_regex=None, packages_skip_regex=None, packages_start=None, packages_end=None, allow_overriding=[], cmake_args=None, cmake_target=None, cmake_target_skip_unavailable=False, cmake_clean_cache=False, cmake_clean_first=False, cmake_force_configure=False, ament_cmake_args=None, catkin_cmake_args=None, catkin_skip_building_tests=False, mixin_files=None, mixin=None, verb_parser=<colcon_mixin.mixin.mixin_argument.MixinArgumentDecorator object at 0x792a1b14b850>, verb_extension=<colcon_core.verb.build.BuildVerb object at 0x792a1b233e20>, main=<bound method BuildVerb.main of <colcon_core.verb.build.BuildVerb object at 0x792a1b233e20>>, mixin_verb=('build',))
[0.347s] Level 1:colcon.colcon_core.package_discovery:discover_packages(colcon_meta) check parameters
[0.347s] Level 1:colcon.colcon_core.package_discovery:discover_packages(recursive) check parameters
[0.347s] Level 1:colcon.colcon_core.package_discovery:discover_packages(ignore) check parameters
[0.347s] Level 1:colcon.colcon_core.package_discovery:discover_packages(path) check parameters
[0.347s] Level 1:colcon.colcon_core.package_discovery:discover_packages(colcon_meta) discover
[0.347s] Level 1:colcon.colcon_core.package_discovery:discover_packages(recursive) discover
[0.347s] INFO:colcon.colcon_core.package_discovery:Crawling recursively for packages in '/home/albert/ag_car_ws'
[0.348s] Level 1:colcon.colcon_core.package_identification:_identify(.) by extensions ['ignore', 'ignore_ament_install']
[0.348s] Level 1:colcon.colcon_core.package_identification:_identify(.) by extension 'ignore'
[0.348s] Level 1:colcon.colcon_core.package_identification:_identify(.) by extension 'ignore_ament_install'
[0.348s] Level 1:colcon.colcon_core.package_identification:_identify(.) by extensions ['colcon_pkg']
[0.348s] Level 1:colcon.colcon_core.package_identification:_identify(.) by extension 'colcon_pkg'
[0.348s] Level 1:colcon.colcon_core.package_identification:_identify(.) by extensions ['colcon_meta']
[0.348s] Level 1:colcon.colcon_core.package_identification:_identify(.) by extension 'colcon_meta'
[0.348s] Level 1:colcon.colcon_core.package_identification:_identify(.) by extensions ['ros']
[0.348s] Level 1:colcon.colcon_core.package_identification:_identify(.) by extension 'ros'
[0.359s] Level 1:colcon.colcon_core.package_identification:_identify(.) by extensions ['cmake', 'python']
[0.359s] Level 1:colcon.colcon_core.package_identification:_identify(.) by extension 'cmake'
[0.359s] Level 1:colcon.colcon_core.package_identification:_identify(.) by extension 'python'
[0.359s] Level 1:colcon.colcon_core.package_identification:_identify(.) by extensions ['python_setup_py']
[0.359s] Level 1:colcon.colcon_core.package_identification:_identify(.) by extension 'python_setup_py'
[0.359s] Level 1:colcon.colcon_core.package_identification:_identify(build) by extensions ['ignore', 'ignore_ament_install']
[0.359s] Level 1:colcon.colcon_core.package_identification:_identify(build) by extension 'ignore'
[0.359s] Level 1:colcon.colcon_core.package_identification:_identify(build) ignored
[0.360s] Level 1:colcon.colcon_core.package_identification:_identify(install) by extensions ['ignore', 'ignore_ament_install']
[0.360s] Level 1:colcon.colcon_core.package_identification:_identify(install) by extension 'ignore'
[0.360s] Level 1:colcon.colcon_core.package_identification:_identify(install) ignored
[0.360s] Level 1:colcon.colcon_core.package_identification:_identify(log) by extensions ['ignore', 'ignore_ament_install']
[0.360s] Level 1:colcon.colcon_core.package_identification:_identify(log) by extension 'ignore'
[0.360s] Level 1:colcon.colcon_core.package_identification:_identify(log) ignored
[0.360s] Level 1:colcon.colcon_core.package_identification:_identify(src) by extensions ['ignore', 'ignore_ament_install']
[0.360s] Level 1:colcon.colcon_core.package_identification:_identify(src) by extension 'ignore'
[0.360s] Level 1:colcon.colcon_core.package_identification:_identify(src) by extension 'ignore_ament_install'
[0.360s] Level 1:colcon.colcon_core.package_identification:_identify(src) by extensions ['colcon_pkg']
[0.360s] Level 1:colcon.colcon_core.package_identification:_identify(src) by extension 'colcon_pkg'
[0.361s] Level 1:colcon.colcon_core.package_identification:_identify(src) by extensions ['colcon_meta']
[0.361s] Level 1:colcon.colcon_core.package_identification:_identify(src) by extension 'colcon_meta'
[0.361s] Level 1:colcon.colcon_core.package_identification:_identify(src) by extensions ['ros']
[0.361s] Level 1:colcon.colcon_core.package_identification:_identify(src) by extension 'ros'
[0.361s] Level 1:colcon.colcon_core.package_identification:_identify(src) by extensions ['cmake', 'python']
[0.361s] Level 1:colcon.colcon_core.package_identification:_identify(src) by extension 'cmake'
[0.361s] Level 1:colcon.colcon_core.package_identification:_identify(src) by extension 'python'
[0.361s] Level 1:colcon.colcon_core.package_identification:_identify(src) by extensions ['python_setup_py']
[0.361s] Level 1:colcon.colcon_core.package_identification:_identify(src) by extension 'python_setup_py'
[0.361s] Level 1:colcon.colcon_core.package_identification:_identify(src/build) by extensions ['ignore', 'ignore_ament_install']
[0.361s] Level 1:colcon.colcon_core.package_identification:_identify(src/build) by extension 'ignore'
[0.361s] Level 1:colcon.colcon_core.package_identification:_identify(src/build) ignored
[0.361s] Level 1:colcon.colcon_core.package_identification:_identify(src/car_controller) by extensions ['ignore', 'ignore_ament_install']
[0.362s] Level 1:colcon.colcon_core.package_identification:_identify(src/car_controller) by extension 'ignore'
[0.362s] Level 1:colcon.colcon_core.package_identification:_identify(src/car_controller) by extension 'ignore_ament_install'
[0.362s] Level 1:colcon.colcon_core.package_identification:_identify(src/car_controller) by extensions ['colcon_pkg']
[0.362s] Level 1:colcon.colcon_core.package_identification:_identify(src/car_controller) by extension 'colcon_pkg'
[0.362s] Level 1:colcon.colcon_core.package_identification:_identify(src/car_controller) by extensions ['colcon_meta']
[0.362s] Level 1:colcon.colcon_core.package_identification:_identify(src/car_controller) by extension 'colcon_meta'
[0.362s] Level 1:colcon.colcon_core.package_identification:_identify(src/car_controller) by extensions ['ros']
[0.362s] Level 1:colcon.colcon_core.package_identification:_identify(src/car_controller) by extension 'ros'
[0.365s] DEBUG:colcon.colcon_core.package_identification:Package 'src/car_controller' with type 'ros.ament_cmake' and name 'car_controller'
[0.365s] Level 1:colcon.colcon_core.package_identification:_identify(src/car_description) by extensions ['ignore', 'ignore_ament_install']
[0.365s] Level 1:colcon.colcon_core.package_identification:_identify(src/car_description) by extension 'ignore'
[0.365s] Level 1:colcon.colcon_core.package_identification:_identify(src/car_description) by extension 'ignore_ament_install'
[0.365s] Level 1:colcon.colcon_core.package_identification:_identify(src/car_description) by extensions ['colcon_pkg']
[0.365s] Level 1:colcon.colcon_core.package_identification:_identify(src/car_description) by extension 'colcon_pkg'
[0.365s] Level 1:colcon.colcon_core.package_identification:_identify(src/car_description) by extensions ['colcon_meta']
[0.365s] Level 1:colcon.colcon_core.package_identification:_identify(src/car_description) by extension 'colcon_meta'
[0.365s] Level 1:colcon.colcon_core.package_identification:_identify(src/car_description) by extensions ['ros']
[0.365s] Level 1:colcon.colcon_core.package_identification:_identify(src/car_description) by extension 'ros'
[0.366s] DEBUG:colcon.colcon_core.package_identification:Package 'src/car_description' with type 'ros.ament_cmake' and name 'car_description'
[0.366s] Level 1:colcon.colcon_core.package_identification:_identify(src/car_nav2) by extensions ['ignore', 'ignore_ament_install']
[0.366s] Level 1:colcon.colcon_core.package_identification:_identify(src/car_nav2) by extension 'ignore'
[0.367s] Level 1:colcon.colcon_core.package_identification:_identify(src/car_nav2) by extension 'ignore_ament_install'
[0.367s] Level 1:colcon.colcon_core.package_identification:_identify(src/car_nav2) by extensions ['colcon_pkg']
[0.367s] Level 1:colcon.colcon_core.package_identification:_identify(src/car_nav2) by extension 'colcon_pkg'
[0.367s] Level 1:colcon.colcon_core.package_identification:_identify(src/car_nav2) by extensions ['colcon_meta']
[0.367s] Level 1:colcon.colcon_core.package_identification:_identify(src/car_nav2) by extension 'colcon_meta'
[0.367s] Level 1:colcon.colcon_core.package_identification:_identify(src/car_nav2) by extensions ['ros']
[0.367s] Level 1:colcon.colcon_core.package_identification:_identify(src/car_nav2) by extension 'ros'
[0.367s] DEBUG:colcon.colcon_core.package_identification:Package 'src/car_nav2' with type 'ros.ament_cmake' and name 'car_nav2'
[0.368s] Level 1:colcon.colcon_core.package_identification:_identify(src/install) by extensions ['ignore', 'ignore_ament_install']
[0.368s] Level 1:colcon.colcon_core.package_identification:_identify(src/install) by extension 'ignore'
[0.368s] Level 1:colcon.colcon_core.package_identification:_identify(src/install) ignored
[0.368s] Level 1:colcon.colcon_core.package_identification:_identify(src/log) by extensions ['ignore', 'ignore_ament_install']
[0.368s] Level 1:colcon.colcon_core.package_identification:_identify(src/log) by extension 'ignore'
[0.368s] Level 1:colcon.colcon_core.package_identification:_identify(src/log) ignored
[0.368s] Level 1:colcon.colcon_core.package_discovery:discover_packages(recursive) using defaults
[0.368s] Level 1:colcon.colcon_core.package_discovery:discover_packages(ignore) discover
[0.368s] Level 1:colcon.colcon_core.package_discovery:discover_packages(ignore) using defaults
[0.368s] Level 1:colcon.colcon_core.package_discovery:discover_packages(path) discover
[0.368s] Level 1:colcon.colcon_core.package_discovery:discover_packages(path) using defaults
[0.395s] Level 1:colcon.colcon_core.package_discovery:discover_packages(prefix_path) check parameters
[0.395s] Level 1:colcon.colcon_core.package_discovery:discover_packages(prefix_path) discover
[0.402s] DEBUG:colcon.colcon_installed_package_information.package_discovery:Found 2 installed packages in /home/albert/ag_car_ws/install
[0.403s] DEBUG:colcon.colcon_installed_package_information.package_discovery:Found 5 installed packages in /home/albert/ag_arm_ws/install
[0.404s] DEBUG:colcon.colcon_installed_package_information.package_discovery:Found 55 installed packages in /home/albert/ws_moveit2/install
[0.413s] DEBUG:colcon.colcon_installed_package_information.package_discovery:Found 10 installed packages in /home/albert/umov_ws/install
[0.413s] DEBUG:colcon.colcon_installed_package_information.package_discovery:Found 3 installed packages in /home/albert/unav_ws/install
[0.414s] DEBUG:colcon.colcon_installed_package_information.package_discovery:Found 12 installed packages in /home/albert/udem2_ws/install
[0.415s] DEBUG:colcon.colcon_installed_package_information.package_discovery:Found 8 installed packages in /home/albert/udem_ws/install
[0.416s] DEBUG:colcon.colcon_installed_package_information.package_discovery:Found 18 installed packages in /home/albert/bcdc_ws/install
[0.416s] DEBUG:colcon.colcon_installed_package_information.package_discovery:Found 9 installed packages in /home/albert/arduinobot_ws/install
[0.417s] DEBUG:colcon.colcon_installed_package_information.package_discovery:Found 17 installed packages in /home/albert/rad_ws/install
[0.418s] DEBUG:colcon.colcon_installed_package_information.package_discovery:Found 1 installed packages in /home/albert/dev_ws/install
[0.420s] DEBUG:colcon.colcon_installed_package_information.package_discovery:Found 434 installed packages in /opt/ros/humble
[0.422s] Level 1:colcon.colcon_core.package_discovery:discover_packages(prefix_path) using defaults
[0.483s] Level 5:colcon.colcon_core.verb:set package 'car_controller' build argument 'cmake_args' from command line to 'None'
[0.483s] Level 5:colcon.colcon_core.verb:set package 'car_controller' build argument 'cmake_target' from command line to 'None'
[0.483s] Level 5:colcon.colcon_core.verb:set package 'car_controller' build argument 'cmake_target_skip_unavailable' from command line to 'False'
[0.483s] Level 5:colcon.colcon_core.verb:set package 'car_controller' build argument 'cmake_clean_cache' from command line to 'False'
[0.483s] Level 5:colcon.colcon_core.verb:set package 'car_controller' build argument 'cmake_clean_first' from command line to 'False'
[0.483s] Level 5:colcon.colcon_core.verb:set package 'car_controller' build argument 'cmake_force_configure' from command line to 'False'
[0.483s] Level 5:colcon.colcon_core.verb:set package 'car_controller' build argument 'ament_cmake_args' from command line to 'None'
[0.483s] Level 5:colcon.colcon_core.verb:set package 'car_controller' build argument 'catkin_cmake_args' from command line to 'None'
[0.483s] Level 5:colcon.colcon_core.verb:set package 'car_controller' build argument 'catkin_skip_building_tests' from command line to 'False'
[0.483s] DEBUG:colcon.colcon_core.verb:Building package 'car_controller' with the following arguments: {'ament_cmake_args': None, 'build_base': '/home/albert/ag_car_ws/build/car_controller', 'catkin_cmake_args': None, 'catkin_skip_building_tests': False, 'cmake_args': None, 'cmake_clean_cache': False, 'cmake_clean_first': False, 'cmake_force_configure': False, 'cmake_target': None, 'cmake_target_skip_unavailable': False, 'install_base': '/home/albert/ag_car_ws/install/car_controller', 'merge_install': False, 'path': '/home/albert/ag_car_ws/src/car_controller', 'symlink_install': False, 'test_result_base': None}
[0.483s] Level 5:colcon.colcon_core.verb:set package 'car_description' build argument 'cmake_args' from command line to 'None'
[0.483s] Level 5:colcon.colcon_core.verb:set package 'car_description' build argument 'cmake_target' from command line to 'None'
[0.484s] Level 5:colcon.colcon_core.verb:set package 'car_description' build argument 'cmake_target_skip_unavailable' from command line to 'False'
[0.484s] Level 5:colcon.colcon_core.verb:set package 'car_description' build argument 'cmake_clean_cache' from command line to 'False'
[0.484s] Level 5:colcon.colcon_core.verb:set package 'car_description' build argument 'cmake_clean_first' from command line to 'False'
[0.484s] Level 5:colcon.colcon_core.verb:set package 'car_description' build argument 'cmake_force_configure' from command line to 'False'
[0.484s] Level 5:colcon.colcon_core.verb:set package 'car_description' build argument 'ament_cmake_args' from command line to 'None'
[0.484s] Level 5:colcon.colcon_core.verb:set package 'car_description' build argument 'catkin_cmake_args' from command line to 'None'
[0.484s] Level 5:colcon.colcon_core.verb:set package 'car_description' build argument 'catkin_skip_building_tests' from command line to 'False'
[0.484s] DEBUG:colcon.colcon_core.verb:Building package 'car_description' with the following arguments: {'ament_cmake_args': None, 'build_base': '/home/albert/ag_car_ws/build/car_description', 'catkin_cmake_args': None, 'catkin_skip_building_tests': False, 'cmake_args': None, 'cmake_clean_cache': False, 'cmake_clean_first': False, 'cmake_force_configure': False, 'cmake_target': None, 'cmake_target_skip_unavailable': False, 'install_base': '/home/albert/ag_car_ws/install/car_description', 'merge_install': False, 'path': '/home/albert/ag_car_ws/src/car_description', 'symlink_install': False, 'test_result_base': None}
[0.484s] Level 5:colcon.colcon_core.verb:set package 'car_nav2' build argument 'cmake_args' from command line to 'None'
[0.484s] Level 5:colcon.colcon_core.verb:set package 'car_nav2' build argument 'cmake_target' from command line to 'None'
[0.484s] Level 5:colcon.colcon_core.verb:set package 'car_nav2' build argument 'cmake_target_skip_unavailable' from command line to 'False'
[0.484s] Level 5:colcon.colcon_core.verb:set package 'car_nav2' build argument 'cmake_clean_cache' from command line to 'False'
[0.484s] Level 5:colcon.colcon_core.verb:set package 'car_nav2' build argument 'cmake_clean_first' from command line to 'False'
[0.484s] Level 5:colcon.colcon_core.verb:set package 'car_nav2' build argument 'cmake_force_configure' from command line to 'False'
[0.484s] Level 5:colcon.colcon_core.verb:set package 'car_nav2' build argument 'ament_cmake_args' from command line to 'None'
[0.484s] Level 5:colcon.colcon_core.verb:set package 'car_nav2' build argument 'catkin_cmake_args' from command line to 'None'
[0.484s] Level 5:colcon.colcon_core.verb:set package 'car_nav2' build argument 'catkin_skip_building_tests' from command line to 'False'
[0.484s] DEBUG:colcon.colcon_core.verb:Building package 'car_nav2' with the following arguments: {'ament_cmake_args': None, 'build_base': '/home/albert/ag_car_ws/build/car_nav2', 'catkin_cmake_args': None, 'catkin_skip_building_tests': False, 'cmake_args': None, 'cmake_clean_cache': False, 'cmake_clean_first': False, 'cmake_force_configure': False, 'cmake_target': None, 'cmake_target_skip_unavailable': False, 'install_base': '/home/albert/ag_car_ws/install/car_nav2', 'merge_install': False, 'path': '/home/albert/ag_car_ws/src/car_nav2', 'symlink_install': False, 'test_result_base': None}
[0.484s] INFO:colcon.colcon_core.executor:Executing jobs using 'parallel' executor
[0.485s] DEBUG:colcon.colcon_parallel_executor.executor.parallel:run_until_complete
[0.485s] INFO:colcon.colcon_ros.task.ament_cmake.build:Building ROS package in '/home/albert/ag_car_ws/src/car_controller' with build type 'ament_cmake'
[0.486s] INFO:colcon.colcon_cmake.task.cmake.build:Building CMake package in '/home/albert/ag_car_ws/src/car_controller'
[0.488s] INFO:colcon.colcon_core.plugin_system:Skipping extension 'colcon_core.shell.bat': Not used on non-Windows systems
[0.488s] INFO:colcon.colcon_core.shell:Skip shell extension 'powershell' for command environment: Not usable outside of PowerShell
[0.488s] DEBUG:colcon.colcon_core.shell:Skip shell extension 'dsv' for command environment
[0.504s] INFO:colcon.colcon_ros.task.ament_cmake.build:Building ROS package in '/home/albert/ag_car_ws/src/car_description' with build type 'ament_cmake'
[0.504s] INFO:colcon.colcon_cmake.task.cmake.build:Building CMake package in '/home/albert/ag_car_ws/src/car_description'
[0.504s] INFO:colcon.colcon_core.shell:Skip shell extension 'powershell' for command environment: Not usable outside of PowerShell
[0.504s] DEBUG:colcon.colcon_core.shell:Skip shell extension 'dsv' for command environment
[0.520s] INFO:colcon.colcon_ros.task.ament_cmake.build:Building ROS package in '/home/albert/ag_car_ws/src/car_nav2' with build type 'ament_cmake'
[0.520s] INFO:colcon.colcon_cmake.task.cmake.build:Building CMake package in '/home/albert/ag_car_ws/src/car_nav2'
[0.521s] INFO:colcon.colcon_core.shell:Skip shell extension 'powershell' for command environment: Not usable outside of PowerShell
[0.521s] DEBUG:colcon.colcon_core.shell:Skip shell extension 'dsv' for command environment
[0.541s] DEBUG:colcon.colcon_core.event_handler.log_command:Invoking command in '/home/albert/ag_car_ws/build/car_controller': CMAKE_PREFIX_PATH=${CMAKE_PREFIX_PATH}:/home/albert/rad_ws/install/agbot_teleop:/home/albert/rad_ws/install/agbot_py:/home/albert/ws_moveit2/install/moveit_configs_utils:/home/albert/ws_moveit2/install/launch_param_builder:/home/albert/umov_ws/install/arduino_py_examples:/home/albert/udem2_ws/install/actions_py:/home/albert/udem2_ws/install/lifecycle_py:/home/albert/udem2_ws/install/executors_py:/home/albert/udem2_ws/install/components_py:/home/albert/udem_ws/install/turtlesim_catcher:/home/albert/udem_ws/install/my_py_pkg:/home/albert/udem_ws/install/lifecycle_py:/home/albert/bcdc_ws/install/agbot_teleop:/home/albert/bcdc_ws/install/agbot_py:/home/albert/arduinobot_ws/install/arduinobot_py_examples:/opt/ros/humble /home/albert/.local/bin/cmake --build /home/albert/ag_car_ws/build/car_controller -- -j8 -l8
[0.548s] DEBUG:colcon.colcon_core.event_handler.log_command:Invoking command in '/home/albert/ag_car_ws/build/car_description': CMAKE_PREFIX_PATH=${CMAKE_PREFIX_PATH}:/home/albert/rad_ws/install/agbot_teleop:/home/albert/rad_ws/install/agbot_py:/home/albert/ws_moveit2/install/moveit_configs_utils:/home/albert/ws_moveit2/install/launch_param_builder:/home/albert/umov_ws/install/arduino_py_examples:/home/albert/udem2_ws/install/actions_py:/home/albert/udem2_ws/install/lifecycle_py:/home/albert/udem2_ws/install/executors_py:/home/albert/udem2_ws/install/components_py:/home/albert/udem_ws/install/turtlesim_catcher:/home/albert/udem_ws/install/my_py_pkg:/home/albert/udem_ws/install/lifecycle_py:/home/albert/bcdc_ws/install/agbot_teleop:/home/albert/bcdc_ws/install/agbot_py:/home/albert/arduinobot_ws/install/arduinobot_py_examples:/opt/ros/humble /home/albert/.local/bin/cmake --build /home/albert/ag_car_ws/build/car_description -- -j8 -l8
[0.552s] DEBUG:colcon.colcon_core.event_handler.log_command:Invoking command in '/home/albert/ag_car_ws/build/car_nav2': CMAKE_PREFIX_PATH=${CMAKE_PREFIX_PATH}:/home/albert/rad_ws/install/agbot_teleop:/home/albert/rad_ws/install/agbot_py:/home/albert/ws_moveit2/install/moveit_configs_utils:/home/albert/ws_moveit2/install/launch_param_builder:/home/albert/umov_ws/install/arduino_py_examples:/home/albert/udem2_ws/install/actions_py:/home/albert/udem2_ws/install/lifecycle_py:/home/albert/udem2_ws/install/executors_py:/home/albert/udem2_ws/install/components_py:/home/albert/udem_ws/install/turtlesim_catcher:/home/albert/udem_ws/install/my_py_pkg:/home/albert/udem_ws/install/lifecycle_py:/home/albert/bcdc_ws/install/agbot_teleop:/home/albert/bcdc_ws/install/agbot_py:/home/albert/arduinobot_ws/install/arduinobot_py_examples:/opt/ros/humble /home/albert/.local/bin/cmake /home/albert/ag_car_ws/src/car_nav2 -DCMAKE_INSTALL_PREFIX=/home/albert/ag_car_ws/install/car_nav2
[0.570s] DEBUG:colcon.colcon_core.event_handler.log_command:Invoked command in '/home/albert/ag_car_ws/build/car_description' returned '0': CMAKE_PREFIX_PATH=${CMAKE_PREFIX_PATH}:/home/albert/rad_ws/install/agbot_teleop:/home/albert/rad_ws/install/agbot_py:/home/albert/ws_moveit2/install/moveit_configs_utils:/home/albert/ws_moveit2/install/launch_param_builder:/home/albert/umov_ws/install/arduino_py_examples:/home/albert/udem2_ws/install/actions_py:/home/albert/udem2_ws/install/lifecycle_py:/home/albert/udem2_ws/install/executors_py:/home/albert/udem2_ws/install/components_py:/home/albert/udem_ws/install/turtlesim_catcher:/home/albert/udem_ws/install/my_py_pkg:/home/albert/udem_ws/install/lifecycle_py:/home/albert/bcdc_ws/install/agbot_teleop:/home/albert/bcdc_ws/install/agbot_py:/home/albert/arduinobot_ws/install/arduinobot_py_examples:/opt/ros/humble /home/albert/.local/bin/cmake --build /home/albert/ag_car_ws/build/car_description -- -j8 -l8
[0.572s] DEBUG:colcon.colcon_core.event_handler.log_command:Invoked command in '/home/albert/ag_car_ws/build/car_controller' returned '0': CMAKE_PREFIX_PATH=${CMAKE_PREFIX_PATH}:/home/albert/rad_ws/install/agbot_teleop:/home/albert/rad_ws/install/agbot_py:/home/albert/ws_moveit2/install/moveit_configs_utils:/home/albert/ws_moveit2/install/launch_param_builder:/home/albert/umov_ws/install/arduino_py_examples:/home/albert/udem2_ws/install/actions_py:/home/albert/udem2_ws/install/lifecycle_py:/home/albert/udem2_ws/install/executors_py:/home/albert/udem2_ws/install/components_py:/home/albert/udem_ws/install/turtlesim_catcher:/home/albert/udem_ws/install/my_py_pkg:/home/albert/udem_ws/install/lifecycle_py:/home/albert/bcdc_ws/install/agbot_teleop:/home/albert/bcdc_ws/install/agbot_py:/home/albert/arduinobot_ws/install/arduinobot_py_examples:/opt/ros/humble /home/albert/.local/bin/cmake --build /home/albert/ag_car_ws/build/car_controller -- -j8 -l8
[0.615s] DEBUG:colcon.colcon_core.event_handler.log_command:Invoking command in '/home/albert/ag_car_ws/build/car_description': CMAKE_PREFIX_PATH=${CMAKE_PREFIX_PATH}:/home/albert/rad_ws/install/agbot_teleop:/home/albert/rad_ws/install/agbot_py:/home/albert/ws_moveit2/install/moveit_configs_utils:/home/albert/ws_moveit2/install/launch_param_builder:/home/albert/umov_ws/install/arduino_py_examples:/home/albert/udem2_ws/install/actions_py:/home/albert/udem2_ws/install/lifecycle_py:/home/albert/udem2_ws/install/executors_py:/home/albert/udem2_ws/install/components_py:/home/albert/udem_ws/install/turtlesim_catcher:/home/albert/udem_ws/install/my_py_pkg:/home/albert/udem_ws/install/lifecycle_py:/home/albert/bcdc_ws/install/agbot_teleop:/home/albert/bcdc_ws/install/agbot_py:/home/albert/arduinobot_ws/install/arduinobot_py_examples:/opt/ros/humble /home/albert/.local/bin/cmake --install /home/albert/ag_car_ws/build/car_description
[0.618s] DEBUG:colcon.colcon_core.event_handler.log_command:Invoking command in '/home/albert/ag_car_ws/build/car_controller': CMAKE_PREFIX_PATH=${CMAKE_PREFIX_PATH}:/home/albert/rad_ws/install/agbot_teleop:/home/albert/rad_ws/install/agbot_py:/home/albert/ws_moveit2/install/moveit_configs_utils:/home/albert/ws_moveit2/install/launch_param_builder:/home/albert/umov_ws/install/arduino_py_examples:/home/albert/udem2_ws/install/actions_py:/home/albert/udem2_ws/install/lifecycle_py:/home/albert/udem2_ws/install/executors_py:/home/albert/udem2_ws/install/components_py:/home/albert/udem_ws/install/turtlesim_catcher:/home/albert/udem_ws/install/my_py_pkg:/home/albert/udem_ws/install/lifecycle_py:/home/albert/bcdc_ws/install/agbot_teleop:/home/albert/bcdc_ws/install/agbot_py:/home/albert/arduinobot_ws/install/arduinobot_py_examples:/opt/ros/humble /home/albert/.local/bin/cmake --install /home/albert/ag_car_ws/build/car_controller
[0.624s] Level 1:colcon.colcon_core.environment:create_environment_scripts_only(car_description)
[0.632s] DEBUG:colcon.colcon_core.event_handler.log_command:Invoked command in '/home/albert/ag_car_ws/build/car_description' returned '0': CMAKE_PREFIX_PATH=${CMAKE_PREFIX_PATH}:/home/albert/rad_ws/install/agbot_teleop:/home/albert/rad_ws/install/agbot_py:/home/albert/ws_moveit2/install/moveit_configs_utils:/home/albert/ws_moveit2/install/launch_param_builder:/home/albert/umov_ws/install/arduino_py_examples:/home/albert/udem2_ws/install/actions_py:/home/albert/udem2_ws/install/lifecycle_py:/home/albert/udem2_ws/install/executors_py:/home/albert/udem2_ws/install/components_py:/home/albert/udem_ws/install/turtlesim_catcher:/home/albert/udem_ws/install/my_py_pkg:/home/albert/udem_ws/install/lifecycle_py:/home/albert/bcdc_ws/install/agbot_teleop:/home/albert/bcdc_ws/install/agbot_py:/home/albert/arduinobot_ws/install/arduinobot_py_examples:/opt/ros/humble /home/albert/.local/bin/cmake --install /home/albert/ag_car_ws/build/car_description
[0.635s] Level 1:colcon.colcon_core.environment:checking '/home/albert/ag_car_ws/install/car_description' for CMake module files
[0.635s] Level 1:colcon.colcon_core.environment:checking '/home/albert/ag_car_ws/install/car_description' for CMake config files
[0.636s] Level 1:colcon.colcon_core.shell:create_environment_hook('car_description', 'cmake_prefix_path')
[0.636s] INFO:colcon.colcon_core.shell:Creating environment hook '/home/albert/ag_car_ws/install/car_description/share/car_description/hook/cmake_prefix_path.ps1'
[0.637s] INFO:colcon.colcon_core.shell:Creating environment descriptor '/home/albert/ag_car_ws/install/car_description/share/car_description/hook/cmake_prefix_path.dsv'
[0.637s] INFO:colcon.colcon_core.shell:Creating environment hook '/home/albert/ag_car_ws/install/car_description/share/car_description/hook/cmake_prefix_path.sh'
[0.638s] Level 1:colcon.colcon_core.environment:checking '/home/albert/ag_car_ws/install/car_description/bin'
[0.638s] Level 1:colcon.colcon_core.environment:checking '/home/albert/ag_car_ws/install/car_description/lib/pkgconfig/car_description.pc'
[0.639s] Level 1:colcon.colcon_core.environment:checking '/home/albert/ag_car_ws/install/car_description/lib/python3.10/site-packages'
[0.639s] Level 1:colcon.colcon_core.environment:checking '/home/albert/ag_car_ws/install/car_description/bin'
[0.639s] INFO:colcon.colcon_core.shell:Creating package script '/home/albert/ag_car_ws/install/car_description/share/car_description/package.ps1'
[0.640s] INFO:colcon.colcon_core.shell:Creating package descriptor '/home/albert/ag_car_ws/install/car_description/share/car_description/package.dsv'
[0.640s] INFO:colcon.colcon_core.shell:Creating package script '/home/albert/ag_car_ws/install/car_description/share/car_description/package.sh'
[0.641s] INFO:colcon.colcon_core.shell:Creating package script '/home/albert/ag_car_ws/install/car_description/share/car_description/package.bash'
[0.642s] INFO:colcon.colcon_core.shell:Creating package script '/home/albert/ag_car_ws/install/car_description/share/car_description/package.zsh'
[0.642s] Level 1:colcon.colcon_core.environment:create_file_with_runtime_dependencies(/home/albert/ag_car_ws/install/car_description/share/colcon-core/packages/car_description)
[0.644s] Level 1:colcon.colcon_core.environment:create_environment_scripts_only(car_controller)
[0.644s] Level 1:colcon.colcon_core.environment:checking '/home/albert/ag_car_ws/install/car_controller' for CMake module files
[0.645s] DEBUG:colcon.colcon_core.event_handler.log_command:Invoked command in '/home/albert/ag_car_ws/build/car_controller' returned '0': CMAKE_PREFIX_PATH=${CMAKE_PREFIX_PATH}:/home/albert/rad_ws/install/agbot_teleop:/home/albert/rad_ws/install/agbot_py:/home/albert/ws_moveit2/install/moveit_configs_utils:/home/albert/ws_moveit2/install/launch_param_builder:/home/albert/umov_ws/install/arduino_py_examples:/home/albert/udem2_ws/install/actions_py:/home/albert/udem2_ws/install/lifecycle_py:/home/albert/udem2_ws/install/executors_py:/home/albert/udem2_ws/install/components_py:/home/albert/udem_ws/install/turtlesim_catcher:/home/albert/udem_ws/install/my_py_pkg:/home/albert/udem_ws/install/lifecycle_py:/home/albert/bcdc_ws/install/agbot_teleop:/home/albert/bcdc_ws/install/agbot_py:/home/albert/arduinobot_ws/install/arduinobot_py_examples:/opt/ros/humble /home/albert/.local/bin/cmake --install /home/albert/ag_car_ws/build/car_controller
[0.645s] Level 1:colcon.colcon_core.environment:checking '/home/albert/ag_car_ws/install/car_controller' for CMake config files
[0.646s] Level 1:colcon.colcon_core.shell:create_environment_hook('car_controller', 'cmake_prefix_path')
[0.646s] INFO:colcon.colcon_core.shell:Creating environment hook '/home/albert/ag_car_ws/install/car_controller/share/car_controller/hook/cmake_prefix_path.ps1'
[0.646s] INFO:colcon.colcon_core.shell:Creating environment descriptor '/home/albert/ag_car_ws/install/car_controller/share/car_controller/hook/cmake_prefix_path.dsv'
[0.647s] INFO:colcon.colcon_core.shell:Creating environment hook '/home/albert/ag_car_ws/install/car_controller/share/car_controller/hook/cmake_prefix_path.sh'
[0.647s] Level 1:colcon.colcon_core.environment:checking '/home/albert/ag_car_ws/install/car_controller/bin'
[0.647s] Level 1:colcon.colcon_core.environment:checking '/home/albert/ag_car_ws/install/car_controller/lib/pkgconfig/car_controller.pc'
[0.647s] Level 1:colcon.colcon_core.environment:checking '/home/albert/ag_car_ws/install/car_controller/lib/python3.10/site-packages'
[0.647s] Level 1:colcon.colcon_core.environment:checking '/home/albert/ag_car_ws/install/car_controller/bin'
[0.648s] INFO:colcon.colcon_core.shell:Creating package script '/home/albert/ag_car_ws/install/car_controller/share/car_controller/package.ps1'
[0.648s] INFO:colcon.colcon_core.shell:Creating package descriptor '/home/albert/ag_car_ws/install/car_controller/share/car_controller/package.dsv'
[0.648s] INFO:colcon.colcon_core.shell:Creating package script '/home/albert/ag_car_ws/install/car_controller/share/car_controller/package.sh'
[0.649s] INFO:colcon.colcon_core.shell:Creating package script '/home/albert/ag_car_ws/install/car_controller/share/car_controller/package.bash'
[0.649s] INFO:colcon.colcon_core.shell:Creating package script '/home/albert/ag_car_ws/install/car_controller/share/car_controller/package.zsh'
[0.649s] Level 1:colcon.colcon_core.environment:create_file_with_runtime_dependencies(/home/albert/ag_car_ws/install/car_controller/share/colcon-core/packages/car_controller)
[0.681s] Level 1:colcon.colcon_core.environment:create_environment_scripts_only(car_description)
[0.681s] Level 1:colcon.colcon_core.environment:checking '/home/albert/ag_car_ws/install/car_description' for CMake module files
[0.682s] Level 1:colcon.colcon_core.environment:checking '/home/albert/ag_car_ws/install/car_description' for CMake config files
[0.682s] Level 1:colcon.colcon_core.shell:create_environment_hook('car_description', 'cmake_prefix_path')
[0.683s] INFO:colcon.colcon_core.shell:Creating environment hook '/home/albert/ag_car_ws/install/car_description/share/car_description/hook/cmake_prefix_path.ps1'
[0.683s] INFO:colcon.colcon_core.shell:Creating environment descriptor '/home/albert/ag_car_ws/install/car_description/share/car_description/hook/cmake_prefix_path.dsv'
[0.684s] INFO:colcon.colcon_core.shell:Creating environment hook '/home/albert/ag_car_ws/install/car_description/share/car_description/hook/cmake_prefix_path.sh'
[0.685s] Level 1:colcon.colcon_core.environment:checking '/home/albert/ag_car_ws/install/car_description/bin'
[0.685s] Level 1:colcon.colcon_core.environment:checking '/home/albert/ag_car_ws/install/car_description/lib/pkgconfig/car_description.pc'
[0.685s] Level 1:colcon.colcon_core.environment:checking '/home/albert/ag_car_ws/install/car_description/lib/python3.10/site-packages'
[0.685s] Level 1:colcon.colcon_core.environment:checking '/home/albert/ag_car_ws/install/car_description/bin'
[0.686s] INFO:colcon.colcon_core.shell:Creating package script '/home/albert/ag_car_ws/install/car_description/share/car_description/package.ps1'
[0.687s] INFO:colcon.colcon_core.shell:Creating package descriptor '/home/albert/ag_car_ws/install/car_description/share/car_description/package.dsv'
[0.687s] INFO:colcon.colcon_core.shell:Creating package script '/home/albert/ag_car_ws/install/car_description/share/car_description/package.sh'
[0.688s] INFO:colcon.colcon_core.shell:Creating package script '/home/albert/ag_car_ws/install/car_description/share/car_description/package.bash'
[0.689s] INFO:colcon.colcon_core.shell:Creating package script '/home/albert/ag_car_ws/install/car_description/share/car_description/package.zsh'
[0.689s] Level 1:colcon.colcon_core.environment:create_file_with_runtime_dependencies(/home/albert/ag_car_ws/install/car_description/share/colcon-core/packages/car_description)
[0.691s] Level 1:colcon.colcon_core.environment:create_environment_scripts_only(car_controller)
[0.691s] Level 1:colcon.colcon_core.environment:checking '/home/albert/ag_car_ws/install/car_controller' for CMake module files
[0.692s] Level 1:colcon.colcon_core.environment:checking '/home/albert/ag_car_ws/install/car_controller' for CMake config files
[0.692s] Level 1:colcon.colcon_core.shell:create_environment_hook('car_controller', 'cmake_prefix_path')
[0.692s] INFO:colcon.colcon_core.shell:Creating environment hook '/home/albert/ag_car_ws/install/car_controller/share/car_controller/hook/cmake_prefix_path.ps1'
[0.693s] INFO:colcon.colcon_core.shell:Creating environment descriptor '/home/albert/ag_car_ws/install/car_controller/share/car_controller/hook/cmake_prefix_path.dsv'
[0.693s] INFO:colcon.colcon_core.shell:Creating environment hook '/home/albert/ag_car_ws/install/car_controller/share/car_controller/hook/cmake_prefix_path.sh'
[0.694s] Level 1:colcon.colcon_core.environment:checking '/home/albert/ag_car_ws/install/car_controller/bin'
[0.694s] Level 1:colcon.colcon_core.environment:checking '/home/albert/ag_car_ws/install/car_controller/lib/pkgconfig/car_controller.pc'
[0.694s] Level 1:colcon.colcon_core.environment:checking '/home/albert/ag_car_ws/install/car_controller/lib/python3.10/site-packages'
[0.695s] Level 1:colcon.colcon_core.environment:checking '/home/albert/ag_car_ws/install/car_controller/bin'
[0.695s] INFO:colcon.colcon_core.shell:Creating package script '/home/albert/ag_car_ws/install/car_controller/share/car_controller/package.ps1'
[0.696s] INFO:colcon.colcon_core.shell:Creating package descriptor '/home/albert/ag_car_ws/install/car_controller/share/car_controller/package.dsv'
[0.696s] INFO:colcon.colcon_core.shell:Creating package script '/home/albert/ag_car_ws/install/car_controller/share/car_controller/package.sh'
[0.697s] INFO:colcon.colcon_core.shell:Creating package script '/home/albert/ag_car_ws/install/car_controller/share/car_controller/package.bash'
[0.697s] INFO:colcon.colcon_core.shell:Creating package script '/home/albert/ag_car_ws/install/car_controller/share/car_controller/package.zsh'
[0.698s] Level 1:colcon.colcon_core.environment:create_file_with_runtime_dependencies(/home/albert/ag_car_ws/install/car_controller/share/colcon-core/packages/car_controller)
[1.670s] DEBUG:colcon.colcon_core.event_handler.log_command:Invoked command in '/home/albert/ag_car_ws/build/car_nav2' returned '0': CMAKE_PREFIX_PATH=${CMAKE_PREFIX_PATH}:/home/albert/rad_ws/install/agbot_teleop:/home/albert/rad_ws/install/agbot_py:/home/albert/ws_moveit2/install/moveit_configs_utils:/home/albert/ws_moveit2/install/launch_param_builder:/home/albert/umov_ws/install/arduino_py_examples:/home/albert/udem2_ws/install/actions_py:/home/albert/udem2_ws/install/lifecycle_py:/home/albert/udem2_ws/install/executors_py:/home/albert/udem2_ws/install/components_py:/home/albert/udem_ws/install/turtlesim_catcher:/home/albert/udem_ws/install/my_py_pkg:/home/albert/udem_ws/install/lifecycle_py:/home/albert/bcdc_ws/install/agbot_teleop:/home/albert/bcdc_ws/install/agbot_py:/home/albert/arduinobot_ws/install/arduinobot_py_examples:/opt/ros/humble /home/albert/.local/bin/cmake /home/albert/ag_car_ws/src/car_nav2 -DCMAKE_INSTALL_PREFIX=/home/albert/ag_car_ws/install/car_nav2
[1.672s] DEBUG:colcon.colcon_core.event_handler.log_command:Invoking command in '/home/albert/ag_car_ws/build/car_nav2': CMAKE_PREFIX_PATH=${CMAKE_PREFIX_PATH}:/home/albert/rad_ws/install/agbot_teleop:/home/albert/rad_ws/install/agbot_py:/home/albert/ws_moveit2/install/moveit_configs_utils:/home/albert/ws_moveit2/install/launch_param_builder:/home/albert/umov_ws/install/arduino_py_examples:/home/albert/udem2_ws/install/actions_py:/home/albert/udem2_ws/install/lifecycle_py:/home/albert/udem2_ws/install/executors_py:/home/albert/udem2_ws/install/components_py:/home/albert/udem_ws/install/turtlesim_catcher:/home/albert/udem_ws/install/my_py_pkg:/home/albert/udem_ws/install/lifecycle_py:/home/albert/bcdc_ws/install/agbot_teleop:/home/albert/bcdc_ws/install/agbot_py:/home/albert/arduinobot_ws/install/arduinobot_py_examples:/opt/ros/humble /home/albert/.local/bin/cmake --build /home/albert/ag_car_ws/build/car_nav2 -- -j8 -l8
[1.694s] DEBUG:colcon.colcon_core.event_handler.log_command:Invoked command in '/home/albert/ag_car_ws/build/car_nav2' returned '0': CMAKE_PREFIX_PATH=${CMAKE_PREFIX_PATH}:/home/albert/rad_ws/install/agbot_teleop:/home/albert/rad_ws/install/agbot_py:/home/albert/ws_moveit2/install/moveit_configs_utils:/home/albert/ws_moveit2/install/launch_param_builder:/home/albert/umov_ws/install/arduino_py_examples:/home/albert/udem2_ws/install/actions_py:/home/albert/udem2_ws/install/lifecycle_py:/home/albert/udem2_ws/install/executors_py:/home/albert/udem2_ws/install/components_py:/home/albert/udem_ws/install/turtlesim_catcher:/home/albert/udem_ws/install/my_py_pkg:/home/albert/udem_ws/install/lifecycle_py:/home/albert/bcdc_ws/install/agbot_teleop:/home/albert/bcdc_ws/install/agbot_py:/home/albert/arduinobot_ws/install/arduinobot_py_examples:/opt/ros/humble /home/albert/.local/bin/cmake --build /home/albert/ag_car_ws/build/car_nav2 -- -j8 -l8
[1.734s] DEBUG:colcon.colcon_core.event_handler.log_command:Invoking command in '/home/albert/ag_car_ws/build/car_nav2': CMAKE_PREFIX_PATH=${CMAKE_PREFIX_PATH}:/home/albert/rad_ws/install/agbot_teleop:/home/albert/rad_ws/install/agbot_py:/home/albert/ws_moveit2/install/moveit_configs_utils:/home/albert/ws_moveit2/install/launch_param_builder:/home/albert/umov_ws/install/arduino_py_examples:/home/albert/udem2_ws/install/actions_py:/home/albert/udem2_ws/install/lifecycle_py:/home/albert/udem2_ws/install/executors_py:/home/albert/udem2_ws/install/components_py:/home/albert/udem_ws/install/turtlesim_catcher:/home/albert/udem_ws/install/my_py_pkg:/home/albert/udem_ws/install/lifecycle_py:/home/albert/bcdc_ws/install/agbot_teleop:/home/albert/bcdc_ws/install/agbot_py:/home/albert/arduinobot_ws/install/arduinobot_py_examples:/opt/ros/humble /home/albert/.local/bin/cmake --install /home/albert/ag_car_ws/build/car_nav2
[1.741s] Level 1:colcon.colcon_core.environment:create_environment_scripts_only(car_nav2)
[1.742s] Level 1:colcon.colcon_core.environment:checking '/home/albert/ag_car_ws/install/car_nav2' for CMake module files
[1.742s] DEBUG:colcon.colcon_core.event_handler.log_command:Invoked command in '/home/albert/ag_car_ws/build/car_nav2' returned '0': CMAKE_PREFIX_PATH=${CMAKE_PREFIX_PATH}:/home/albert/rad_ws/install/agbot_teleop:/home/albert/rad_ws/install/agbot_py:/home/albert/ws_moveit2/install/moveit_configs_utils:/home/albert/ws_moveit2/install/launch_param_builder:/home/albert/umov_ws/install/arduino_py_examples:/home/albert/udem2_ws/install/actions_py:/home/albert/udem2_ws/install/lifecycle_py:/home/albert/udem2_ws/install/executors_py:/home/albert/udem2_ws/install/components_py:/home/albert/udem_ws/install/turtlesim_catcher:/home/albert/udem_ws/install/my_py_pkg:/home/albert/udem_ws/install/lifecycle_py:/home/albert/bcdc_ws/install/agbot_teleop:/home/albert/bcdc_ws/install/agbot_py:/home/albert/arduinobot_ws/install/arduinobot_py_examples:/opt/ros/humble /home/albert/.local/bin/cmake --install /home/albert/ag_car_ws/build/car_nav2
[1.742s] Level 1:colcon.colcon_core.environment:checking '/home/albert/ag_car_ws/install/car_nav2' for CMake config files
[1.743s] Level 1:colcon.colcon_core.shell:create_environment_hook('car_nav2', 'cmake_prefix_path')
[1.743s] INFO:colcon.colcon_core.shell:Creating environment hook '/home/albert/ag_car_ws/install/car_nav2/share/car_nav2/hook/cmake_prefix_path.ps1'
[1.743s] INFO:colcon.colcon_core.shell:Creating environment descriptor '/home/albert/ag_car_ws/install/car_nav2/share/car_nav2/hook/cmake_prefix_path.dsv'
[1.744s] INFO:colcon.colcon_core.shell:Creating environment hook '/home/albert/ag_car_ws/install/car_nav2/share/car_nav2/hook/cmake_prefix_path.sh'
[1.744s] Level 1:colcon.colcon_core.environment:checking '/home/albert/ag_car_ws/install/car_nav2/bin'
[1.744s] Level 1:colcon.colcon_core.environment:checking '/home/albert/ag_car_ws/install/car_nav2/lib/pkgconfig/car_nav2.pc'
[1.744s] Level 1:colcon.colcon_core.environment:checking '/home/albert/ag_car_ws/install/car_nav2/lib/python3.10/site-packages'
[1.744s] Level 1:colcon.colcon_core.environment:checking '/home/albert/ag_car_ws/install/car_nav2/bin'
[1.745s] INFO:colcon.colcon_core.shell:Creating package script '/home/albert/ag_car_ws/install/car_nav2/share/car_nav2/package.ps1'
[1.745s] INFO:colcon.colcon_core.shell:Creating package descriptor '/home/albert/ag_car_ws/install/car_nav2/share/car_nav2/package.dsv'
[1.745s] INFO:colcon.colcon_core.shell:Creating package script '/home/albert/ag_car_ws/install/car_nav2/share/car_nav2/package.sh'
[1.746s] INFO:colcon.colcon_core.shell:Creating package script '/home/albert/ag_car_ws/install/car_nav2/share/car_nav2/package.bash'
[1.746s] INFO:colcon.colcon_core.shell:Creating package script '/home/albert/ag_car_ws/install/car_nav2/share/car_nav2/package.zsh'
[1.746s] Level 1:colcon.colcon_core.environment:create_file_with_runtime_dependencies(/home/albert/ag_car_ws/install/car_nav2/share/colcon-core/packages/car_nav2)
[1.786s] Level 1:colcon.colcon_core.environment:create_environment_scripts_only(car_nav2)
[1.786s] Level 1:colcon.colcon_core.environment:checking '/home/albert/ag_car_ws/install/car_nav2' for CMake module files
[1.787s] Level 1:colcon.colcon_core.environment:checking '/home/albert/ag_car_ws/install/car_nav2' for CMake config files
[1.787s] Level 1:colcon.colcon_core.shell:create_environment_hook('car_nav2', 'cmake_prefix_path')
[1.788s] INFO:colcon.colcon_core.shell:Creating environment hook '/home/albert/ag_car_ws/install/car_nav2/share/car_nav2/hook/cmake_prefix_path.ps1'
[1.788s] INFO:colcon.colcon_core.shell:Creating environment descriptor '/home/albert/ag_car_ws/install/car_nav2/share/car_nav2/hook/cmake_prefix_path.dsv'
[1.788s] INFO:colcon.colcon_core.shell:Creating environment hook '/home/albert/ag_car_ws/install/car_nav2/share/car_nav2/hook/cmake_prefix_path.sh'
[1.789s] Level 1:colcon.colcon_core.environment:checking '/home/albert/ag_car_ws/install/car_nav2/bin'
[1.789s] Level 1:colcon.colcon_core.environment:checking '/home/albert/ag_car_ws/install/car_nav2/lib/pkgconfig/car_nav2.pc'
[1.789s] Level 1:colcon.colcon_core.environment:checking '/home/albert/ag_car_ws/install/car_nav2/lib/python3.10/site-packages'
[1.790s] Level 1:colcon.colcon_core.environment:checking '/home/albert/ag_car_ws/install/car_nav2/bin'
[1.790s] INFO:colcon.colcon_core.shell:Creating package script '/home/albert/ag_car_ws/install/car_nav2/share/car_nav2/package.ps1'
[1.791s] INFO:colcon.colcon_core.shell:Creating package descriptor '/home/albert/ag_car_ws/install/car_nav2/share/car_nav2/package.dsv'
[1.791s] INFO:colcon.colcon_core.shell:Creating package script '/home/albert/ag_car_ws/install/car_nav2/share/car_nav2/package.sh'
[1.791s] INFO:colcon.colcon_core.shell:Creating package script '/home/albert/ag_car_ws/install/car_nav2/share/car_nav2/package.bash'
[1.792s] INFO:colcon.colcon_core.shell:Creating package script '/home/albert/ag_car_ws/install/car_nav2/share/car_nav2/package.zsh'
[1.792s] Level 1:colcon.colcon_core.environment:create_file_with_runtime_dependencies(/home/albert/ag_car_ws/install/car_nav2/share/colcon-core/packages/car_nav2)
[1.792s] DEBUG:colcon.colcon_parallel_executor.executor.parallel:closing loop
[1.793s] DEBUG:colcon.colcon_parallel_executor.executor.parallel:loop closed
[1.793s] DEBUG:colcon.colcon_parallel_executor.executor.parallel:run_until_complete finished with '0'
[1.793s] DEBUG:colcon.colcon_core.event_reactor:joining thread
[1.799s] INFO:colcon.colcon_core.plugin_system:Skipping extension 'colcon_notification.desktop_notification.terminal_notifier': Not used on non-Darwin systems
[1.799s] INFO:colcon.colcon_core.plugin_system:Skipping extension 'colcon_notification.desktop_notification.win32': Not used on non-Windows systems
[1.799s] INFO:colcon.colcon_notification.desktop_notification:Sending desktop notification using 'notify2'
[1.808s] DEBUG:colcon.colcon_core.event_reactor:joined thread
[1.809s] INFO:colcon.colcon_core.shell:Creating prefix script '/home/albert/ag_car_ws/install/local_setup.ps1'
[1.809s] INFO:colcon.colcon_core.shell:Creating prefix util module '/home/albert/ag_car_ws/install/_local_setup_util_ps1.py'
[1.810s] INFO:colcon.colcon_core.shell:Creating prefix chain script '/home/albert/ag_car_ws/install/setup.ps1'
[1.817s] INFO:colcon.colcon_core.shell:Creating prefix script '/home/albert/ag_car_ws/install/local_setup.sh'
[1.817s] INFO:colcon.colcon_core.shell:Creating prefix util module '/home/albert/ag_car_ws/install/_local_setup_util_sh.py'
[1.818s] INFO:colcon.colcon_core.shell:Creating prefix chain script '/home/albert/ag_car_ws/install/setup.sh'
[1.825s] INFO:colcon.colcon_core.shell:Creating prefix script '/home/albert/ag_car_ws/install/local_setup.bash'
[1.825s] INFO:colcon.colcon_core.shell:Creating prefix chain script '/home/albert/ag_car_ws/install/setup.bash'
[1.832s] INFO:colcon.colcon_core.shell:Creating prefix script '/home/albert/ag_car_ws/install/local_setup.zsh'
[1.832s] INFO:colcon.colcon_core.shell:Creating prefix chain script '/home/albert/ag_car_ws/install/setup.zsh'
