[0.037s] Invoking command in '/home/albert/ag_car_ws/src/build/car_nav2': CMAKE_PREFIX_PATH=${CMAKE_PREFIX_PATH}:/home/albert/rad_ws/install/agbot_teleop:/home/albert/rad_ws/install/agbot_py:/home/albert/ws_moveit2/install/moveit_configs_utils:/home/albert/ws_moveit2/install/launch_param_builder:/home/albert/umov_ws/install/arduino_py_examples:/home/albert/udem2_ws/install/actions_py:/home/albert/udem2_ws/install/lifecycle_py:/home/albert/udem2_ws/install/executors_py:/home/albert/udem2_ws/install/components_py:/home/albert/udem_ws/install/turtlesim_catcher:/home/albert/udem_ws/install/my_py_pkg:/home/albert/udem_ws/install/lifecycle_py:/home/albert/bcdc_ws/install/agbot_teleop:/home/albert/bcdc_ws/install/agbot_py:/home/albert/arduinobot_ws/install/arduinobot_py_examples:/opt/ros/humble /home/albert/.local/bin/cmake --build /home/albert/ag_car_ws/src/build/car_nav2 -- -j8 -l8
[0.055s] -- Found ament_cmake: 1.3.10 (/opt/ros/humble/share/ament_cmake/cmake)
[0.372s] -- Found ament_lint_auto: 0.12.11 (/opt/ros/humble/share/ament_lint_auto/cmake)
[0.498s] -- Added test 'flake8' to check Python code syntax and style conventions
[0.502s] -- Added test 'lint_cmake' to check CMake code style
[0.503s] -- Added test 'pep257' to check Python code against some of the docstring style conventions in PEP 257
[0.512s] -- Added test 'xmllint' to check XML markup files
[0.513s] -- Configuring done (0.5s)
[0.518s] -- Generating done (0.0s)
[0.519s] -- Build files have been written to: /home/albert/ag_car_ws/src/build/car_nav2
[0.538s] Invoked command in '/home/albert/ag_car_ws/src/build/car_nav2' returned '0': CMAKE_PREFIX_PATH=${CMAKE_PREFIX_PATH}:/home/albert/rad_ws/install/agbot_teleop:/home/albert/rad_ws/install/agbot_py:/home/albert/ws_moveit2/install/moveit_configs_utils:/home/albert/ws_moveit2/install/launch_param_builder:/home/albert/umov_ws/install/arduino_py_examples:/home/albert/udem2_ws/install/actions_py:/home/albert/udem2_ws/install/lifecycle_py:/home/albert/udem2_ws/install/executors_py:/home/albert/udem2_ws/install/components_py:/home/albert/udem_ws/install/turtlesim_catcher:/home/albert/udem_ws/install/my_py_pkg:/home/albert/udem_ws/install/lifecycle_py:/home/albert/bcdc_ws/install/agbot_teleop:/home/albert/bcdc_ws/install/agbot_py:/home/albert/arduinobot_ws/install/arduinobot_py_examples:/opt/ros/humble /home/albert/.local/bin/cmake --build /home/albert/ag_car_ws/src/build/car_nav2 -- -j8 -l8
[0.588s] Invoking command in '/home/albert/ag_car_ws/src/build/car_nav2': CMAKE_PREFIX_PATH=${CMAKE_PREFIX_PATH}:/home/albert/rad_ws/install/agbot_teleop:/home/albert/rad_ws/install/agbot_py:/home/albert/ws_moveit2/install/moveit_configs_utils:/home/albert/ws_moveit2/install/launch_param_builder:/home/albert/umov_ws/install/arduino_py_examples:/home/albert/udem2_ws/install/actions_py:/home/albert/udem2_ws/install/lifecycle_py:/home/albert/udem2_ws/install/executors_py:/home/albert/udem2_ws/install/components_py:/home/albert/udem_ws/install/turtlesim_catcher:/home/albert/udem_ws/install/my_py_pkg:/home/albert/udem_ws/install/lifecycle_py:/home/albert/bcdc_ws/install/agbot_teleop:/home/albert/bcdc_ws/install/agbot_py:/home/albert/arduinobot_ws/install/arduinobot_py_examples:/opt/ros/humble /home/albert/.local/bin/cmake --install /home/albert/ag_car_ws/src/build/car_nav2
[0.595s] -- Install configuration: ""
[0.595s] -- Installing: /home/albert/ag_car_ws/src/install/car_nav2/share/car_nav2/launch
[0.595s] -- Installing: /home/albert/ag_car_ws/src/install/car_nav2/share/car_nav2/launch/car_nav2.launch.py
[0.595s] -- Installing: /home/albert/ag_car_ws/src/install/car_nav2/share/car_nav2/map
[0.595s] -- Installing: /home/albert/ag_car_ws/src/install/car_nav2/share/car_nav2/map/home.pgm
[0.596s] -- Installing: /home/albert/ag_car_ws/src/install/car_nav2/share/car_nav2/map/home.yaml
[0.596s] -- Installing: /home/albert/ag_car_ws/src/install/car_nav2/share/car_nav2/param
[0.596s] -- Installing: /home/albert/ag_car_ws/src/install/car_nav2/share/car_nav2/param/car_nav2.yaml
[0.596s] -- Installing: /home/albert/ag_car_ws/src/install/car_nav2/share/car_nav2/rviz
[0.596s] -- Installing: /home/albert/ag_car_ws/src/install/car_nav2/share/car_nav2/rviz/car_config.rviz
[0.597s] -- Installing: /home/albert/ag_car_ws/src/install/car_nav2/share/ament_index/resource_index/package_run_dependencies/car_nav2
[0.597s] -- Up-to-date: /home/albert/ag_car_ws/src/install/car_nav2/share/ament_index/resource_index/parent_prefix_path/car_nav2
[0.597s] -- Up-to-date: /home/albert/ag_car_ws/src/install/car_nav2/share/car_nav2/environment/ament_prefix_path.sh
[0.597s] -- Installing: /home/albert/ag_car_ws/src/install/car_nav2/share/car_nav2/environment/ament_prefix_path.dsv
[0.597s] -- Up-to-date: /home/albert/ag_car_ws/src/install/car_nav2/share/car_nav2/environment/path.sh
[0.597s] -- Installing: /home/albert/ag_car_ws/src/install/car_nav2/share/car_nav2/environment/path.dsv
[0.598s] -- Up-to-date: /home/albert/ag_car_ws/src/install/car_nav2/share/car_nav2/local_setup.bash
[0.598s] -- Up-to-date: /home/albert/ag_car_ws/src/install/car_nav2/share/car_nav2/local_setup.sh
[0.598s] -- Up-to-date: /home/albert/ag_car_ws/src/install/car_nav2/share/car_nav2/local_setup.zsh
[0.598s] -- Installing: /home/albert/ag_car_ws/src/install/car_nav2/share/car_nav2/local_setup.dsv
[0.598s] -- Installing: /home/albert/ag_car_ws/src/install/car_nav2/share/car_nav2/package.dsv
[0.598s] -- Up-to-date: /home/albert/ag_car_ws/src/install/car_nav2/share/ament_index/resource_index/packages/car_nav2
[0.598s] -- Up-to-date: /home/albert/ag_car_ws/src/install/car_nav2/share/car_nav2/cmake/car_nav2Config.cmake
[0.598s] -- Up-to-date: /home/albert/ag_car_ws/src/install/car_nav2/share/car_nav2/cmake/car_nav2Config-version.cmake
[0.599s] -- Installing: /home/albert/ag_car_ws/src/install/car_nav2/share/car_nav2/package.xml
[0.600s] Invoked command in '/home/albert/ag_car_ws/src/build/car_nav2' returned '0': CMAKE_PREFIX_PATH=${CMAKE_PREFIX_PATH}:/home/albert/rad_ws/install/agbot_teleop:/home/albert/rad_ws/install/agbot_py:/home/albert/ws_moveit2/install/moveit_configs_utils:/home/albert/ws_moveit2/install/launch_param_builder:/home/albert/umov_ws/install/arduino_py_examples:/home/albert/udem2_ws/install/actions_py:/home/albert/udem2_ws/install/lifecycle_py:/home/albert/udem2_ws/install/executors_py:/home/albert/udem2_ws/install/components_py:/home/albert/udem_ws/install/turtlesim_catcher:/home/albert/udem_ws/install/my_py_pkg:/home/albert/udem_ws/install/lifecycle_py:/home/albert/bcdc_ws/install/agbot_teleop:/home/albert/bcdc_ws/install/agbot_py:/home/albert/arduinobot_ws/install/arduinobot_py_examples:/opt/ros/humble /home/albert/.local/bin/cmake --install /home/albert/ag_car_ws/src/build/car_nav2
